<?xml version="1.0" encoding="UTF-8"?>
<coverage generated="1657380960675" clover="3.2.0">
  <project timestamp="1657380960675" name="All files">
    <metrics statements="1483" coveredstatements="932" conditionals="883" coveredconditionals="393" methods="324" coveredmethods="240" elements="2690" coveredelements="1565" complexity="0" loc="1483" ncloc="1483" packages="3" files="8" classes="8"/>
    <package name="ast">
      <metrics statements="1094" coveredstatements="707" conditionals="677" coveredconditionals="295" methods="228" coveredmethods="180"/>
      <file name="docker-bash-parser.ts" path="/Users/tdurieux/git/dockerfile-debloat/lib/ast/docker-bash-parser.ts">
        <metrics statements="193" coveredstatements="118" conditionals="83" coveredconditionals="36" methods="6" coveredmethods="6"/>
        <line num="1" count="1" type="stmt"/>
        <line num="2" count="1" type="stmt"/>
        <line num="4" count="1" type="stmt"/>
        <line num="6" count="1" type="stmt"/>
        <line num="69" count="1669" type="cond" truecount="1" falsecount="0"/>
        <line num="70" count="1597" type="stmt"/>
        <line num="71" count="1597" type="stmt"/>
        <line num="79" count="72" type="stmt"/>
        <line num="80" count="72" type="stmt"/>
        <line num="83" count="438" type="stmt"/>
        <line num="84" count="108" type="stmt"/>
        <line num="86" count="219" type="stmt"/>
        <line num="89" count="1283" type="cond" truecount="0" falsecount="1"/>
        <line num="90" count="0" type="stmt"/>
        <line num="92" count="1283" type="cond" truecount="0" falsecount="1"/>
        <line num="93" count="0" type="stmt"/>
        <line num="95" count="1283" type="stmt"/>
        <line num="96" count="1283" type="cond" truecount="21" falsecount="37"/>
        <line num="98" count="0" type="stmt"/>
        <line num="99" count="0" type="stmt"/>
        <line num="101" count="0" type="stmt"/>
        <line num="102" count="0" type="stmt"/>
        <line num="106" count="0" type="stmt"/>
        <line num="107" count="0" type="stmt"/>
        <line num="109" count="0" type="stmt"/>
        <line num="110" count="0" type="stmt"/>
        <line num="111" count="0" type="stmt"/>
        <line num="112" count="0" type="stmt"/>
        <line num="114" count="0" type="stmt"/>
        <line num="116" count="7" type="stmt"/>
        <line num="117" count="7" type="stmt"/>
        <line num="124" count="7" type="cond" truecount="1" falsecount="0"/>
        <line num="125" count="7" type="stmt"/>
        <line num="131" count="7" type="stmt"/>
        <line num="133" count="0" type="stmt"/>
        <line num="134" count="0" type="stmt"/>
        <line num="137" count="0" type="stmt"/>
        <line num="138" count="0" type="stmt"/>
        <line num="156" count="51" type="stmt"/>
        <line num="157" count="51" type="stmt"/>
        <line num="175" count="3" type="stmt"/>
        <line num="176" count="3" type="stmt"/>
        <line num="178" count="117" type="stmt"/>
        <line num="179" count="117" type="stmt"/>
        <line num="180" count="117" type="stmt"/>
        <line num="181" count="7" type="stmt"/>
        <line num="182" count="7" type="stmt"/>
        <line num="188" count="117" type="cond" truecount="1" falsecount="0"/>
        <line num="189" count="110" type="stmt"/>
        <line num="194" count="110" type="stmt"/>
        <line num="195" count="236" type="stmt"/>
        <line num="196" count="236" type="stmt"/>
        <line num="203" count="117" type="stmt"/>
        <line num="205" count="2" type="stmt"/>
        <line num="206" count="2" type="stmt"/>
        <line num="215" count="3" type="stmt"/>
        <line num="216" count="3" type="stmt"/>
        <line num="224" count="10" type="stmt"/>
        <line num="225" count="10" type="stmt"/>
        <line num="230" count="0" type="stmt"/>
        <line num="231" count="0" type="stmt"/>
        <line num="234" count="0" type="stmt"/>
        <line num="236" count="30" type="stmt"/>
        <line num="237" count="30" type="stmt"/>
        <line num="240" count="43" type="stmt"/>
        <line num="241" count="43" type="stmt"/>
        <line num="242" count="43" type="stmt"/>
        <line num="243" count="72" type="stmt"/>
        <line num="245" count="43" type="stmt"/>
        <line num="248" count="11" type="stmt"/>
        <line num="253" count="2" type="stmt"/>
        <line num="254" count="2" type="stmt"/>
        <line num="256" count="2" type="stmt"/>
        <line num="267" count="0" type="stmt"/>
        <line num="268" count="0" type="stmt"/>
        <line num="282" count="4" type="stmt"/>
        <line num="283" count="4" type="stmt"/>
        <line num="284" count="4" type="stmt"/>
        <line num="297" count="4" type="cond" truecount="1" falsecount="0"/>
        <line num="298" count="1" type="stmt"/>
        <line num="304" count="4" type="stmt"/>
        <line num="307" count="380" type="stmt"/>
        <line num="308" count="380" type="stmt"/>
        <line num="310" count="0" type="stmt"/>
        <line num="311" count="0" type="stmt"/>
        <line num="314" count="43" type="stmt"/>
        <line num="315" count="43" type="stmt"/>
        <line num="318" count="43" type="cond" truecount="0" falsecount="1"/>
        <line num="319" count="0" type="stmt"/>
        <line num="321" count="43" type="cond" truecount="0" falsecount="1"/>
        <line num="322" count="0" type="stmt"/>
        <line num="324" count="43" type="cond" truecount="1" falsecount="0"/>
        <line num="325" count="1" type="stmt"/>
        <line num="327" count="43" type="stmt"/>
        <line num="330" count="8" type="stmt"/>
        <line num="331" count="8" type="stmt"/>
        <line num="332" count="8" type="stmt"/>
        <line num="333" count="8" type="cond" truecount="2" falsecount="0"/>
        <line num="335" count="7" type="stmt"/>
        <line num="336" count="1" type="cond" truecount="1" falsecount="1"/>
        <line num="338" count="0" type="stmt"/>
        <line num="339" count="1" type="cond" truecount="1" falsecount="1"/>
        <line num="341" count="1" type="stmt"/>
        <line num="343" count="0" type="stmt"/>
        <line num="344" count="0" type="stmt"/>
        <line num="346" count="8" type="stmt"/>
        <line num="351" count="8" type="cond" truecount="0" falsecount="1"/>
        <line num="352" count="0" type="stmt"/>
        <line num="354" count="8" type="cond" truecount="0" falsecount="1"/>
        <line num="355" count="0" type="stmt"/>
        <line num="357" count="8" type="stmt"/>
        <line num="358" count="8" type="stmt"/>
        <line num="360" count="0" type="stmt"/>
        <line num="361" count="0" type="stmt"/>
        <line num="363" count="15" type="stmt"/>
        <line num="364" count="15" type="stmt"/>
        <line num="366" count="0" type="stmt"/>
        <line num="367" count="0" type="stmt"/>
        <line num="369" count="179" type="stmt"/>
        <line num="370" count="179" type="stmt"/>
        <line num="372" count="179" type="stmt"/>
        <line num="373" count="179" type="cond" truecount="1" falsecount="0"/>
        <line num="374" count="3" type="stmt"/>
        <line num="377" count="6" type="stmt"/>
        <line num="378" count="3" type="stmt"/>
        <line num="380" count="179" type="cond" truecount="0" falsecount="1"/>
        <line num="381" count="179" type="cond" truecount="1" falsecount="0"/>
        <line num="383" count="179" type="cond" truecount="2" falsecount="0"/>
        <line num="385" count="179" type="stmt"/>
        <line num="387" count="179" type="cond" truecount="1" falsecount="0"/>
        <line num="388" count="1" type="stmt"/>
        <line num="394" count="178" type="stmt"/>
        <line num="396" count="0" type="stmt"/>
        <line num="397" count="0" type="stmt"/>
        <line num="398" count="0" type="stmt"/>
        <line num="399" count="0" type="cond" truecount="0" falsecount="1"/>
        <line num="401" count="0" type="stmt"/>
        <line num="403" count="1" type="stmt"/>
        <line num="404" count="1" type="stmt"/>
        <line num="409" count="0" type="stmt"/>
        <line num="410" count="0" type="stmt"/>
        <line num="412" count="0" type="stmt"/>
        <line num="413" count="0" type="stmt"/>
        <line num="421" count="371" type="stmt"/>
        <line num="423" count="371" type="stmt"/>
        <line num="425" count="376" type="stmt"/>
        <line num="426" count="376" type="stmt"/>
        <line num="428" count="371" type="stmt"/>
        <line num="430" count="2" type="stmt"/>
        <line num="432" count="2" type="stmt"/>
        <line num="435" count="2" type="stmt"/>
        <line num="436" count="2" type="cond" truecount="1" falsecount="0"/>
        <line num="437" count="3" type="stmt"/>
        <line num="438" count="3" type="stmt"/>
        <line num="440" count="2" type="stmt"/>
        <line num="442" count="0" type="stmt"/>
        <line num="443" count="0" type="stmt"/>
        <line num="445" count="1" type="stmt"/>
        <line num="446" count="1" type="stmt"/>
        <line num="450" count="0" type="stmt"/>
        <line num="452" count="0" type="stmt"/>
        <line num="454" count="0" type="stmt"/>
        <line num="456" count="0" type="stmt"/>
        <line num="458" count="0" type="stmt"/>
        <line num="460" count="0" type="stmt"/>
        <line num="462" count="0" type="stmt"/>
        <line num="464" count="0" type="stmt"/>
        <line num="466" count="0" type="stmt"/>
        <line num="468" count="0" type="stmt"/>
        <line num="470" count="0" type="stmt"/>
        <line num="472" count="0" type="stmt"/>
        <line num="474" count="0" type="stmt"/>
        <line num="476" count="0" type="stmt"/>
        <line num="478" count="0" type="stmt"/>
        <line num="480" count="0" type="stmt"/>
        <line num="482" count="0" type="stmt"/>
        <line num="484" count="0" type="stmt"/>
        <line num="486" count="0" type="stmt"/>
        <line num="488" count="0" type="stmt"/>
        <line num="490" count="0" type="stmt"/>
        <line num="492" count="0" type="stmt"/>
        <line num="493" count="0" type="stmt"/>
        <line num="494" count="0" type="stmt"/>
        <line num="496" count="0" type="stmt"/>
        <line num="497" count="0" type="stmt"/>
        <line num="499" count="1" type="stmt"/>
        <line num="500" count="11" type="stmt"/>
        <line num="505" count="11" type="stmt"/>
        <line num="506" count="11" type="stmt"/>
        <line num="507" count="11" type="stmt"/>
        <line num="509" count="0" type="stmt"/>
        <line num="510" count="0" type="stmt"/>
        <line num="514" count="0" type="stmt"/>
      </file>
      <file name="docker-parser.ts" path="/Users/tdurieux/git/dockerfile-debloat/lib/ast/docker-parser.ts">
        <metrics statements="119" coveredstatements="78" conditionals="27" coveredconditionals="12" methods="3" coveredmethods="3"/>
        <line num="1" count="1" type="stmt"/>
        <line num="8" count="1" type="stmt"/>
        <line num="9" count="1" type="stmt"/>
        <line num="10" count="1" type="stmt"/>
        <line num="47" count="1" type="stmt"/>
        <line num="48" count="2" type="stmt"/>
        <line num="51" count="1" type="stmt"/>
        <line num="52" count="2" type="stmt"/>
        <line num="54" count="2" type="stmt"/>
        <line num="55" count="2" type="stmt"/>
        <line num="58" count="47" type="stmt"/>
        <line num="59" count="47" type="stmt"/>
        <line num="65" count="47" type="stmt"/>
        <line num="70" count="34" type="stmt"/>
        <line num="77" count="30" type="stmt"/>
        <line num="78" count="30" type="stmt"/>
        <line num="79" count="30" type="stmt"/>
        <line num="80" count="30" type="cond" truecount="8" falsecount="6"/>
        <line num="82" count="2" type="stmt"/>
        <line num="83" count="2" type="stmt"/>
        <line num="84" count="2" type="stmt"/>
        <line num="85" count="2" type="cond" truecount="0" falsecount="1"/>
        <line num="86" count="0" type="stmt"/>
        <line num="92" count="2" type="cond" truecount="1" falsecount="0"/>
        <line num="93" count="2" type="stmt"/>
        <line num="100" count="2" type="cond" truecount="1" falsecount="0"/>
        <line num="101" count="2" type="stmt"/>
        <line num="107" count="2" type="cond" truecount="0" falsecount="1"/>
        <line num="108" count="0" type="stmt"/>
        <line num="115" count="2" type="cond" truecount="0" falsecount="1"/>
        <line num="116" count="0" type="stmt"/>
        <line num="122" count="2" type="stmt"/>
        <line num="123" count="2" type="stmt"/>
        <line num="125" count="11" type="stmt"/>
        <line num="126" count="11" type="stmt"/>
        <line num="127" count="11" type="stmt"/>
        <line num="128" count="11" type="stmt"/>
        <line num="129" count="11" type="stmt"/>
        <line num="134" count="11" type="stmt"/>
        <line num="135" count="11" type="stmt"/>
        <line num="136" count="11" type="stmt"/>
        <line num="138" count="1" type="stmt"/>
        <line num="139" count="1" type="stmt"/>
        <line num="140" count="1" type="stmt"/>
        <line num="141" count="2" type="stmt"/>
        <line num="142" count="2" type="stmt"/>
        <line num="143" count="2" type="cond" truecount="2" falsecount="0"/>
        <line num="144" count="1" type="stmt"/>
        <line num="146" count="1" type="stmt"/>
        <line num="148" count="2" type="stmt"/>
        <line num="149" count="2" type="stmt"/>
        <line num="151" count="1" type="stmt"/>
        <line num="152" count="1" type="stmt"/>
        <line num="154" count="0" type="stmt"/>
        <line num="155" count="0" type="stmt"/>
        <line num="156" count="0" type="stmt"/>
        <line num="157" count="0" type="stmt"/>
        <line num="158" count="0" type="stmt"/>
        <line num="159" count="0" type="cond" truecount="0" falsecount="2"/>
        <line num="160" count="0" type="stmt"/>
        <line num="162" count="0" type="stmt"/>
        <line num="164" count="0" type="stmt"/>
        <line num="165" count="0" type="stmt"/>
        <line num="167" count="0" type="stmt"/>
        <line num="168" count="0" type="stmt"/>
        <line num="170" count="1" type="stmt"/>
        <line num="175" count="1" type="stmt"/>
        <line num="177" count="0" type="stmt"/>
        <line num="180" count="0" type="stmt"/>
        <line num="181" count="0" type="stmt"/>
        <line num="182" count="0" type="stmt"/>
        <line num="184" count="1" type="stmt"/>
        <line num="185" count="1" type="stmt"/>
        <line num="189" count="1" type="stmt"/>
        <line num="191" count="0" type="stmt"/>
        <line num="194" count="0" type="stmt"/>
        <line num="195" count="0" type="cond" truecount="0" falsecount="1"/>
        <line num="196" count="0" type="stmt"/>
        <line num="200" count="0" type="stmt"/>
        <line num="201" count="0" type="stmt"/>
        <line num="203" count="11" type="stmt"/>
        <line num="205" count="11" type="stmt"/>
        <line num="208" count="11" type="stmt"/>
        <line num="209" count="11" type="stmt"/>
        <line num="210" count="13" type="stmt"/>
        <line num="212" count="11" type="stmt"/>
        <line num="213" count="11" type="stmt"/>
        <line num="216" count="1" type="stmt"/>
        <line num="218" count="1" type="cond" truecount="0" falsecount="1"/>
        <line num="220" count="1" type="stmt"/>
        <line num="223" count="1" type="stmt"/>
        <line num="224" count="1" type="stmt"/>
        <line num="225" count="0" type="stmt"/>
        <line num="229" count="1" type="stmt"/>
        <line num="230" count="1" type="stmt"/>
        <line num="232" count="2" type="stmt"/>
        <line num="233" count="2" type="stmt"/>
        <line num="234" count="2" type="stmt"/>
        <line num="235" count="2" type="cond" truecount="0" falsecount="1"/>
        <line num="236" count="4" type="stmt"/>
        <line num="237" count="3" type="stmt"/>
        <line num="239" count="2" type="stmt"/>
        <line num="240" count="2" type="stmt"/>
        <line num="242" count="0" type="stmt"/>
        <line num="243" count="0" type="stmt"/>
        <line num="244" count="0" type="stmt"/>
        <line num="245" count="0" type="cond" truecount="0" falsecount="1"/>
        <line num="246" count="0" type="stmt"/>
        <line num="251" count="0" type="stmt"/>
        <line num="252" count="0" type="stmt"/>
        <line num="253" count="0" type="stmt"/>
        <line num="259" count="0" type="stmt"/>
        <line num="260" count="0" type="stmt"/>
        <line num="262" count="0" type="stmt"/>
        <line num="265" count="0" type="stmt"/>
        <line num="266" count="0" type="stmt"/>
        <line num="267" count="0" type="stmt"/>
        <line num="269" count="0" type="stmt"/>
        <line num="272" count="2" type="stmt"/>
      </file>
      <file name="docker-printer.ts" path="/Users/tdurieux/git/dockerfile-debloat/lib/ast/docker-printer.ts">
        <metrics statements="236" coveredstatements="65" conditionals="142" coveredconditionals="45" methods="40" coveredmethods="16"/>
        <line num="1" count="1" type="stmt"/>
        <line num="8" count="1" type="stmt"/>
        <line num="9" count="111" type="stmt"/>
        <line num="10" count="111" type="stmt"/>
        <line num="11" count="111" type="stmt"/>
        <line num="12" count="111" type="stmt"/>
        <line num="13" count="111" type="cond" truecount="0" falsecount="1"/>
        <line num="15" count="1" type="stmt"/>
        <line num="16" count="0" type="stmt"/>
        <line num="17" count="0" type="stmt"/>
        <line num="19" count="1" type="stmt"/>
        <line num="20" count="2" type="cond" truecount="0" falsecount="1"/>
        <line num="21" count="2" type="stmt"/>
        <line num="22" count="2" type="stmt"/>
        <line num="24" count="1" type="stmt"/>
        <line num="25" count="2" type="stmt"/>
        <line num="26" count="2" type="stmt"/>
        <line num="28" count="1" type="stmt"/>
        <line num="29" count="2" type="stmt"/>
        <line num="30" count="2" type="stmt"/>
        <line num="33" count="1" type="stmt"/>
        <line num="34" count="207" type="stmt"/>
        <line num="35" count="207" type="stmt"/>
        <line num="38" count="1" type="stmt"/>
        <line num="39" count="2" type="stmt"/>
        <line num="40" count="2" type="stmt"/>
        <line num="43" count="280" type="stmt"/>
        <line num="44" count="280" type="cond" truecount="0" falsecount="1"/>
        <line num="45" count="280" type="cond" truecount="1" falsecount="2"/>
        <line num="46" count="0" type="stmt"/>
        <line num="49" count="280" type="cond" truecount="12" falsecount="1"/>
        <line num="51" count="0" type="cond" truecount="0" falsecount="12"/>
        <line num="52" count="0" type="stmt"/>
        <line num="54" count="280" type="stmt"/>
        <line num="55" count="280" type="cond" truecount="30" falsecount="56"/>
        <line num="57" count="0" type="stmt"/>
        <line num="76" count="117" type="stmt"/>
        <line num="77" count="115" type="stmt"/>
        <line num="95" count="119" type="stmt"/>
        <line num="96" count="119" type="stmt"/>
        <line num="98" count="0" type="stmt"/>
        <line num="99" count="0" type="stmt"/>
        <line num="101" count="0" type="stmt"/>
        <line num="102" count="0" type="stmt"/>
        <line num="104" count="0" type="stmt"/>
        <line num="111" count="0" type="stmt"/>
        <line num="113" count="0" type="stmt"/>
        <line num="114" count="0" type="stmt"/>
        <line num="116" count="0" type="stmt"/>
        <line num="121" count="0" type="stmt"/>
        <line num="123" count="20" type="stmt"/>
        <line num="124" count="22" type="stmt"/>
        <line num="125" count="20" type="stmt"/>
        <line num="126" count="20" type="stmt"/>
        <line num="128" count="14" type="stmt"/>
        <line num="129" count="24" type="stmt"/>
        <line num="130" count="14" type="stmt"/>
        <line num="131" count="14" type="stmt"/>
        <line num="133" count="6" type="stmt"/>
        <line num="134" count="6" type="stmt"/>
        <line num="136" count="0" type="stmt"/>
        <line num="147" count="0" type="cond" truecount="0" falsecount="1"/>
        <line num="148" count="0" type="stmt"/>
        <line num="150" count="0" type="stmt"/>
        <line num="151" count="0" type="stmt"/>
        <line num="152" count="0" type="stmt"/>
        <line num="154" count="0" type="stmt"/>
        <line num="155" count="0" type="stmt"/>
        <line num="156" count="0" type="stmt"/>
        <line num="158" count="0" type="stmt"/>
        <line num="168" count="0" type="cond" truecount="0" falsecount="1"/>
        <line num="169" count="0" type="stmt"/>
        <line num="170" count="0" type="cond" truecount="0" falsecount="1"/>
        <line num="171" count="0" type="stmt"/>
        <line num="174" count="0" type="stmt"/>
        <line num="175" count="0" type="stmt"/>
        <line num="176" count="0" type="stmt"/>
        <line num="178" count="0" type="stmt"/>
        <line num="179" count="0" type="stmt"/>
        <line num="181" count="0" type="stmt"/>
        <line num="182" count="0" type="stmt"/>
        <line num="184" count="0" type="stmt"/>
        <line num="193" count="0" type="cond" truecount="0" falsecount="1"/>
        <line num="194" count="0" type="stmt"/>
        <line num="196" count="0" type="stmt"/>
        <line num="203" count="0" type="stmt"/>
        <line num="205" count="0" type="stmt"/>
        <line num="206" count="0" type="stmt"/>
        <line num="208" count="0" type="stmt"/>
        <line num="210" count="0" type="cond" truecount="0" falsecount="2"/>
        <line num="212" count="0" type="stmt"/>
        <line num="213" count="0" type="stmt"/>
        <line num="216" count="0" type="stmt"/>
        <line num="217" count="0" type="stmt"/>
        <line num="218" count="0" type="stmt"/>
        <line num="220" count="0" type="stmt"/>
        <line num="222" count="0" type="stmt"/>
        <line num="223" count="0" type="cond" truecount="0" falsecount="1"/>
        <line num="224" count="0" type="stmt"/>
        <line num="226" count="0" type="stmt"/>
        <line num="227" count="0" type="stmt"/>
        <line num="229" count="0" type="stmt"/>
        <line num="230" count="0" type="stmt"/>
        <line num="231" count="0" type="stmt"/>
        <line num="233" count="0" type="stmt"/>
        <line num="234" count="0" type="stmt"/>
        <line num="235" count="0" type="stmt"/>
        <line num="237" count="0" type="stmt"/>
        <line num="238" count="0" type="stmt"/>
        <line num="239" count="0" type="stmt"/>
        <line num="241" count="0" type="stmt"/>
        <line num="242" count="0" type="stmt"/>
        <line num="243" count="0" type="stmt"/>
        <line num="245" count="2" type="cond" truecount="1" falsecount="0"/>
        <line num="247" count="2" type="stmt"/>
        <line num="248" count="2" type="stmt"/>
        <line num="250" count="2" type="stmt"/>
        <line num="251" count="2" type="stmt"/>
        <line num="253" count="0" type="cond" truecount="0" falsecount="5"/>
        <line num="255" count="0" type="stmt"/>
        <line num="256" count="0" type="stmt"/>
        <line num="258" count="0" type="stmt"/>
        <line num="259" count="0" type="stmt"/>
        <line num="261" count="0" type="stmt"/>
        <line num="262" count="0" type="stmt"/>
        <line num="264" count="0" type="stmt"/>
        <line num="265" count="0" type="stmt"/>
        <line num="268" count="0" type="stmt"/>
        <line num="269" count="0" type="stmt"/>
        <line num="270" count="0" type="stmt"/>
        <line num="272" count="0" type="stmt"/>
        <line num="281" count="2" type="stmt"/>
        <line num="282" count="2" type="stmt"/>
        <line num="284" count="0" type="stmt"/>
        <line num="285" count="0" type="stmt"/>
        <line num="286" count="0" type="stmt"/>
        <line num="287" count="0" type="stmt"/>
        <line num="289" count="0" type="stmt"/>
        <line num="290" count="0" type="stmt"/>
        <line num="291" count="0" type="stmt"/>
        <line num="293" count="0" type="stmt"/>
        <line num="294" count="0" type="stmt"/>
        <line num="296" count="2" type="stmt"/>
        <line num="297" count="2" type="stmt"/>
        <line num="298" count="2" type="stmt"/>
        <line num="300" count="2" type="stmt"/>
        <line num="301" count="2" type="stmt"/>
        <line num="302" count="2" type="cond" truecount="0" falsecount="1"/>
        <line num="303" count="2" type="stmt"/>
        <line num="305" count="0" type="stmt"/>
        <line num="306" count="0" type="stmt"/>
        <line num="308" count="0" type="stmt"/>
        <line num="309" count="0" type="stmt"/>
        <line num="310" count="0" type="stmt"/>
        <line num="311" count="0" type="stmt"/>
        <line num="312" count="0" type="stmt"/>
        <line num="314" count="0" type="stmt"/>
        <line num="315" count="0" type="stmt"/>
        <line num="316" count="0" type="stmt"/>
        <line num="317" count="0" type="stmt"/>
        <line num="318" count="0" type="stmt"/>
        <line num="320" count="0" type="stmt"/>
        <line num="321" count="0" type="stmt"/>
        <line num="322" count="0" type="stmt"/>
        <line num="323" count="0" type="stmt"/>
        <line num="324" count="0" type="stmt"/>
        <line num="326" count="0" type="stmt"/>
        <line num="327" count="0" type="stmt"/>
        <line num="329" count="0" type="stmt"/>
        <line num="330" count="0" type="stmt"/>
        <line num="331" count="0" type="stmt"/>
        <line num="332" count="0" type="stmt"/>
        <line num="333" count="0" type="stmt"/>
        <line num="335" count="0" type="stmt"/>
        <line num="336" count="0" type="stmt"/>
        <line num="337" count="0" type="stmt"/>
        <line num="338" count="0" type="stmt"/>
        <line num="339" count="0" type="stmt"/>
        <line num="341" count="0" type="stmt"/>
        <line num="342" count="0" type="stmt"/>
        <line num="343" count="0" type="stmt"/>
        <line num="344" count="0" type="stmt"/>
        <line num="345" count="0" type="stmt"/>
        <line num="347" count="0" type="stmt"/>
        <line num="348" count="0" type="stmt"/>
        <line num="349" count="0" type="stmt"/>
        <line num="350" count="0" type="stmt"/>
        <line num="351" count="0" type="stmt"/>
        <line num="353" count="0" type="stmt"/>
        <line num="354" count="0" type="stmt"/>
        <line num="355" count="0" type="stmt"/>
        <line num="356" count="0" type="stmt"/>
        <line num="357" count="0" type="stmt"/>
        <line num="359" count="0" type="stmt"/>
        <line num="360" count="0" type="stmt"/>
        <line num="361" count="0" type="stmt"/>
        <line num="362" count="0" type="cond" truecount="0" falsecount="1"/>
        <line num="363" count="0" type="stmt"/>
        <line num="365" count="0" type="stmt"/>
        <line num="366" count="0" type="stmt"/>
        <line num="368" count="0" type="stmt"/>
        <line num="369" count="0" type="stmt"/>
        <line num="370" count="0" type="stmt"/>
        <line num="371" count="0" type="stmt"/>
        <line num="372" count="0" type="cond" truecount="0" falsecount="1"/>
        <line num="373" count="0" type="stmt"/>
        <line num="375" count="0" type="stmt"/>
        <line num="376" count="0" type="stmt"/>
        <line num="377" count="0" type="stmt"/>
        <line num="379" count="0" type="stmt"/>
        <line num="380" count="0" type="stmt"/>
        <line num="381" count="0" type="stmt"/>
        <line num="382" count="0" type="cond" truecount="0" falsecount="1"/>
        <line num="383" count="0" type="stmt"/>
        <line num="385" count="0" type="stmt"/>
        <line num="386" count="0" type="stmt"/>
        <line num="388" count="0" type="stmt"/>
        <line num="389" count="0" type="stmt"/>
        <line num="390" count="0" type="stmt"/>
        <line num="391" count="0" type="cond" truecount="0" falsecount="1"/>
        <line num="392" count="0" type="stmt"/>
        <line num="394" count="0" type="stmt"/>
        <line num="395" count="0" type="stmt"/>
        <line num="397" count="0" type="stmt"/>
        <line num="398" count="0" type="cond" truecount="0" falsecount="4"/>
        <line num="399" count="0" type="stmt"/>
        <line num="400" count="0" type="cond" truecount="0" falsecount="2"/>
        <line num="401" count="0" type="stmt"/>
        <line num="403" count="0" type="stmt"/>
        <line num="406" count="280" type="stmt"/>
        <line num="409" count="1" type="stmt"/>
        <line num="410" count="111" type="stmt"/>
        <line num="411" count="111" type="stmt"/>
        <line num="413" count="1" type="stmt"/>
        <line num="415" count="222" type="cond" truecount="1" falsecount="0"/>
        <line num="416" count="111" type="stmt"/>
      </file>
      <file name="docker-type.ts" path="/Users/tdurieux/git/dockerfile-debloat/lib/ast/docker-type.ts">
        <metrics statements="546" coveredstatements="446" conditionals="425" coveredconditionals="202" methods="179" coveredmethods="155"/>
        <line num="1" count="1" type="stmt"/>
        <line num="137" count="1" type="stmt"/>
        <line num="139" count="1752" type="stmt"/>
        <line num="140" count="1752" type="stmt"/>
        <line num="141" count="1752" type="stmt"/>
        <line num="142" count="1752" type="stmt"/>
        <line num="145" count="1" type="stmt"/>
        <line num="146" count="0" type="stmt"/>
        <line num="151" count="1" type="stmt"/>
        <line num="153" count="1" type="stmt"/>
        <line num="158" count="44370" type="stmt"/>
        <line num="162" count="44370" type="stmt"/>
        <line num="166" count="44370" type="stmt"/>
        <line num="169" count="1" type="stmt"/>
        <line num="170" count="1903834" type="stmt"/>
        <line num="173" count="1" type="stmt"/>
        <line num="174" count="1778" type="stmt"/>
        <line num="175" count="1778" type="stmt"/>
        <line num="178" count="1" type="stmt"/>
        <line num="179" count="1921" type="cond" truecount="0" falsecount="1"/>
        <line num="180" count="1921" type="cond" truecount="1" falsecount="0"/>
        <line num="181" count="20" type="stmt"/>
        <line num="182" count="11" type="stmt"/>
        <line num="184" count="10" type="stmt"/>
        <line num="186" count="1911" type="stmt"/>
        <line num="187" count="1911" type="stmt"/>
        <line num="188" count="1911" type="stmt"/>
        <line num="191" count="1" type="stmt"/>
        <line num="194" count="42346" type="stmt"/>
        <line num="195" count="42346" type="stmt"/>
        <line num="196" count="42346" type="stmt"/>
        <line num="197" count="94436" type="cond" truecount="1" falsecount="0"/>
        <line num="198" count="39095" type="stmt"/>
        <line num="200" count="39095" type="stmt"/>
        <line num="203" count="42346" type="stmt"/>
        <line num="206" count="1" type="stmt"/>
        <line num="209" count="27" type="stmt"/>
        <line num="210" count="27" type="stmt"/>
        <line num="211" count="27" type="stmt"/>
        <line num="212" count="317" type="cond" truecount="1" falsecount="0"/>
        <line num="214" count="27" type="stmt"/>
        <line num="217" count="1" type="stmt"/>
        <line num="220" count="0" type="stmt"/>
        <line num="221" count="0" type="stmt"/>
        <line num="222" count="0" type="stmt"/>
        <line num="223" count="0" type="cond" truecount="0" falsecount="1"/>
        <line num="224" count="0" type="stmt"/>
        <line num="226" count="0" type="stmt"/>
        <line num="228" count="0" type="stmt"/>
        <line num="231" count="1" type="stmt"/>
        <line num="232" count="155" type="stmt"/>
        <line num="233" count="14" type="cond" truecount="1" falsecount="0"/>
        <line num="234" count="12" type="cond" truecount="0" falsecount="1"/>
        <line num="235" count="12" type="cond" truecount="0" falsecount="1"/>
        <line num="236" count="12" type="cond" truecount="0" falsecount="1"/>
        <line num="237" count="12" type="cond" truecount="1" falsecount="0"/>
        <line num="238" count="0" type="cond" truecount="0" falsecount="1"/>
        <line num="239" count="0" type="stmt"/>
        <line num="241" count="155" type="stmt"/>
        <line num="242" count="169" type="stmt"/>
        <line num="243" count="169" type="cond" truecount="0" falsecount="1"/>
        <line num="244" count="169" type="stmt"/>
        <line num="254" count="1" type="stmt"/>
        <line num="255" count="1330155" type="stmt"/>
        <line num="256" count="435845" type="cond" truecount="1" falsecount="0"/>
        <line num="257" count="315557" type="cond" truecount="1" falsecount="0"/>
        <line num="258" count="309053" type="cond" truecount="1" falsecount="0"/>
        <line num="259" count="133468" type="cond" truecount="1" falsecount="0"/>
        <line num="260" count="133406" type="cond" truecount="1" falsecount="0"/>
        <line num="261" count="2" type="cond" truecount="1" falsecount="0"/>
        <line num="262" count="0" type="stmt"/>
        <line num="264" count="1330155" type="stmt"/>
        <line num="265" count="1330133" type="stmt"/>
        <line num="266" count="1330133" type="cond" truecount="0" falsecount="1"/>
        <line num="267" count="1330133" type="cond" truecount="1" falsecount="0"/>
        <line num="269" count="1291060" type="stmt"/>
        <line num="270" count="1284531" type="stmt"/>
        <line num="271" count="1284531" type="cond" truecount="0" falsecount="1"/>
        <line num="272" count="1284531" type="cond" truecount="1" falsecount="0"/>
        <line num="275" count="1264987" type="stmt"/>
        <line num="278" count="1" type="stmt"/>
        <line num="279" count="27" type="stmt"/>
        <line num="282" count="27" type="stmt"/>
        <line num="283" count="27" type="cond" truecount="1" falsecount="0"/>
        <line num="284" count="27" type="stmt"/>
        <line num="285" count="27" type="stmt"/>
        <line num="288" count="1" type="stmt"/>
        <line num="289" count="0" type="stmt"/>
        <line num="292" count="0" type="stmt"/>
        <line num="293" count="0" type="stmt"/>
        <line num="296" count="1" type="stmt"/>
        <line num="297" count="56" type="stmt"/>
        <line num="299" count="1" type="stmt"/>
        <line num="301" count="1" type="stmt"/>
        <line num="302" count="105" type="stmt"/>
        <line num="303" count="105" type="cond" truecount="2" falsecount="0"/>
        <line num="305" count="1" type="stmt"/>
        <line num="307" count="1" type="stmt"/>
        <line num="308" count="26667" type="stmt"/>
        <line num="309" count="26667" type="cond" truecount="2" falsecount="0"/>
        <line num="311" count="1" type="stmt"/>
        <line num="313" count="1" type="cond" truecount="0" falsecount="3"/>
        <line num="314" count="0" type="stmt"/>
        <line num="315" count="1" type="stmt"/>
        <line num="317" count="1" type="cond" truecount="0" falsecount="3"/>
        <line num="318" count="0" type="stmt"/>
        <line num="319" count="1" type="stmt"/>
        <line num="320" count="1" type="cond" truecount="0" falsecount="3"/>
        <line num="321" count="0" type="stmt"/>
        <line num="322" count="1" type="stmt"/>
        <line num="323" count="1" type="cond" truecount="0" falsecount="3"/>
        <line num="324" count="0" type="stmt"/>
        <line num="325" count="1" type="stmt"/>
        <line num="326" count="1" type="cond" truecount="0" falsecount="3"/>
        <line num="327" count="0" type="stmt"/>
        <line num="328" count="1" type="stmt"/>
        <line num="329" count="7" type="cond" truecount="3" falsecount="0"/>
        <line num="330" count="7" type="stmt"/>
        <line num="332" count="1" type="stmt"/>
        <line num="333" count="0" type="stmt"/>
        <line num="336" count="1" type="stmt"/>
        <line num="337" count="0" type="stmt"/>
        <line num="339" count="1" type="stmt"/>
        <line num="340" count="7" type="cond" truecount="3" falsecount="0"/>
        <line num="341" count="7" type="stmt"/>
        <line num="343" count="1" type="stmt"/>
        <line num="344" count="0" type="stmt"/>
        <line num="346" count="1" type="stmt"/>
        <line num="347" count="7" type="cond" truecount="3" falsecount="0"/>
        <line num="348" count="7" type="stmt"/>
        <line num="349" count="1" type="stmt"/>
        <line num="350" count="1" type="cond" truecount="0" falsecount="3"/>
        <line num="351" count="0" type="stmt"/>
        <line num="352" count="1" type="stmt"/>
        <line num="353" count="1" type="cond" truecount="0" falsecount="3"/>
        <line num="354" count="0" type="stmt"/>
        <line num="355" count="1" type="stmt"/>
        <line num="356" count="1" type="cond" truecount="0" falsecount="3"/>
        <line num="357" count="0" type="stmt"/>
        <line num="358" count="1" type="stmt"/>
        <line num="359" count="1" type="cond" truecount="2" falsecount="1"/>
        <line num="360" count="1" type="stmt"/>
        <line num="361" count="1" type="stmt"/>
        <line num="362" count="3" type="cond" truecount="3" falsecount="0"/>
        <line num="363" count="3" type="stmt"/>
        <line num="364" count="1" type="stmt"/>
        <line num="365" count="3" type="cond" truecount="3" falsecount="0"/>
        <line num="366" count="3" type="stmt"/>
        <line num="368" count="1" type="stmt"/>
        <line num="369" count="0" type="stmt"/>
        <line num="372" count="1" type="stmt"/>
        <line num="373" count="0" type="stmt"/>
        <line num="376" count="1" type="stmt"/>
        <line num="377" count="0" type="stmt"/>
        <line num="379" count="1" type="stmt"/>
        <line num="380" count="2" type="cond" truecount="3" falsecount="0"/>
        <line num="381" count="2" type="stmt"/>
        <line num="382" count="1" type="stmt"/>
        <line num="383" count="2" type="cond" truecount="3" falsecount="0"/>
        <line num="384" count="2" type="stmt"/>
        <line num="385" count="2" type="stmt"/>
        <line num="387" count="1" type="stmt"/>
        <line num="388" count="0" type="stmt"/>
        <line num="391" count="1" type="stmt"/>
        <line num="392" count="0" type="stmt"/>
        <line num="394" count="1" type="stmt"/>
        <line num="395" count="3" type="cond" truecount="3" falsecount="0"/>
        <line num="396" count="3" type="stmt"/>
        <line num="397" count="1" type="stmt"/>
        <line num="398" count="2" type="cond" truecount="3" falsecount="0"/>
        <line num="399" count="2" type="stmt"/>
        <line num="400" count="1" type="stmt"/>
        <line num="401" count="3" type="cond" truecount="2" falsecount="1"/>
        <line num="402" count="3" type="stmt"/>
        <line num="403" count="1" type="stmt"/>
        <line num="404" count="3" type="cond" truecount="3" falsecount="0"/>
        <line num="405" count="3" type="stmt"/>
        <line num="406" count="1" type="stmt"/>
        <line num="407" count="263" type="cond" truecount="3" falsecount="0"/>
        <line num="408" count="263" type="stmt"/>
        <line num="409" count="1" type="stmt"/>
        <line num="410" count="16392" type="cond" truecount="3" falsecount="0"/>
        <line num="411" count="16392" type="stmt"/>
        <line num="412" count="1" type="stmt"/>
        <line num="413" count="7" type="cond" truecount="3" falsecount="0"/>
        <line num="414" count="7" type="stmt"/>
        <line num="415" count="1" type="stmt"/>
        <line num="416" count="1" type="cond" truecount="0" falsecount="3"/>
        <line num="417" count="0" type="stmt"/>
        <line num="418" count="1" type="stmt"/>
        <line num="419" count="1" type="cond" truecount="0" falsecount="3"/>
        <line num="420" count="0" type="stmt"/>
        <line num="421" count="1" type="stmt"/>
        <line num="422" count="1" type="cond" truecount="0" falsecount="3"/>
        <line num="423" count="0" type="stmt"/>
        <line num="424" count="1" type="stmt"/>
        <line num="425" count="1" type="cond" truecount="0" falsecount="3"/>
        <line num="426" count="0" type="stmt"/>
        <line num="427" count="1" type="stmt"/>
        <line num="428" count="1" type="cond" truecount="0" falsecount="3"/>
        <line num="429" count="0" type="stmt"/>
        <line num="430" count="1" type="stmt"/>
        <line num="431" count="51" type="cond" truecount="3" falsecount="0"/>
        <line num="432" count="51" type="stmt"/>
        <line num="434" count="1" type="stmt"/>
        <line num="435" count="0" type="stmt"/>
        <line num="438" count="1" type="stmt"/>
        <line num="439" count="0" type="stmt"/>
        <line num="442" count="1" type="stmt"/>
        <line num="443" count="0" type="stmt"/>
        <line num="445" count="1" type="stmt"/>
        <line num="446" count="51" type="cond" truecount="3" falsecount="0"/>
        <line num="447" count="51" type="stmt"/>
        <line num="448" count="1" type="stmt"/>
        <line num="449" count="51" type="cond" truecount="3" falsecount="0"/>
        <line num="450" count="51" type="stmt"/>
        <line num="451" count="1" type="stmt"/>
        <line num="452" count="51" type="cond" truecount="3" falsecount="0"/>
        <line num="453" count="51" type="stmt"/>
        <line num="454" count="1" type="stmt"/>
        <line num="455" count="1" type="cond" truecount="0" falsecount="3"/>
        <line num="456" count="0" type="stmt"/>
        <line num="457" count="1" type="stmt"/>
        <line num="458" count="1" type="cond" truecount="0" falsecount="3"/>
        <line num="459" count="0" type="stmt"/>
        <line num="460" count="1" type="stmt"/>
        <line num="461" count="1" type="cond" truecount="0" falsecount="3"/>
        <line num="462" count="0" type="stmt"/>
        <line num="463" count="1" type="stmt"/>
        <line num="464" count="1" type="cond" truecount="0" falsecount="3"/>
        <line num="465" count="0" type="stmt"/>
        <line num="466" count="1" type="stmt"/>
        <line num="467" count="1" type="cond" truecount="0" falsecount="3"/>
        <line num="468" count="0" type="stmt"/>
        <line num="469" count="1" type="stmt"/>
        <line num="470" count="1" type="cond" truecount="0" falsecount="3"/>
        <line num="471" count="0" type="stmt"/>
        <line num="472" count="1" type="stmt"/>
        <line num="473" count="1" type="cond" truecount="0" falsecount="3"/>
        <line num="474" count="0" type="stmt"/>
        <line num="475" count="1" type="stmt"/>
        <line num="476" count="1" type="cond" truecount="3" falsecount="0"/>
        <line num="477" count="1" type="stmt"/>
        <line num="479" count="1" type="stmt"/>
        <line num="480" count="0" type="stmt"/>
        <line num="483" count="1" type="stmt"/>
        <line num="484" count="0" type="stmt"/>
        <line num="486" count="1" type="stmt"/>
        <line num="487" count="1" type="cond" truecount="3" falsecount="0"/>
        <line num="488" count="1" type="stmt"/>
        <line num="489" count="1" type="stmt"/>
        <line num="490" count="1" type="cond" truecount="2" falsecount="1"/>
        <line num="491" count="1" type="stmt"/>
        <line num="492" count="1" type="stmt"/>
        <line num="493" count="1" type="cond" truecount="0" falsecount="3"/>
        <line num="494" count="0" type="stmt"/>
        <line num="495" count="1" type="stmt"/>
        <line num="496" count="53" type="cond" truecount="3" falsecount="0"/>
        <line num="497" count="53" type="stmt"/>
        <line num="498" count="1" type="stmt"/>
        <line num="499" count="1" type="cond" truecount="0" falsecount="3"/>
        <line num="500" count="0" type="stmt"/>
        <line num="501" count="1" type="stmt"/>
        <line num="502" count="43" type="cond" truecount="3" falsecount="0"/>
        <line num="503" count="43" type="stmt"/>
        <line num="504" count="1" type="stmt"/>
        <line num="505" count="1" type="cond" truecount="0" falsecount="3"/>
        <line num="506" count="0" type="stmt"/>
        <line num="507" count="1" type="stmt"/>
        <line num="508" count="2" type="cond" truecount="3" falsecount="0"/>
        <line num="509" count="2" type="stmt"/>
        <line num="510" count="2" type="stmt"/>
        <line num="512" count="1" type="stmt"/>
        <line num="513" count="0" type="stmt"/>
        <line num="516" count="1" type="stmt"/>
        <line num="517" count="0" type="stmt"/>
        <line num="520" count="1" type="stmt"/>
        <line num="521" count="0" type="stmt"/>
        <line num="523" count="1" type="stmt"/>
        <line num="524" count="2" type="cond" truecount="3" falsecount="0"/>
        <line num="525" count="2" type="stmt"/>
        <line num="526" count="1" type="stmt"/>
        <line num="527" count="2" type="cond" truecount="3" falsecount="0"/>
        <line num="528" count="2" type="stmt"/>
        <line num="529" count="1" type="stmt"/>
        <line num="530" count="2" type="cond" truecount="3" falsecount="0"/>
        <line num="531" count="2" type="stmt"/>
        <line num="532" count="1" type="stmt"/>
        <line num="533" count="1" type="cond" truecount="0" falsecount="3"/>
        <line num="534" count="0" type="stmt"/>
        <line num="536" count="1" type="stmt"/>
        <line num="537" count="0" type="stmt"/>
        <line num="540" count="1" type="stmt"/>
        <line num="541" count="0" type="stmt"/>
        <line num="543" count="1" type="stmt"/>
        <line num="545" count="1" type="cond" truecount="0" falsecount="3"/>
        <line num="546" count="0" type="stmt"/>
        <line num="547" count="1" type="stmt"/>
        <line num="548" count="1" type="cond" truecount="0" falsecount="3"/>
        <line num="549" count="0" type="stmt"/>
        <line num="550" count="1" type="stmt"/>
        <line num="551" count="1" type="cond" truecount="0" falsecount="3"/>
        <line num="552" count="0" type="stmt"/>
        <line num="553" count="1" type="stmt"/>
        <line num="554" count="4" type="cond" truecount="3" falsecount="0"/>
        <line num="555" count="4" type="stmt"/>
        <line num="556" count="1" type="stmt"/>
        <line num="557" count="1" type="cond" truecount="3" falsecount="0"/>
        <line num="558" count="1" type="stmt"/>
        <line num="559" count="1" type="stmt"/>
        <line num="560" count="1" type="cond" truecount="0" falsecount="3"/>
        <line num="561" count="0" type="stmt"/>
        <line num="562" count="1" type="stmt"/>
        <line num="563" count="1" type="cond" truecount="0" falsecount="3"/>
        <line num="564" count="0" type="stmt"/>
        <line num="565" count="1" type="stmt"/>
        <line num="566" count="4" type="cond" truecount="3" falsecount="0"/>
        <line num="567" count="4" type="stmt"/>
        <line num="569" count="4" type="stmt"/>
        <line num="571" count="1" type="stmt"/>
        <line num="572" count="0" type="stmt"/>
        <line num="575" count="1" type="stmt"/>
        <line num="576" count="0" type="stmt"/>
        <line num="579" count="1" type="stmt"/>
        <line num="580" count="0" type="stmt"/>
        <line num="582" count="1" type="stmt"/>
        <line num="583" count="4" type="cond" truecount="3" falsecount="0"/>
        <line num="584" count="4" type="stmt"/>
        <line num="585" count="1" type="stmt"/>
        <line num="586" count="1" type="cond" truecount="0" falsecount="3"/>
        <line num="587" count="0" type="stmt"/>
        <line num="588" count="1" type="stmt"/>
        <line num="589" count="1" type="cond" truecount="0" falsecount="3"/>
        <line num="590" count="0" type="stmt"/>
        <line num="591" count="1" type="stmt"/>
        <line num="592" count="26472" type="cond" truecount="2" falsecount="1"/>
        <line num="593" count="26472" type="stmt"/>
        <line num="594" count="1" type="stmt"/>
        <line num="595" count="373" type="cond" truecount="3" falsecount="0"/>
        <line num="596" count="373" type="stmt"/>
        <line num="598" count="1" type="stmt"/>
        <line num="599" count="5" type="stmt"/>
        <line num="602" count="1" type="stmt"/>
        <line num="603" count="2" type="stmt"/>
        <line num="605" count="1" type="stmt"/>
        <line num="606" count="51" type="cond" truecount="2" falsecount="1"/>
        <line num="607" count="51" type="stmt"/>
        <line num="608" count="1" type="stmt"/>
        <line num="609" count="1" type="cond" truecount="0" falsecount="3"/>
        <line num="610" count="0" type="stmt"/>
        <line num="611" count="1" type="stmt"/>
        <line num="612" count="1" type="cond" truecount="0" falsecount="3"/>
        <line num="613" count="0" type="stmt"/>
        <line num="614" count="1" type="stmt"/>
        <line num="615" count="8" type="cond" truecount="3" falsecount="0"/>
        <line num="616" count="8" type="stmt"/>
        <line num="617" count="1" type="stmt"/>
        <line num="618" count="1" type="cond" truecount="0" falsecount="3"/>
        <line num="619" count="0" type="stmt"/>
        <line num="620" count="1" type="stmt"/>
        <line num="621" count="1" type="cond" truecount="0" falsecount="3"/>
        <line num="622" count="0" type="stmt"/>
        <line num="623" count="1" type="stmt"/>
        <line num="624" count="1" type="cond" truecount="0" falsecount="3"/>
        <line num="625" count="0" type="stmt"/>
        <line num="626" count="1" type="stmt"/>
        <line num="627" count="1" type="cond" truecount="0" falsecount="3"/>
        <line num="628" count="0" type="stmt"/>
        <line num="629" count="1" type="stmt"/>
        <line num="630" count="8" type="cond" truecount="3" falsecount="0"/>
        <line num="631" count="8" type="stmt"/>
        <line num="632" count="1" type="stmt"/>
        <line num="633" count="1" type="cond" truecount="3" falsecount="0"/>
        <line num="634" count="1" type="stmt"/>
        <line num="635" count="1" type="stmt"/>
        <line num="636" count="1" type="cond" truecount="0" falsecount="3"/>
        <line num="637" count="0" type="stmt"/>
        <line num="638" count="1" type="stmt"/>
        <line num="639" count="7" type="cond" truecount="3" falsecount="0"/>
        <line num="640" count="7" type="stmt"/>
        <line num="641" count="1" type="stmt"/>
        <line num="642" count="8" type="cond" truecount="3" falsecount="0"/>
        <line num="643" count="8" type="stmt"/>
        <line num="644" count="1" type="stmt"/>
        <line num="645" count="1" type="cond" truecount="0" falsecount="3"/>
        <line num="646" count="0" type="stmt"/>
        <line num="647" count="1" type="stmt"/>
        <line num="648" count="1" type="cond" truecount="0" falsecount="3"/>
        <line num="649" count="0" type="stmt"/>
        <line num="650" count="1" type="stmt"/>
        <line num="651" count="11" type="cond" truecount="3" falsecount="0"/>
        <line num="652" count="11" type="stmt"/>
        <line num="653" count="1" type="stmt"/>
        <line num="654" count="15" type="cond" truecount="2" falsecount="1"/>
        <line num="655" count="15" type="stmt"/>
        <line num="656" count="1" type="stmt"/>
        <line num="657" count="1" type="cond" truecount="3" falsecount="0"/>
        <line num="658" count="1" type="stmt"/>
        <line num="659" count="1" type="stmt"/>
        <line num="660" count="1" type="cond" truecount="0" falsecount="3"/>
        <line num="661" count="0" type="stmt"/>
        <line num="662" count="1" type="stmt"/>
        <line num="663" count="1" type="cond" truecount="0" falsecount="3"/>
        <line num="664" count="0" type="stmt"/>
        <line num="665" count="1" type="stmt"/>
        <line num="666" count="1" type="cond" truecount="0" falsecount="3"/>
        <line num="667" count="0" type="stmt"/>
        <line num="668" count="1" type="stmt"/>
        <line num="669" count="11" type="cond" truecount="2" falsecount="1"/>
        <line num="670" count="11" type="stmt"/>
        <line num="671" count="1" type="stmt"/>
        <line num="672" count="1" type="cond" truecount="0" falsecount="3"/>
        <line num="673" count="0" type="stmt"/>
        <line num="674" count="1" type="stmt"/>
        <line num="675" count="1" type="cond" truecount="0" falsecount="3"/>
        <line num="676" count="0" type="stmt"/>
        <line num="677" count="1" type="stmt"/>
        <line num="678" count="1" type="cond" truecount="0" falsecount="3"/>
        <line num="679" count="0" type="stmt"/>
        <line num="680" count="1" type="stmt"/>
        <line num="681" count="1" type="cond" truecount="0" falsecount="3"/>
        <line num="682" count="0" type="stmt"/>
        <line num="683" count="1" type="stmt"/>
        <line num="684" count="1" type="cond" truecount="0" falsecount="3"/>
        <line num="685" count="0" type="stmt"/>
        <line num="686" count="1" type="stmt"/>
        <line num="687" count="2" type="cond" truecount="3" falsecount="0"/>
        <line num="688" count="2" type="stmt"/>
        <line num="689" count="1" type="stmt"/>
        <line num="690" count="3" type="cond" truecount="2" falsecount="1"/>
        <line num="691" count="3" type="stmt"/>
        <line num="692" count="1" type="stmt"/>
        <line num="693" count="1" type="cond" truecount="3" falsecount="0"/>
        <line num="694" count="1" type="stmt"/>
        <line num="695" count="1" type="stmt"/>
        <line num="696" count="1" type="cond" truecount="3" falsecount="0"/>
        <line num="697" count="1" type="stmt"/>
        <line num="698" count="1" type="stmt"/>
        <line num="699" count="1" type="cond" truecount="3" falsecount="0"/>
        <line num="700" count="1" type="stmt"/>
        <line num="701" count="1" type="stmt"/>
        <line num="702" count="1" type="cond" truecount="3" falsecount="0"/>
        <line num="703" count="1" type="stmt"/>
        <line num="704" count="1" type="stmt"/>
        <line num="705" count="1" type="cond" truecount="0" falsecount="3"/>
        <line num="706" count="0" type="stmt"/>
        <line num="707" count="1" type="stmt"/>
        <line num="708" count="1" type="cond" truecount="2" falsecount="1"/>
        <line num="709" count="1" type="stmt"/>
        <line num="710" count="1" type="stmt"/>
        <line num="711" count="11" type="cond" truecount="3" falsecount="0"/>
        <line num="712" count="11" type="stmt"/>
        <line num="713" count="1" type="stmt"/>
        <line num="714" count="1" type="cond" truecount="3" falsecount="0"/>
        <line num="715" count="1" type="stmt"/>
        <line num="716" count="1" type="stmt"/>
        <line num="717" count="2" type="cond" truecount="3" falsecount="0"/>
        <line num="718" count="2" type="stmt"/>
        <line num="719" count="1" type="stmt"/>
        <line num="720" count="2" type="cond" truecount="3" falsecount="0"/>
        <line num="721" count="2" type="stmt"/>
        <line num="722" count="1" type="stmt"/>
        <line num="723" count="2" type="cond" truecount="2" falsecount="1"/>
        <line num="724" count="2" type="stmt"/>
        <line num="725" count="1" type="stmt"/>
        <line num="726" count="1" type="cond" truecount="0" falsecount="3"/>
        <line num="727" count="0" type="stmt"/>
        <line num="728" count="1" type="stmt"/>
        <line num="729" count="1" type="cond" truecount="0" falsecount="3"/>
        <line num="730" count="0" type="stmt"/>
        <line num="731" count="1" type="stmt"/>
        <line num="732" count="1" type="cond" truecount="0" falsecount="3"/>
        <line num="733" count="0" type="stmt"/>
        <line num="734" count="1" type="stmt"/>
        <line num="735" count="2" type="cond" truecount="2" falsecount="1"/>
        <line num="736" count="2" type="stmt"/>
        <line num="737" count="1" type="stmt"/>
        <line num="738" count="13" type="cond" truecount="2" falsecount="1"/>
        <line num="739" count="13" type="stmt"/>
        <line num="740" count="1" type="stmt"/>
        <line num="741" count="11" type="cond" truecount="2" falsecount="1"/>
        <line num="742" count="11" type="stmt"/>
        <line num="743" count="1" type="stmt"/>
        <line num="744" count="3" type="cond" truecount="2" falsecount="1"/>
        <line num="745" count="3" type="stmt"/>
        <line num="746" count="1" type="stmt"/>
        <line num="747" count="1" type="cond" truecount="2" falsecount="1"/>
        <line num="748" count="1" type="stmt"/>
        <line num="749" count="1" type="stmt"/>
        <line num="750" count="11" type="cond" truecount="3" falsecount="0"/>
        <line num="751" count="11" type="stmt"/>
        <line num="752" count="1" type="stmt"/>
        <line num="753" count="1" type="cond" truecount="0" falsecount="3"/>
        <line num="754" count="0" type="stmt"/>
        <line num="755" count="1" type="stmt"/>
        <line num="756" count="1" type="cond" truecount="0" falsecount="3"/>
        <line num="757" count="0" type="stmt"/>
        <line num="758" count="1" type="stmt"/>
        <line num="759" count="1" type="cond" truecount="0" falsecount="3"/>
        <line num="760" count="0" type="stmt"/>
        <line num="761" count="1" type="stmt"/>
        <line num="762" count="1" type="cond" truecount="0" falsecount="3"/>
        <line num="763" count="0" type="stmt"/>
        <line num="764" count="1" type="stmt"/>
        <line num="765" count="1" type="cond" truecount="3" falsecount="0"/>
        <line num="766" count="1" type="stmt"/>
        <line num="767" count="1" type="stmt"/>
        <line num="768" count="1" type="cond" truecount="0" falsecount="3"/>
        <line num="769" count="0" type="stmt"/>
        <line num="770" count="1" type="stmt"/>
        <line num="771" count="120" type="cond" truecount="3" falsecount="0"/>
        <line num="772" count="120" type="stmt"/>
        <line num="774" count="1" type="stmt"/>
        <line num="775" count="1" type="cond" truecount="0" falsecount="3"/>
        <line num="776" count="0" type="stmt"/>
        <line num="777" count="1" type="stmt"/>
        <line num="778" count="3" type="cond" truecount="3" falsecount="0"/>
        <line num="779" count="3" type="stmt"/>
        <line num="780" count="1" type="stmt"/>
        <line num="781" count="47" type="cond" truecount="2" falsecount="1"/>
        <line num="782" count="47" type="stmt"/>
        <line num="783" count="1" type="stmt"/>
        <line num="784" count="30" type="cond" truecount="2" falsecount="1"/>
        <line num="785" count="30" type="stmt"/>
        <line num="786" count="1" type="stmt"/>
        <line num="787" count="1" type="cond" truecount="0" falsecount="3"/>
        <line num="788" count="0" type="stmt"/>
        <line num="789" count="1" type="stmt"/>
        <line num="790" count="1" type="cond" truecount="0" falsecount="3"/>
        <line num="791" count="0" type="stmt"/>
        <line num="792" count="1" type="stmt"/>
        <line num="793" count="1" type="cond" truecount="0" falsecount="3"/>
        <line num="794" count="0" type="stmt"/>
        <line num="795" count="1" type="stmt"/>
        <line num="796" count="1" type="cond" truecount="0" falsecount="3"/>
        <line num="797" count="0" type="stmt"/>
        <line num="798" count="1" type="stmt"/>
        <line num="799" count="1" type="cond" truecount="0" falsecount="3"/>
        <line num="800" count="0" type="stmt"/>
        <line num="801" count="1" type="stmt"/>
        <line num="802" count="1" type="cond" truecount="0" falsecount="3"/>
        <line num="803" count="0" type="stmt"/>
        <line num="804" count="1" type="stmt"/>
        <line num="805" count="1" type="cond" truecount="0" falsecount="3"/>
        <line num="806" count="0" type="stmt"/>
        <line num="807" count="1" type="stmt"/>
      </file>
    </package>
    <package name="deloat">
      <metrics statements="139" coveredstatements="50" conditionals="54" coveredconditionals="6" methods="37" coveredmethods="6"/>
      <file name="index.ts" path="/Users/tdurieux/git/dockerfile-debloat/lib/deloat/index.ts">
        <metrics statements="27" coveredstatements="23" conditionals="7" coveredconditionals="6" methods="6" coveredmethods="6"/>
        <line num="1" count="1" type="stmt"/>
        <line num="2" count="1" type="stmt"/>
        <line num="9" count="1" type="stmt"/>
        <line num="12" count="1" type="stmt"/>
        <line num="13" count="3253" type="stmt"/>
        <line num="15" count="3251" type="stmt"/>
        <line num="16" count="1235380" type="cond" truecount="1" falsecount="0"/>
        <line num="17" count="16282" type="stmt"/>
        <line num="18" count="16282" type="cond" truecount="1" falsecount="0"/>
        <line num="19" count="13031" type="stmt"/>
        <line num="20" count="13031" type="cond" truecount="3" falsecount="1"/>
        <line num="21" count="13031" type="cond" truecount="1" falsecount="0"/>
        <line num="22" count="27" type="stmt"/>
        <line num="24" count="56" type="stmt"/>
        <line num="26" count="27" type="stmt"/>
        <line num="27" count="56" type="stmt"/>
        <line num="30" count="27" type="stmt"/>
        <line num="31" count="27" type="stmt"/>
        <line num="37" count="1" type="stmt"/>
        <line num="38" count="3253" type="stmt"/>
        <line num="39" count="3251" type="stmt"/>
        <line num="42" count="1" type="stmt"/>
        <line num="43" count="2" type="stmt"/>
        <line num="44" count="0" type="stmt"/>
        <line num="45" count="0" type="stmt"/>
        <line num="46" count="0" type="stmt"/>
        <line num="47" count="0" type="stmt"/>
      </file>
      <file name="rule-matcher.ts" path="/Users/tdurieux/git/dockerfile-debloat/lib/deloat/rule-matcher.ts">
        <metrics statements="45" coveredstatements="1" conditionals="17" coveredconditionals="0" methods="10" coveredmethods="0"/>
        <line num="4" count="1" type="stmt"/>
        <line num="11" count="0" type="stmt"/>
        <line num="18" count="0" type="stmt"/>
        <line num="20" count="0" type="stmt"/>
        <line num="22" count="0" type="stmt"/>
        <line num="23" count="0" type="stmt"/>
        <line num="24" count="0" type="cond" truecount="0" falsecount="1"/>
        <line num="25" count="0" type="stmt"/>
        <line num="27" count="0" type="cond" truecount="0" falsecount="1"/>
        <line num="28" count="0" type="stmt"/>
        <line num="35" count="0" type="cond" truecount="0" falsecount="2"/>
        <line num="36" count="0" type="cond" truecount="0" falsecount="2"/>
        <line num="39" count="0" type="cond" truecount="0" falsecount="1"/>
        <line num="42" count="0" type="stmt"/>
        <line num="45" count="0" type="stmt"/>
        <line num="46" count="0" type="cond" truecount="0" falsecount="1"/>
        <line num="47" count="0" type="stmt"/>
        <line num="52" count="0" type="stmt"/>
        <line num="53" count="0" type="stmt"/>
        <line num="61" count="0" type="stmt"/>
        <line num="64" count="0" type="stmt"/>
        <line num="75" count="0" type="stmt"/>
        <line num="83" count="0" type="cond" truecount="0" falsecount="1"/>
        <line num="84" count="0" type="stmt"/>
        <line num="86" count="0" type="cond" truecount="0" falsecount="1"/>
        <line num="87" count="0" type="stmt"/>
        <line num="89" count="0" type="cond" truecount="0" falsecount="1"/>
        <line num="90" count="0" type="stmt"/>
        <line num="91" count="0" type="stmt"/>
        <line num="92" count="0" type="stmt"/>
        <line num="96" count="0" type="stmt"/>
        <line num="104" count="0" type="stmt"/>
        <line num="105" count="0" type="cond" truecount="0" falsecount="2"/>
        <line num="107" count="0" type="stmt"/>
        <line num="108" count="0" type="stmt"/>
        <line num="109" count="0" type="stmt"/>
        <line num="110" count="0" type="cond" truecount="0" falsecount="1"/>
        <line num="111" count="0" type="stmt"/>
        <line num="112" count="0" type="stmt"/>
        <line num="113" count="0" type="cond" truecount="0" falsecount="2"/>
        <line num="114" count="0" type="stmt"/>
        <line num="116" count="0" type="cond" truecount="0" falsecount="1"/>
        <line num="117" count="0" type="stmt"/>
        <line num="118" count="0" type="stmt"/>
        <line num="120" count="0" type="stmt"/>
      </file>
      <file name="rules.ts" path="/Users/tdurieux/git/dockerfile-debloat/lib/deloat/rules.ts">
        <metrics statements="67" coveredstatements="26" conditionals="30" coveredconditionals="0" methods="21" coveredmethods="0"/>
        <line num="1" count="1" type="stmt"/>
        <line num="2" count="1" type="stmt"/>
        <line num="48" count="1" type="stmt"/>
        <line num="65" count="0" type="cond" truecount="0" falsecount="2"/>
        <line num="68" count="0" type="stmt"/>
        <line num="76" count="1" type="stmt"/>
        <line num="99" count="0" type="stmt"/>
        <line num="100" count="0" type="stmt"/>
        <line num="108" count="1" type="stmt"/>
        <line num="133" count="0" type="cond" truecount="0" falsecount="2"/>
        <line num="136" count="0" type="stmt"/>
        <line num="140" count="1" type="stmt"/>
        <line num="171" count="0" type="cond" truecount="0" falsecount="2"/>
        <line num="174" count="0" type="stmt"/>
        <line num="175" count="0" type="stmt"/>
        <line num="183" count="1" type="stmt"/>
        <line num="221" count="0" type="cond" truecount="0" falsecount="2"/>
        <line num="224" count="0" type="stmt"/>
        <line num="228" count="1" type="stmt"/>
        <line num="266" count="0" type="cond" truecount="0" falsecount="2"/>
        <line num="269" count="0" type="stmt"/>
        <line num="273" count="1" type="stmt"/>
        <line num="296" count="0" type="cond" truecount="0" falsecount="2"/>
        <line num="299" count="0" type="stmt"/>
        <line num="307" count="1" type="stmt"/>
        <line num="376" count="0" type="stmt"/>
        <line num="377" count="0" type="stmt"/>
        <line num="385" count="1" type="stmt"/>
        <line num="408" count="0" type="cond" truecount="0" falsecount="2"/>
        <line num="411" count="0" type="stmt"/>
        <line num="425" count="1" type="stmt"/>
        <line num="475" count="0" type="stmt"/>
        <line num="476" count="0" type="stmt"/>
        <line num="484" count="1" type="stmt"/>
        <line num="528" count="1" type="stmt"/>
        <line num="577" count="0" type="stmt"/>
        <line num="578" count="0" type="stmt"/>
        <line num="598" count="1" type="stmt"/>
        <line num="652" count="1" type="stmt"/>
        <line num="668" count="0" type="cond" truecount="0" falsecount="2"/>
        <line num="671" count="0" type="stmt"/>
        <line num="679" count="1" type="stmt"/>
        <line num="723" count="0" type="cond" truecount="0" falsecount="2"/>
        <line num="726" count="0" type="stmt"/>
        <line num="734" count="1" type="stmt"/>
        <line num="791" count="1" type="stmt"/>
        <line num="808" count="0" type="cond" truecount="0" falsecount="2"/>
        <line num="811" count="0" type="stmt"/>
        <line num="819" count="1" type="stmt"/>
        <line num="846" count="0" type="cond" truecount="0" falsecount="2"/>
        <line num="849" count="0" type="stmt"/>
        <line num="851" count="0" type="stmt"/>
        <line num="852" count="0" type="stmt"/>
        <line num="856" count="1" type="stmt"/>
        <line num="874" count="0" type="cond" truecount="0" falsecount="2"/>
        <line num="877" count="0" type="stmt"/>
        <line num="885" count="1" type="stmt"/>
        <line num="903" count="1" type="stmt"/>
        <line num="921" count="0" type="cond" truecount="0" falsecount="2"/>
        <line num="924" count="0" type="stmt"/>
        <line num="934" count="1" type="stmt"/>
        <line num="984" count="0" type="cond" truecount="0" falsecount="2"/>
        <line num="987" count="0" type="stmt"/>
        <line num="995" count="1" type="stmt"/>
        <line num="1012" count="0" type="cond" truecount="0" falsecount="2"/>
        <line num="1015" count="0" type="stmt"/>
        <line num="1023" count="1" type="stmt"/>
      </file>
    </package>
    <package name="deloat.enrich">
      <metrics statements="250" coveredstatements="175" conditionals="152" coveredconditionals="92" methods="59" coveredmethods="54"/>
      <file name="index.ts" path="/Users/tdurieux/git/dockerfile-debloat/lib/deloat/enrich/index.ts">
        <metrics statements="250" coveredstatements="175" conditionals="152" coveredconditionals="92" methods="59" coveredmethods="54"/>
        <line num="1" count="1" type="stmt"/>
        <line num="2" count="1" type="stmt"/>
        <line num="3" count="1" type="stmt"/>
        <line num="4" count="1" type="stmt"/>
        <line num="5" count="1" type="stmt"/>
        <line num="13" count="1" type="stmt"/>
        <line num="60" count="862" type="cond" truecount="1" falsecount="0"/>
        <line num="61" count="479" type="stmt"/>
        <line num="64" count="383" type="stmt"/>
        <line num="65" count="383" type="stmt"/>
        <line num="66" count="383" type="stmt"/>
        <line num="67" count="383" type="stmt"/>
        <line num="70" count="90" type="cond" truecount="1" falsecount="0"/>
        <line num="71" count="52" type="stmt"/>
        <line num="81" count="828" type="stmt"/>
        <line num="82" count="828" type="cond" truecount="1" falsecount="0"/>
        <line num="83" count="354" type="stmt"/>
        <line num="86" count="1" type="stmt"/>
        <line num="87" count="42" type="cond" truecount="1" falsecount="0"/>
        <line num="88" count="3" type="stmt"/>
        <line num="96" count="3" type="stmt"/>
        <line num="97" count="6" type="cond" truecount="1" falsecount="1"/>
        <line num="99" count="3" type="stmt"/>
        <line num="100" count="6" type="cond" truecount="2" falsecount="0"/>
        <line num="102" count="6" type="cond" truecount="2" falsecount="0"/>
        <line num="103" count="3" type="stmt"/>
        <line num="104" count="6" type="cond" truecount="2" falsecount="0"/>
        <line num="106" count="3" type="stmt"/>
        <line num="107" count="6" type="cond" truecount="2" falsecount="0"/>
        <line num="110" count="3" type="stmt"/>
        <line num="113" count="39" type="stmt"/>
        <line num="117" count="42" type="stmt"/>
        <line num="119" count="42" type="stmt"/>
        <line num="122" count="151" type="cond" truecount="2" falsecount="0"/>
        <line num="134" count="0" type="cond" truecount="0" falsecount="1"/>
        <line num="135" count="0" type="stmt"/>
        <line num="139" count="0" type="stmt"/>
        <line num="140" count="0" type="cond" truecount="0" falsecount="3"/>
        <line num="141" count="0" type="cond" truecount="0" falsecount="1"/>
        <line num="142" count="0" type="stmt"/>
        <line num="147" count="0" type="stmt"/>
        <line num="169" count="72" type="stmt"/>
        <line num="171" count="42" type="stmt"/>
        <line num="174" count="42" type="stmt"/>
        <line num="175" count="3654" type="cond" truecount="1" falsecount="0"/>
        <line num="177" count="42" type="stmt"/>
        <line num="181" count="42" type="stmt"/>
        <line num="182" count="42" type="stmt"/>
        <line num="185" count="42" type="cond" truecount="0" falsecount="1"/>
        <line num="186" count="0" type="cond" truecount="0" falsecount="1"/>
        <line num="187" count="0" type="stmt"/>
        <line num="191" count="42" type="stmt"/>
        <line num="193" count="42" type="cond" truecount="1" falsecount="0"/>
        <line num="198" count="20" type="cond" truecount="2" falsecount="0"/>
        <line num="201" count="42" type="cond" truecount="1" falsecount="2"/>
        <line num="202" count="0" type="stmt"/>
        <line num="203" count="0" type="cond" truecount="0" falsecount="2"/>
        <line num="206" count="42" type="stmt"/>
        <line num="211" count="42" type="stmt"/>
        <line num="221" count="0" type="stmt"/>
        <line num="222" count="0" type="stmt"/>
        <line num="229" count="42" type="stmt"/>
        <line num="231" count="42" type="cond" truecount="3" falsecount="0"/>
        <line num="232" count="37" type="stmt"/>
        <line num="233" count="664" type="stmt"/>
        <line num="237" count="42" type="cond" truecount="3" falsecount="0"/>
        <line num="238" count="18" type="stmt"/>
        <line num="239" count="70" type="stmt"/>
        <line num="243" count="42" type="cond" truecount="3" falsecount="0"/>
        <line num="244" count="25" type="stmt"/>
        <line num="245" count="58" type="stmt"/>
        <line num="249" count="42" type="cond" truecount="3" falsecount="0"/>
        <line num="250" count="19" type="stmt"/>
        <line num="251" count="23" type="stmt"/>
        <line num="255" count="42" type="cond" truecount="3" falsecount="0"/>
        <line num="256" count="13" type="stmt"/>
        <line num="257" count="13" type="stmt"/>
        <line num="262" count="42" type="stmt"/>
        <line num="263" count="266" type="stmt"/>
        <line num="267" count="42" type="cond" truecount="2" falsecount="1"/>
        <line num="268" count="0" type="stmt"/>
        <line num="273" count="42" type="cond" truecount="0" falsecount="1"/>
        <line num="274" count="0" type="stmt"/>
        <line num="276" count="0" type="stmt"/>
        <line num="277" count="0" type="stmt"/>
        <line num="279" count="0" type="cond" truecount="0" falsecount="3"/>
        <line num="283" count="0" type="cond" truecount="0" falsecount="1"/>
        <line num="284" count="0" type="stmt"/>
        <line num="286" count="0" type="cond" truecount="0" falsecount="1"/>
        <line num="287" count="0" type="stmt"/>
        <line num="290" count="0" type="stmt"/>
        <line num="294" count="0" type="stmt"/>
        <line num="300" count="42" type="stmt"/>
        <line num="301" count="76" type="cond" truecount="2" falsecount="0"/>
        <line num="305" count="42" type="cond" truecount="1" falsecount="0"/>
        <line num="306" count="1" type="stmt"/>
        <line num="307" count="3" type="cond" truecount="1" falsecount="1"/>
        <line num="311" count="42" type="stmt"/>
        <line num="313" count="42" type="cond" truecount="3" falsecount="0"/>
        <line num="319" count="42" type="cond" truecount="1" falsecount="1"/>
        <line num="320" count="0" type="stmt"/>
        <line num="321" count="0" type="stmt"/>
        <line num="323" count="0" type="stmt"/>
        <line num="324" count="0" type="cond" truecount="0" falsecount="1"/>
        <line num="325" count="0" type="stmt"/>
        <line num="326" count="0" type="stmt"/>
        <line num="329" count="0" type="cond" truecount="0" falsecount="1"/>
        <line num="330" count="0" type="stmt"/>
        <line num="333" count="0" type="stmt"/>
        <line num="336" count="0" type="stmt"/>
        <line num="337" count="42" type="cond" truecount="0" falsecount="1"/>
        <line num="338" count="0" type="stmt"/>
        <line num="340" count="0" type="stmt"/>
        <line num="341" count="0" type="stmt"/>
        <line num="342" count="0" type="stmt"/>
        <line num="344" count="0" type="stmt"/>
        <line num="345" count="0" type="cond" truecount="0" falsecount="1"/>
        <line num="346" count="0" type="stmt"/>
        <line num="347" count="0" type="stmt"/>
        <line num="350" count="0" type="cond" truecount="0" falsecount="1"/>
        <line num="351" count="0" type="stmt"/>
        <line num="352" count="0" type="stmt"/>
        <line num="353" count="0" type="stmt"/>
        <line num="356" count="0" type="cond" truecount="0" falsecount="1"/>
        <line num="357" count="0" type="stmt"/>
        <line num="358" count="0" type="stmt"/>
        <line num="359" count="0" type="stmt"/>
        <line num="362" count="0" type="stmt"/>
        <line num="363" count="0" type="stmt"/>
        <line num="366" count="0" type="stmt"/>
        <line num="370" count="42" type="cond" truecount="2" falsecount="2"/>
        <line num="371" count="0" type="stmt"/>
        <line num="372" count="42" type="cond" truecount="1" falsecount="2"/>
        <line num="373" count="0" type="stmt"/>
        <line num="374" count="0" type="stmt"/>
        <line num="379" count="42" type="cond" truecount="1" falsecount="0"/>
        <line num="380" count="16" type="stmt"/>
        <line num="383" count="26" type="stmt"/>
        <line num="385" count="26" type="cond" truecount="1" falsecount="2"/>
        <line num="386" count="0" type="cond" truecount="0" falsecount="1"/>
        <line num="390" count="0" type="stmt"/>
        <line num="391" count="0" type="stmt"/>
        <line num="396" count="26" type="stmt"/>
        <line num="403" count="26" type="cond" truecount="0" falsecount="1"/>
        <line num="404" count="0" type="cond" truecount="0" falsecount="1"/>
        <line num="405" count="0" type="cond" truecount="0" falsecount="1"/>
        <line num="410" count="0" type="stmt"/>
        <line num="416" count="26" type="cond" truecount="0" falsecount="1"/>
        <line num="421" count="0" type="cond" truecount="0" falsecount="2"/>
        <line num="422" count="0" type="stmt"/>
        <line num="424" count="0" type="cond" truecount="0" falsecount="1"/>
        <line num="425" count="0" type="stmt"/>
        <line num="431" count="26" type="stmt"/>
        <line num="434" count="57" type="cond" truecount="3" falsecount="0"/>
        <line num="436" count="4" type="cond" truecount="2" falsecount="0"/>
        <line num="438" count="26" type="cond" truecount="0" falsecount="1"/>
        <line num="439" count="0" type="stmt"/>
        <line num="443" count="26" type="cond" truecount="2" falsecount="3"/>
        <line num="444" count="0" type="cond" truecount="0" falsecount="2"/>
        <line num="445" count="0" type="stmt"/>
        <line num="447" count="0" type="stmt"/>
        <line num="449" count="26" type="cond" truecount="1" falsecount="3"/>
        <line num="450" count="0" type="cond" truecount="0" falsecount="2"/>
        <line num="451" count="0" type="stmt"/>
        <line num="453" count="0" type="stmt"/>
        <line num="457" count="26" type="cond" truecount="0" falsecount="1"/>
        <line num="458" count="0" type="stmt"/>
        <line num="462" count="26" type="stmt"/>
        <line num="473" count="26" type="stmt"/>
        <line num="489" count="191842" type="stmt"/>
        <line num="490" count="27" type="stmt"/>
        <line num="492" count="27" type="stmt"/>
        <line num="493" count="42" type="stmt"/>
        <line num="494" count="42" type="stmt"/>
        <line num="495" count="26" type="stmt"/>
        <line num="496" count="26" type="stmt"/>
        <line num="498" count="16" type="cond" truecount="0" falsecount="1"/>
        <line num="499" count="16" type="stmt"/>
        <line num="503" count="1" type="stmt"/>
        <line num="519" count="30" type="cond" truecount="3" falsecount="1"/>
        <line num="522" count="51" type="cond" truecount="4" falsecount="0"/>
        <line num="523" count="3" type="stmt"/>
        <line num="527" count="3" type="stmt"/>
        <line num="528" count="3" type="stmt"/>
        <line num="530" count="3" type="stmt"/>
        <line num="531" count="48" type="cond" truecount="2" falsecount="0"/>
        <line num="532" count="18" type="stmt"/>
        <line num="533" count="30" type="cond" truecount="2" falsecount="0"/>
        <line num="534" count="17" type="cond" truecount="1" falsecount="0"/>
        <line num="535" count="2" type="stmt"/>
        <line num="537" count="15" type="cond" truecount="0" falsecount="1"/>
        <line num="538" count="0" type="stmt"/>
        <line num="540" count="15" type="stmt"/>
        <line num="541" count="15" type="stmt"/>
        <line num="542" count="18" type="stmt"/>
        <line num="543" count="18" type="stmt"/>
        <line num="544" count="18" type="stmt"/>
        <line num="547" count="15" type="stmt"/>
        <line num="548" count="13" type="cond" truecount="2" falsecount="0"/>
        <line num="549" count="4" type="stmt"/>
        <line num="550" count="4" type="stmt"/>
        <line num="551" count="9" type="cond" truecount="3" falsecount="0"/>
        <line num="552" count="5" type="stmt"/>
        <line num="553" count="5" type="stmt"/>
        <line num="554" count="5" type="stmt"/>
        <line num="558" count="13" type="stmt"/>
        <line num="562" count="1" type="stmt"/>
        <line num="563" count="191842" type="stmt"/>
        <line num="564" count="27" type="stmt"/>
        <line num="566" count="27" type="cond" truecount="1" falsecount="0"/>
        <line num="567" count="1" type="stmt"/>
        <line num="570" count="26" type="stmt"/>
        <line num="571" count="55" type="stmt"/>
        <line num="572" count="55" type="stmt"/>
        <line num="574" count="26" type="stmt"/>
        <line num="576" count="26" type="stmt"/>
        <line num="578" count="26" type="stmt"/>
        <line num="579" count="172" type="stmt"/>
        <line num="580" count="2364" type="cond" truecount="1" falsecount="0"/>
        <line num="581" count="172" type="stmt"/>
        <line num="583" count="2192" type="cond" truecount="1" falsecount="0"/>
        <line num="585" count="1750" type="stmt"/>
        <line num="587" count="4" type="stmt"/>
        <line num="588" count="4" type="stmt"/>
        <line num="593" count="26" type="stmt"/>
        <line num="594" count="172" type="stmt"/>
        <line num="597" count="26" type="stmt"/>
        <line num="599" count="26" type="stmt"/>
        <line num="601" count="57" type="cond" truecount="2" falsecount="0"/>
        <line num="604" count="26" type="stmt"/>
        <line num="605" count="6" type="stmt"/>
        <line num="608" count="26" type="stmt"/>
        <line num="612" count="154" type="stmt"/>
        <line num="617" count="66" type="cond" truecount="2" falsecount="0"/>
        <line num="618" count="18" type="stmt"/>
        <line num="619" count="18" type="stmt"/>
        <line num="628" count="48" type="cond" truecount="2" falsecount="0"/>
        <line num="630" count="264" type="cond" truecount="2" falsecount="0"/>
        <line num="633" count="15" type="stmt"/>
        <line num="635" count="33" type="stmt"/>
        <line num="636" count="33" type="stmt"/>
        <line num="647" count="66" type="stmt"/>
        <line num="649" count="26" type="stmt"/>
        <line num="652" count="1" type="stmt"/>
        <line num="655" count="3253" type="stmt"/>
        <line num="657" count="172356" type="stmt"/>
        <line num="660" count="169086" type="stmt"/>
        <line num="664" count="191842" type="stmt"/>
        <line num="671" count="191809" type="stmt"/>
        <line num="674" count="3251" type="stmt"/>
      </file>
    </package>
  </project>
</coverage>
