{"/Users/tdurieux/git/dockerfile-debloat/lib/ast/docker-bash-parser.ts": {"path":"/Users/tdurieux/git/dockerfile-debloat/lib/ast/docker-bash-parser.ts","statementMap":{"0":{"start":{"line":1,"column":0},"end":{"line":1,"column":41}},"1":{"start":{"line":2,"column":0},"end":{"line":2,"column":26}},"2":{"start":{"line":4,"column":19},"end":{"line":4,"column":22}},"3":{"start":{"line":6,"column":0},"end":{"line":6,"column":null}},"4":{"start":{"line":69,"column":2},"end":{"line":77,"column":null}},"5":{"start":{"line":70,"column":20},"end":{"line":70,"column":32}},"6":{"start":{"line":71,"column":4},"end":{"line":76,"column":6}},"7":{"start":{"line":79,"column":17},"end":{"line":79,"column":28}},"8":{"start":{"line":80,"column":2},"end":{"line":80,"column":41}},"9":{"start":{"line":83,"column":2},"end":{"line":85,"column":null}},"10":{"start":{"line":83,"column":22},"end":{"line":83,"column":26}},"11":{"start":{"line":83,"column":18},"end":{"line":83,"column":22}},"12":{"start":{"line":84,"column":4},"end":{"line":84,"column":40}},"13":{"start":{"line":86,"column":2},"end":{"line":86,"column":17}},"14":{"start":{"line":89,"column":2},"end":{"line":91,"column":null}},"15":{"start":{"line":90,"column":4},"end":{"line":90,"column":36}},"16":{"start":{"line":92,"column":2},"end":{"line":94,"column":null}},"17":{"start":{"line":93,"column":4},"end":{"line":93,"column":52}},"18":{"start":{"line":95,"column":28},"end":{"line":95,"column":64}},"19":{"start":{"line":96,"column":2},"end":{"line":495,"column":null}},"20":{"start":{"line":98,"column":24},"end":{"line":98,"column":49}},"21":{"start":{"line":99,"column":6},"end":{"line":99,"column":37}},"22":{"start":{"line":101,"column":24},"end":{"line":101,"column":49}},"23":{"start":{"line":102,"column":6},"end":{"line":104,"column":43}},"24":{"start":{"line":106,"column":25},"end":{"line":106,"column":51}},"25":{"start":{"line":107,"column":6},"end":{"line":107,"column":41}},"26":{"start":{"line":109,"column":24},"end":{"line":109,"column":49}},"27":{"start":{"line":110,"column":18},"end":{"line":110,"column":56}},"28":{"start":{"line":111,"column":6},"end":{"line":113,"column":null}},"29":{"start":{"line":111,"column":25},"end":{"line":111,"column":34}},"30":{"start":{"line":111,"column":25},"end":{"line":111,"column":40}},"31":{"start":{"line":111,"column":21},"end":{"line":111,"column":25}},"32":{"start":{"line":112,"column":8},"end":{"line":112,"column":39}},"33":{"start":{"line":114,"column":6},"end":{"line":114,"column":17}},"34":{"start":{"line":116,"column":21},"end":{"line":116,"column":43}},"35":{"start":{"line":117,"column":18},"end":{"line":122,"column":null}},"36":{"start":{"line":124,"column":6},"end":{"line":130,"column":null}},"37":{"start":{"line":125,"column":8},"end":{"line":129,"column":10}},"38":{"start":{"line":131,"column":6},"end":{"line":131,"column":17}},"39":{"start":{"line":133,"column":30},"end":{"line":133,"column":61}},"40":{"start":{"line":134,"column":6},"end":{"line":134,"column":73}},"41":{"start":{"line":137,"column":27},"end":{"line":137,"column":55}},"42":{"start":{"line":138,"column":6},"end":{"line":154,"column":10}},"43":{"start":{"line":156,"column":24},"end":{"line":156,"column":49}},"44":{"start":{"line":157,"column":6},"end":{"line":173,"column":10}},"45":{"start":{"line":175,"column":20},"end":{"line":175,"column":41}},"46":{"start":{"line":176,"column":6},"end":{"line":176,"column":64}},"47":{"start":{"line":178,"column":23},"end":{"line":178,"column":47}},"48":{"start":{"line":179,"column":18},"end":{"line":179,"column":67}},"49":{"start":{"line":180,"column":6},"end":{"line":187,"column":null}},"50":{"start":{"line":180,"column":19},"end":{"line":180,"column":20}},"51":{"start":{"line":181,"column":20},"end":{"line":181,"column":39}},"52":{"start":{"line":182,"column":8},"end":{"line":186,"column":10}},"53":{"start":{"line":188,"column":6},"end":{"line":202,"column":null}},"54":{"start":{"line":189,"column":8},"end":{"line":193,"column":10}},"55":{"start":{"line":194,"column":8},"end":{"line":201,"column":null}},"56":{"start":{"line":194,"column":21},"end":{"line":194,"column":22}},"57":{"start":{"line":195,"column":22},"end":{"line":195,"column":38}},"58":{"start":{"line":196,"column":10},"end":{"line":200,"column":12}},"59":{"start":{"line":203,"column":6},"end":{"line":203,"column":17}},"60":{"start":{"line":205,"column":25},"end":{"line":205,"column":51}},"61":{"start":{"line":206,"column":6},"end":{"line":213,"column":73}},"62":{"start":{"line":215,"column":23},"end":{"line":215,"column":47}},"63":{"start":{"line":216,"column":6},"end":{"line":222,"column":74}},"64":{"start":{"line":224,"column":23},"end":{"line":224,"column":47}},"65":{"start":{"line":225,"column":6},"end":{"line":228,"column":8}},"66":{"start":{"line":230,"column":22},"end":{"line":230,"column":45}},"67":{"start":{"line":231,"column":19},"end":{"line":233,"column":43}},"68":{"start":{"line":234,"column":6},"end":{"line":234,"column":18}},"69":{"start":{"line":236,"column":22},"end":{"line":236,"column":45}},"70":{"start":{"line":237,"column":6},"end":{"line":237,"column":66}},"71":{"start":{"line":240,"column":24},"end":{"line":240,"column":49}},"72":{"start":{"line":241,"column":18},"end":{"line":241,"column":63}},"73":{"start":{"line":242,"column":6},"end":{"line":244,"column":9}},"74":{"start":{"line":243,"column":8},"end":{"line":243,"column":39}},"75":{"start":{"line":245,"column":6},"end":{"line":245,"column":17}},"76":{"start":{"line":248,"column":6},"end":{"line":251,"column":8}},"77":{"start":{"line":253,"column":24},"end":{"line":253,"column":49}},"78":{"start":{"line":254,"column":19},"end":{"line":254,"column":57}},"79":{"start":{"line":256,"column":6},"end":{"line":265,"column":10}},"80":{"start":{"line":267,"column":23},"end":{"line":267,"column":47}},"81":{"start":{"line":268,"column":6},"end":{"line":279,"column":10}},"82":{"start":{"line":282,"column":23},"end":{"line":282,"column":47}},"83":{"start":{"line":283,"column":18},"end":{"line":283,"column":63}},"84":{"start":{"line":284,"column":6},"end":{"line":296,"column":10}},"85":{"start":{"line":297,"column":6},"end":{"line":303,"column":null}},"86":{"start":{"line":298,"column":8},"end":{"line":302,"column":10}},"87":{"start":{"line":304,"column":6},"end":{"line":304,"column":17}},"88":{"start":{"line":307,"column":18},"end":{"line":307,"column":37}},"89":{"start":{"line":308,"column":6},"end":{"line":308,"column":63}},"90":{"start":{"line":310,"column":19},"end":{"line":310,"column":39}},"91":{"start":{"line":311,"column":6},"end":{"line":311,"column":35}},"92":{"start":{"line":314,"column":23},"end":{"line":314,"column":47}},"93":{"start":{"line":315,"column":21},"end":{"line":317,"column":45}},"94":{"start":{"line":318,"column":6},"end":{"line":320,"column":null}},"95":{"start":{"line":319,"column":8},"end":{"line":319,"column":52}},"96":{"start":{"line":321,"column":6},"end":{"line":323,"column":null}},"97":{"start":{"line":322,"column":8},"end":{"line":322,"column":51}},"98":{"start":{"line":324,"column":6},"end":{"line":326,"column":null}},"99":{"start":{"line":325,"column":8},"end":{"line":325,"column":50}},"100":{"start":{"line":327,"column":6},"end":{"line":327,"column":20}},"101":{"start":{"line":330,"column":23},"end":{"line":330,"column":47}},"102":{"start":{"line":331,"column":18},"end":{"line":331,"column":68}},"103":{"start":{"line":332,"column":12},"end":{"line":332,"column":31}},"104":{"start":{"line":333,"column":6},"end":{"line":345,"column":null}},"105":{"start":{"line":335,"column":8},"end":{"line":335,"column":41}},"106":{"start":{"line":336,"column":13},"end":{"line":345,"column":null}},"107":{"start":{"line":338,"column":8},"end":{"line":338,"column":38}},"108":{"start":{"line":339,"column":13},"end":{"line":345,"column":null}},"109":{"start":{"line":341,"column":8},"end":{"line":341,"column":38}},"110":{"start":{"line":343,"column":8},"end":{"line":343,"column":50}},"111":{"start":{"line":344,"column":8},"end":{"line":344,"column":38}},"112":{"start":{"line":346,"column":6},"end":{"line":350,"column":8}},"113":{"start":{"line":351,"column":6},"end":{"line":353,"column":null}},"114":{"start":{"line":352,"column":8},"end":{"line":352,"column":44}},"115":{"start":{"line":354,"column":6},"end":{"line":356,"column":null}},"116":{"start":{"line":355,"column":8},"end":{"line":355,"column":47}},"117":{"start":{"line":357,"column":6},"end":{"line":357,"column":23}},"118":{"start":{"line":358,"column":6},"end":{"line":358,"column":69}},"119":{"start":{"line":360,"column":22},"end":{"line":360,"column":45}},"120":{"start":{"line":361,"column":6},"end":{"line":361,"column":12}},"121":{"start":{"line":363,"column":24},"end":{"line":363,"column":49}},"122":{"start":{"line":364,"column":6},"end":{"line":364,"column":74}},"123":{"start":{"line":366,"column":20},"end":{"line":366,"column":41}},"124":{"start":{"line":367,"column":6},"end":{"line":367,"column":12}},"125":{"start":{"line":369,"column":19},"end":{"line":369,"column":39}},"126":{"start":{"line":370,"column":24},"end":{"line":370,"column":74}},"127":{"start":{"line":372,"column":20},"end":{"line":372,"column":64}},"128":{"start":{"line":373,"column":6},"end":{"line":379,"column":null}},"129":{"start":{"line":374,"column":20},"end":{"line":376,"column":64}},"130":{"start":{"line":377,"column":8},"end":{"line":377,"column":56}},"131":{"start":{"line":377,"column":27},"end":{"line":377,"column":55}},"132":{"start":{"line":378,"column":8},"end":{"line":378,"column":22}},"133":{"start":{"line":380,"column":6},"end":{"line":380,"column":65}},"134":{"start":{"line":380,"column":27},"end":{"line":380,"column":65}},"135":{"start":{"line":381,"column":6},"end":{"line":381,"column":60}},"136":{"start":{"line":381,"column":32},"end":{"line":381,"column":60}},"137":{"start":{"line":383,"column":6},"end":{"line":383,"column":80}},"138":{"start":{"line":385,"column":6},"end":{"line":385,"column":42}},"139":{"start":{"line":387,"column":6},"end":{"line":392,"column":null}},"140":{"start":{"line":388,"column":8},"end":{"line":391,"column":67}},"141":{"start":{"line":394,"column":6},"end":{"line":394,"column":21}},"142":{"start":{"line":396,"column":23},"end":{"line":396,"column":47}},"143":{"start":{"line":397,"column":17},"end":{"line":397,"column":56}},"144":{"start":{"line":398,"column":6},"end":{"line":400,"column":null}},"145":{"start":{"line":398,"column":26},"end":{"line":398,"column":34}},"146":{"start":{"line":398,"column":26},"end":{"line":398,"column":40}},"147":{"start":{"line":398,"column":22},"end":{"line":398,"column":26}},"148":{"start":{"line":399,"column":8},"end":{"line":399,"column":58}},"149":{"start":{"line":399,"column":27},"end":{"line":399,"column":58}},"150":{"start":{"line":401,"column":6},"end":{"line":401,"column":16}},"151":{"start":{"line":403,"column":23},"end":{"line":403,"column":47}},"152":{"start":{"line":404,"column":6},"end":{"line":407,"column":8}},"153":{"start":{"line":409,"column":29},"end":{"line":409,"column":59}},"154":{"start":{"line":410,"column":6},"end":{"line":410,"column":72}},"155":{"start":{"line":412,"column":26},"end":{"line":412,"column":53}},"156":{"start":{"line":413,"column":6},"end":{"line":419,"column":8}},"157":{"start":{"line":421,"column":19},"end":{"line":421,"column":39}},"158":{"start":{"line":423,"column":17},"end":{"line":423,"column":54}},"159":{"start":{"line":425,"column":6},"end":{"line":427,"column":null}},"160":{"start":{"line":425,"column":23},"end":{"line":425,"column":27}},"161":{"start":{"line":425,"column":23},"end":{"line":425,"column":33}},"162":{"start":{"line":425,"column":19},"end":{"line":425,"column":23}},"163":{"start":{"line":426,"column":8},"end":{"line":426,"column":38}},"164":{"start":{"line":428,"column":6},"end":{"line":428,"column":16}},"165":{"start":{"line":430,"column":23},"end":{"line":430,"column":47}},"166":{"start":{"line":432,"column":17},"end":{"line":433,"column":null}},"167":{"start":{"line":435,"column":18},"end":{"line":435,"column":55}},"168":{"start":{"line":436,"column":6},"end":{"line":436,"column":43}},"169":{"start":{"line":436,"column":26},"end":{"line":436,"column":43}},"170":{"start":{"line":437,"column":6},"end":{"line":439,"column":null}},"171":{"start":{"line":437,"column":23},"end":{"line":437,"column":31}},"172":{"start":{"line":437,"column":23},"end":{"line":437,"column":37}},"173":{"start":{"line":437,"column":19},"end":{"line":437,"column":23}},"174":{"start":{"line":438,"column":8},"end":{"line":438,"column":39}},"175":{"start":{"line":440,"column":6},"end":{"line":440,"column":17}},"176":{"start":{"line":442,"column":23},"end":{"line":442,"column":47}},"177":{"start":{"line":443,"column":6},"end":{"line":443,"column":39}},"178":{"start":{"line":445,"column":24},"end":{"line":445,"column":49}},"179":{"start":{"line":446,"column":6},"end":{"line":448,"column":8}},"180":{"start":{"line":450,"column":29},"end":{"line":450,"column":59}},"181":{"start":{"line":452,"column":31},"end":{"line":452,"column":63}},"182":{"start":{"line":454,"column":25},"end":{"line":454,"column":51}},"183":{"start":{"line":456,"column":23},"end":{"line":456,"column":47}},"184":{"start":{"line":458,"column":25},"end":{"line":458,"column":51}},"185":{"start":{"line":460,"column":26},"end":{"line":460,"column":53}},"186":{"start":{"line":462,"column":24},"end":{"line":462,"column":49}},"187":{"start":{"line":464,"column":27},"end":{"line":464,"column":55}},"188":{"start":{"line":466,"column":24},"end":{"line":466,"column":49}},"189":{"start":{"line":468,"column":24},"end":{"line":468,"column":49}},"190":{"start":{"line":470,"column":27},"end":{"line":470,"column":55}},"191":{"start":{"line":472,"column":25},"end":{"line":472,"column":51}},"192":{"start":{"line":474,"column":22},"end":{"line":474,"column":45}},"193":{"start":{"line":476,"column":27},"end":{"line":476,"column":55}},"194":{"start":{"line":478,"column":25},"end":{"line":478,"column":51}},"195":{"start":{"line":480,"column":29},"end":{"line":480,"column":59}},"196":{"start":{"line":482,"column":24},"end":{"line":482,"column":49}},"197":{"start":{"line":484,"column":30},"end":{"line":484,"column":61}},"198":{"start":{"line":486,"column":25},"end":{"line":486,"column":51}},"199":{"start":{"line":488,"column":29},"end":{"line":488,"column":59}},"200":{"start":{"line":490,"column":26},"end":{"line":490,"column":53}},"201":{"start":{"line":492,"column":24},"end":{"line":492,"column":49}},"202":{"start":{"line":493,"column":6},"end":{"line":493,"column":44}},"203":{"start":{"line":494,"column":6},"end":{"line":494,"column":12}},"204":{"start":{"line":496,"column":2},"end":{"line":496,"column":39}},"205":{"start":{"line":497,"column":2},"end":{"line":497,"column":59}},"206":{"start":{"line":500,"column":33},"end":{"line":502,"column":null}},"207":{"start":{"line":505,"column":2},"end":{"line":515,"column":null}},"208":{"start":{"line":506,"column":19},"end":{"line":506,"column":51}},"209":{"start":{"line":507,"column":4},"end":{"line":507,"column":44}},"210":{"start":{"line":509,"column":4},"end":{"line":509,"column":34}},"211":{"start":{"line":510,"column":4},"end":{"line":513,"column":6}},"212":{"start":{"line":514,"column":4},"end":{"line":514,"column":66}},"213":{"start":{"line":499,"column":0},"end":{"line":499,"column":16}}},"fnMap":{"0":{"name":"pos","decl":{"start":{"line":68,"column":9},"end":{"line":68,"column":12}},"loc":{"start":{"line":68,"column":29},"end":{"line":81,"column":1}}},"1":{"name":"handleNodes","decl":{"start":{"line":82,"column":9},"end":{"line":82,"column":20}},"loc":{"start":{"line":82,"column":61},"end":{"line":87,"column":1}}},"2":{"name":"handleNode","decl":{"start":{"line":88,"column":9},"end":{"line":88,"column":19}},"loc":{"start":{"line":88,"column":30},"end":{"line":498,"column":1}}},"3":{"name":"(anonymous_4)","decl":{"start":{"line":242,"column":30},"end":{"line":242,"column":31}},"loc":{"start":{"line":242,"column":35},"end":{"line":244,"column":7}}},"4":{"name":"(anonymous_5)","decl":{"start":{"line":377,"column":20},"end":{"line":377,"column":21}},"loc":{"start":{"line":377,"column":22},"end":{"line":377,"column":30}}},"5":{"name":"parseShell","decl":{"start":{"line":499,"column":16},"end":{"line":499,"column":26}},"loc":{"start":{"line":499,"column":43},"end":{"line":516,"column":1}}}},"branchMap":{"0":{"loc":{"start":{"line":69,"column":2},"end":{"line":77,"column":null}},"type":"if","locations":[{"start":{"line":69,"column":2},"end":{"line":77,"column":null}}]},"1":{"loc":{"start":{"line":89,"column":2},"end":{"line":91,"column":null}},"type":"if","locations":[{"start":{"line":89,"column":2},"end":{"line":91,"column":null}}]},"2":{"loc":{"start":{"line":92,"column":2},"end":{"line":94,"column":null}},"type":"if","locations":[{"start":{"line":92,"column":2},"end":{"line":94,"column":null}}]},"3":{"loc":{"start":{"line":96,"column":2},"end":{"line":495,"column":null}},"type":"switch","locations":[{"start":{"line":97,"column":4},"end":{"line":99,"column":37}},{"start":{"line":100,"column":4},"end":{"line":104,"column":43}},{"start":{"line":105,"column":4},"end":{"line":107,"column":41}},{"start":{"line":108,"column":4},"end":{"line":114,"column":17}},{"start":{"line":115,"column":4},"end":{"line":131,"column":17}},{"start":{"line":132,"column":4},"end":{"line":134,"column":73}},{"start":{"line":136,"column":4},"end":{"line":154,"column":10}},{"start":{"line":155,"column":4},"end":{"line":173,"column":10}},{"start":{"line":174,"column":4},"end":{"line":176,"column":64}},{"start":{"line":177,"column":4},"end":{"line":203,"column":17}},{"start":{"line":204,"column":4},"end":{"line":213,"column":73}},{"start":{"line":214,"column":4},"end":{"line":222,"column":74}},{"start":{"line":223,"column":4},"end":{"line":228,"column":8}},{"start":{"line":229,"column":4},"end":{"line":234,"column":18}},{"start":{"line":235,"column":4},"end":{"line":237,"column":66}},{"start":{"line":239,"column":4},"end":{"line":245,"column":17}},{"start":{"line":247,"column":4},"end":{"line":251,"column":8}},{"start":{"line":252,"column":4},"end":{"line":265,"column":10}},{"start":{"line":266,"column":4},"end":{"line":279,"column":10}},{"start":{"line":281,"column":4},"end":{"line":304,"column":17}},{"start":{"line":306,"column":4},"end":{"line":308,"column":63}},{"start":{"line":309,"column":4},"end":{"line":311,"column":35}},{"start":{"line":313,"column":4},"end":{"line":327,"column":20}},{"start":{"line":329,"column":4},"end":{"line":358,"column":69}},{"start":{"line":359,"column":4},"end":{"line":361,"column":12}},{"start":{"line":362,"column":4},"end":{"line":364,"column":74}},{"start":{"line":365,"column":4},"end":{"line":367,"column":12}},{"start":{"line":368,"column":4},"end":{"line":394,"column":21}},{"start":{"line":395,"column":4},"end":{"line":401,"column":16}},{"start":{"line":402,"column":4},"end":{"line":407,"column":8}},{"start":{"line":408,"column":4},"end":{"line":410,"column":72}},{"start":{"line":411,"column":4},"end":{"line":419,"column":8}},{"start":{"line":420,"column":4},"end":{"line":428,"column":16}},{"start":{"line":429,"column":4},"end":{"line":440,"column":17}},{"start":{"line":441,"column":4},"end":{"line":443,"column":39}},{"start":{"line":444,"column":4},"end":{"line":448,"column":8}},{"start":{"line":449,"column":4},"end":{"line":450,"column":60}},{"start":{"line":451,"column":4},"end":{"line":452,"column":64}},{"start":{"line":453,"column":4},"end":{"line":454,"column":52}},{"start":{"line":455,"column":4},"end":{"line":456,"column":48}},{"start":{"line":457,"column":4},"end":{"line":458,"column":52}},{"start":{"line":459,"column":4},"end":{"line":460,"column":54}},{"start":{"line":461,"column":4},"end":{"line":462,"column":50}},{"start":{"line":463,"column":4},"end":{"line":464,"column":56}},{"start":{"line":465,"column":4},"end":{"line":466,"column":50}},{"start":{"line":467,"column":4},"end":{"line":468,"column":50}},{"start":{"line":469,"column":4},"end":{"line":470,"column":56}},{"start":{"line":471,"column":4},"end":{"line":472,"column":52}},{"start":{"line":473,"column":4},"end":{"line":474,"column":46}},{"start":{"line":475,"column":4},"end":{"line":476,"column":56}},{"start":{"line":477,"column":4},"end":{"line":478,"column":52}},{"start":{"line":479,"column":4},"end":{"line":480,"column":60}},{"start":{"line":481,"column":4},"end":{"line":482,"column":50}},{"start":{"line":483,"column":4},"end":{"line":484,"column":62}},{"start":{"line":485,"column":4},"end":{"line":486,"column":52}},{"start":{"line":487,"column":4},"end":{"line":488,"column":60}},{"start":{"line":489,"column":4},"end":{"line":490,"column":54}},{"start":{"line":491,"column":4},"end":{"line":494,"column":12}}]},"4":{"loc":{"start":{"line":124,"column":6},"end":{"line":130,"column":null}},"type":"if","locations":[{"start":{"line":124,"column":6},"end":{"line":130,"column":null}}]},"5":{"loc":{"start":{"line":188,"column":6},"end":{"line":202,"column":null}},"type":"if","locations":[{"start":{"line":188,"column":6},"end":{"line":202,"column":null}}]},"6":{"loc":{"start":{"line":297,"column":6},"end":{"line":303,"column":null}},"type":"if","locations":[{"start":{"line":297,"column":6},"end":{"line":303,"column":null}}]},"7":{"loc":{"start":{"line":318,"column":6},"end":{"line":320,"column":null}},"type":"if","locations":[{"start":{"line":318,"column":6},"end":{"line":320,"column":null}}]},"8":{"loc":{"start":{"line":321,"column":6},"end":{"line":323,"column":null}},"type":"if","locations":[{"start":{"line":321,"column":6},"end":{"line":323,"column":null}}]},"9":{"loc":{"start":{"line":324,"column":6},"end":{"line":326,"column":null}},"type":"if","locations":[{"start":{"line":324,"column":6},"end":{"line":326,"column":null}}]},"10":{"loc":{"start":{"line":333,"column":6},"end":{"line":345,"column":null}},"type":"if","locations":[{"start":{"line":333,"column":6},"end":{"line":345,"column":null}},{"start":{"line":336,"column":13},"end":{"line":345,"column":null}}]},"11":{"loc":{"start":{"line":336,"column":13},"end":{"line":345,"column":null}},"type":"if","locations":[{"start":{"line":336,"column":13},"end":{"line":345,"column":null}},{"start":{"line":339,"column":13},"end":{"line":345,"column":null}}]},"12":{"loc":{"start":{"line":339,"column":13},"end":{"line":345,"column":null}},"type":"if","locations":[{"start":{"line":339,"column":13},"end":{"line":345,"column":null}},{"start":{"line":342,"column":13},"end":{"line":345,"column":null}}]},"13":{"loc":{"start":{"line":351,"column":6},"end":{"line":353,"column":null}},"type":"if","locations":[{"start":{"line":351,"column":6},"end":{"line":353,"column":null}}]},"14":{"loc":{"start":{"line":354,"column":6},"end":{"line":356,"column":null}},"type":"if","locations":[{"start":{"line":354,"column":6},"end":{"line":356,"column":null}}]},"15":{"loc":{"start":{"line":373,"column":6},"end":{"line":379,"column":null}},"type":"if","locations":[{"start":{"line":373,"column":6},"end":{"line":379,"column":null}}]},"16":{"loc":{"start":{"line":380,"column":6},"end":{"line":380,"column":65}},"type":"if","locations":[{"start":{"line":380,"column":6},"end":{"line":380,"column":65}}]},"17":{"loc":{"start":{"line":381,"column":6},"end":{"line":381,"column":60}},"type":"if","locations":[{"start":{"line":381,"column":6},"end":{"line":381,"column":60}}]},"18":{"loc":{"start":{"line":383,"column":26},"end":{"line":383,"column":79}},"type":"binary-expr","locations":[{"start":{"line":383,"column":26},"end":{"line":383,"column":51}},{"start":{"line":383,"column":55},"end":{"line":383,"column":79}}]},"19":{"loc":{"start":{"line":387,"column":6},"end":{"line":392,"column":null}},"type":"if","locations":[{"start":{"line":387,"column":6},"end":{"line":392,"column":null}}]},"20":{"loc":{"start":{"line":399,"column":8},"end":{"line":399,"column":58}},"type":"if","locations":[{"start":{"line":399,"column":8},"end":{"line":399,"column":58}}]},"21":{"loc":{"start":{"line":436,"column":6},"end":{"line":436,"column":43}},"type":"if","locations":[{"start":{"line":436,"column":6},"end":{"line":436,"column":43}}]}},"s":{"0":1,"1":1,"2":1,"3":1,"4":1669,"5":1597,"6":1597,"7":72,"8":72,"9":219,"10":438,"11":108,"12":108,"13":219,"14":1283,"15":0,"16":1283,"17":0,"18":1283,"19":1283,"20":0,"21":0,"22":0,"23":0,"24":0,"25":0,"26":0,"27":0,"28":0,"29":0,"30":0,"31":0,"32":0,"33":0,"34":7,"35":7,"36":7,"37":7,"38":7,"39":0,"40":0,"41":0,"42":0,"43":51,"44":51,"45":3,"46":3,"47":117,"48":117,"49":117,"50":117,"51":7,"52":7,"53":117,"54":110,"55":110,"56":110,"57":236,"58":236,"59":117,"60":2,"61":2,"62":3,"63":3,"64":10,"65":10,"66":0,"67":0,"68":0,"69":30,"70":30,"71":43,"72":43,"73":43,"74":72,"75":43,"76":11,"77":2,"78":2,"79":2,"80":0,"81":0,"82":4,"83":4,"84":4,"85":4,"86":1,"87":4,"88":380,"89":380,"90":0,"91":0,"92":43,"93":43,"94":43,"95":0,"96":43,"97":0,"98":43,"99":1,"100":43,"101":8,"102":8,"103":8,"104":8,"105":7,"106":1,"107":0,"108":1,"109":1,"110":0,"111":0,"112":8,"113":8,"114":0,"115":8,"116":0,"117":8,"118":8,"119":0,"120":0,"121":15,"122":15,"123":0,"124":0,"125":179,"126":179,"127":179,"128":179,"129":3,"130":3,"131":6,"132":3,"133":179,"134":0,"135":179,"136":8,"137":179,"138":179,"139":179,"140":1,"141":178,"142":0,"143":0,"144":0,"145":0,"146":0,"147":0,"148":0,"149":0,"150":0,"151":1,"152":1,"153":0,"154":0,"155":0,"156":0,"157":371,"158":371,"159":371,"160":371,"161":371,"162":376,"163":376,"164":371,"165":2,"166":2,"167":2,"168":2,"169":2,"170":2,"171":2,"172":2,"173":3,"174":3,"175":2,"176":0,"177":0,"178":1,"179":1,"180":0,"181":0,"182":0,"183":0,"184":0,"185":0,"186":0,"187":0,"188":0,"189":0,"190":0,"191":0,"192":0,"193":0,"194":0,"195":0,"196":0,"197":0,"198":0,"199":0,"200":0,"201":0,"202":0,"203":0,"204":0,"205":0,"206":11,"207":11,"208":11,"209":11,"210":0,"211":0,"212":0,"213":1},"f":{"0":1669,"1":219,"2":1283,"3":72,"4":6,"5":11},"b":{"0":[1597],"1":[0],"2":[0],"3":[0,0,0,0,7,0,0,51,3,117,2,3,10,0,30,43,11,2,0,4,380,0,43,8,0,15,0,179,0,1,0,0,371,2,0,1,0,0,0,0,0,0,0,0,0,0,0,0,0,0,0,0,0,0,0,0,0,0],"4":[7],"5":[110],"6":[1],"7":[0],"8":[0],"9":[1],"10":[7,1],"11":[0,1],"12":[1,0],"13":[0],"14":[0],"15":[3],"16":[0],"17":[8],"18":[179,55],"19":[1],"20":[0],"21":[2]}}
,"/Users/tdurieux/git/dockerfile-debloat/lib/ast/docker-parser.ts": {"path":"/Users/tdurieux/git/dockerfile-debloat/lib/ast/docker-parser.ts","statementMap":{"0":{"start":{"line":1,"column":0},"end":{"line":1,"column":null}},"1":{"start":{"line":8,"column":0},"end":{"line":8,"column":34}},"2":{"start":{"line":9,"column":0},"end":{"line":9,"column":50}},"3":{"start":{"line":10,"column":0},"end":{"line":10,"column":null}},"4":{"start":{"line":48,"column":2},"end":{"line":48,"column":53}},"5":{"start":{"line":47,"column":0},"end":{"line":47,"column":16}},"6":{"start":{"line":52,"column":36},"end":{"line":52,"column":52}},"7":{"start":{"line":54,"column":16},"end":{"line":54,"column":51}},"8":{"start":{"line":55,"column":2},"end":{"line":57,"column":4}},"9":{"start":{"line":58,"column":2},"end":{"line":68,"column":null}},"10":{"start":{"line":58,"column":24},"end":{"line":58,"column":29}},"11":{"start":{"line":58,"column":24},"end":{"line":58,"column":43}},"12":{"start":{"line":58,"column":20},"end":{"line":58,"column":24}},"13":{"start":{"line":59,"column":21},"end":{"line":63,"column":null}},"14":{"start":{"line":65,"column":4},"end":{"line":67,"column":6}},"15":{"start":{"line":70,"column":4},"end":{"line":75,"column":6}},"16":{"start":{"line":77,"column":2},"end":{"line":271,"column":null}},"17":{"start":{"line":77,"column":21},"end":{"line":77,"column":26}},"18":{"start":{"line":77,"column":21},"end":{"line":77,"column":44}},"19":{"start":{"line":77,"column":17},"end":{"line":77,"column":21}},"20":{"start":{"line":78,"column":21},"end":{"line":78,"column":48}},"21":{"start":{"line":79,"column":20},"end":{"line":79,"column":51}},"22":{"start":{"line":80,"column":4},"end":{"line":270,"column":null}},"23":{"start":{"line":82,"column":21},"end":{"line":82,"column":33}},"24":{"start":{"line":83,"column":25},"end":{"line":83,"column":41}},"25":{"start":{"line":84,"column":8},"end":{"line":84,"column":39}},"26":{"start":{"line":85,"column":8},"end":{"line":91,"column":null}},"27":{"start":{"line":86,"column":10},"end":{"line":90,"column":12}},"28":{"start":{"line":92,"column":8},"end":{"line":98,"column":null}},"29":{"start":{"line":93,"column":10},"end":{"line":97,"column":12}},"30":{"start":{"line":100,"column":8},"end":{"line":106,"column":null}},"31":{"start":{"line":101,"column":10},"end":{"line":105,"column":12}},"32":{"start":{"line":107,"column":8},"end":{"line":113,"column":null}},"33":{"start":{"line":108,"column":10},"end":{"line":112,"column":12}},"34":{"start":{"line":115,"column":8},"end":{"line":121,"column":null}},"35":{"start":{"line":116,"column":10},"end":{"line":120,"column":12}},"36":{"start":{"line":122,"column":8},"end":{"line":122,"column":41}},"37":{"start":{"line":123,"column":8},"end":{"line":123,"column":14}},"38":{"start":{"line":125,"column":26},"end":{"line":125,"column":41}},"39":{"start":{"line":126,"column":8},"end":{"line":126,"column":40}},"40":{"start":{"line":127,"column":26},"end":{"line":127,"column":50}},"41":{"start":{"line":128,"column":21},"end":{"line":128,"column":42}},"42":{"start":{"line":129,"column":28},"end":{"line":133,"column":45}},"43":{"start":{"line":134,"column":8},"end":{"line":134,"column":52}},"44":{"start":{"line":135,"column":8},"end":{"line":135,"column":42}},"45":{"start":{"line":136,"column":8},"end":{"line":136,"column":14}},"46":{"start":{"line":138,"column":21},"end":{"line":138,"column":37}},"47":{"start":{"line":139,"column":8},"end":{"line":139,"column":35}},"48":{"start":{"line":140,"column":8},"end":{"line":150,"column":null}},"49":{"start":{"line":140,"column":21},"end":{"line":140,"column":22}},"50":{"start":{"line":141,"column":22},"end":{"line":141,"column":44}},"51":{"start":{"line":142,"column":18},"end":{"line":142,"column":55}},"52":{"start":{"line":143,"column":10},"end":{"line":147,"column":null}},"53":{"start":{"line":144,"column":12},"end":{"line":144,"column":42}},"54":{"start":{"line":146,"column":12},"end":{"line":146,"column":42}},"55":{"start":{"line":148,"column":10},"end":{"line":148,"column":56}},"56":{"start":{"line":149,"column":10},"end":{"line":149,"column":30}},"57":{"start":{"line":151,"column":8},"end":{"line":151,"column":37}},"58":{"start":{"line":152,"column":8},"end":{"line":152,"column":14}},"59":{"start":{"line":154,"column":20},"end":{"line":154,"column":35}},"60":{"start":{"line":155,"column":8},"end":{"line":155,"column":34}},"61":{"start":{"line":156,"column":8},"end":{"line":166,"column":null}},"62":{"start":{"line":156,"column":21},"end":{"line":156,"column":22}},"63":{"start":{"line":157,"column":22},"end":{"line":157,"column":44}},"64":{"start":{"line":158,"column":18},"end":{"line":158,"column":53}},"65":{"start":{"line":159,"column":10},"end":{"line":163,"column":null}},"66":{"start":{"line":160,"column":12},"end":{"line":160,"column":41}},"67":{"start":{"line":162,"column":12},"end":{"line":162,"column":41}},"68":{"start":{"line":164,"column":10},"end":{"line":164,"column":56}},"69":{"start":{"line":165,"column":10},"end":{"line":165,"column":29}},"70":{"start":{"line":167,"column":8},"end":{"line":167,"column":36}},"71":{"start":{"line":168,"column":8},"end":{"line":168,"column":14}},"72":{"start":{"line":170,"column":8},"end":{"line":174,"column":10}},"73":{"start":{"line":175,"column":8},"end":{"line":175,"column":14}},"74":{"start":{"line":177,"column":20},"end":{"line":178,"column":null}},"75":{"start":{"line":180,"column":8},"end":{"line":180,"column":34}},"76":{"start":{"line":181,"column":8},"end":{"line":181,"column":36}},"77":{"start":{"line":182,"column":8},"end":{"line":182,"column":14}},"78":{"start":{"line":184,"column":8},"end":{"line":188,"column":null}},"79":{"start":{"line":184,"column":26},"end":{"line":184,"column":30}},"80":{"start":{"line":184,"column":26},"end":{"line":184,"column":45}},"81":{"start":{"line":184,"column":22},"end":{"line":184,"column":26}},"82":{"start":{"line":185,"column":10},"end":{"line":187,"column":12}},"83":{"start":{"line":189,"column":8},"end":{"line":189,"column":14}},"84":{"start":{"line":191,"column":20},"end":{"line":192,"column":null}},"85":{"start":{"line":194,"column":8},"end":{"line":194,"column":34}},"86":{"start":{"line":195,"column":8},"end":{"line":199,"column":null}},"87":{"start":{"line":196,"column":10},"end":{"line":198,"column":12}},"88":{"start":{"line":200,"column":8},"end":{"line":200,"column":36}},"89":{"start":{"line":201,"column":8},"end":{"line":201,"column":14}},"90":{"start":{"line":203,"column":21},"end":{"line":203,"column":40}},"91":{"start":{"line":205,"column":20},"end":{"line":206,"column":null}},"92":{"start":{"line":208,"column":8},"end":{"line":208,"column":34}},"93":{"start":{"line":209,"column":8},"end":{"line":211,"column":null}},"94":{"start":{"line":209,"column":21},"end":{"line":209,"column":22}},"95":{"start":{"line":210,"column":10},"end":{"line":210,"column":62}},"96":{"start":{"line":212,"column":8},"end":{"line":212,"column":36}},"97":{"start":{"line":213,"column":8},"end":{"line":213,"column":14}},"98":{"start":{"line":216,"column":10},"end":{"line":217,"column":26}},"99":{"start":{"line":218,"column":8},"end":{"line":218,"column":77}},"100":{"start":{"line":218,"column":40},"end":{"line":218,"column":77}},"101":{"start":{"line":220,"column":27},"end":{"line":221,"column":null}},"102":{"start":{"line":223,"column":8},"end":{"line":223,"column":41}},"103":{"start":{"line":224,"column":8},"end":{"line":228,"column":null}},"104":{"start":{"line":224,"column":21},"end":{"line":224,"column":22}},"105":{"start":{"line":225,"column":10},"end":{"line":227,"column":12}},"106":{"start":{"line":229,"column":8},"end":{"line":229,"column":43}},"107":{"start":{"line":230,"column":8},"end":{"line":230,"column":14}},"108":{"start":{"line":232,"column":20},"end":{"line":232,"column":35}},"109":{"start":{"line":233,"column":8},"end":{"line":233,"column":34}},"110":{"start":{"line":234,"column":33},"end":{"line":234,"column":74}},"111":{"start":{"line":235,"column":8},"end":{"line":235,"column":59}},"112":{"start":{"line":235,"column":31},"end":{"line":235,"column":59}},"113":{"start":{"line":236,"column":8},"end":{"line":238,"column":null}},"114":{"start":{"line":236,"column":26},"end":{"line":236,"column":31}},"115":{"start":{"line":236,"column":22},"end":{"line":236,"column":26}},"116":{"start":{"line":237,"column":10},"end":{"line":237,"column":57}},"117":{"start":{"line":239,"column":8},"end":{"line":239,"column":36}},"118":{"start":{"line":240,"column":8},"end":{"line":240,"column":14}},"119":{"start":{"line":242,"column":22},"end":{"line":242,"column":39}},"120":{"start":{"line":243,"column":8},"end":{"line":243,"column":36}},"121":{"start":{"line":244,"column":8},"end":{"line":244,"column":59}},"122":{"start":{"line":245,"column":8},"end":{"line":245,"column":59}},"123":{"start":{"line":245,"column":31},"end":{"line":245,"column":59}},"124":{"start":{"line":246,"column":8},"end":{"line":250,"column":10}},"125":{"start":{"line":251,"column":8},"end":{"line":258,"column":null}},"126":{"start":{"line":251,"column":25},"end":{"line":251,"column":26}},"127":{"start":{"line":252,"column":22},"end":{"line":252,"column":34}},"128":{"start":{"line":253,"column":10},"end":{"line":257,"column":12}},"129":{"start":{"line":259,"column":8},"end":{"line":259,"column":38}},"130":{"start":{"line":260,"column":8},"end":{"line":260,"column":14}},"131":{"start":{"line":262,"column":21},"end":{"line":263,"column":null}},"132":{"start":{"line":265,"column":8},"end":{"line":265,"column":35}},"133":{"start":{"line":266,"column":8},"end":{"line":266,"column":37}},"134":{"start":{"line":267,"column":8},"end":{"line":267,"column":14}},"135":{"start":{"line":269,"column":8},"end":{"line":269,"column":52}},"136":{"start":{"line":272,"column":2},"end":{"line":272,"column":23}},"137":{"start":{"line":51,"column":0},"end":{"line":51,"column":16}}},"fnMap":{"0":{"name":"parseDockerFile","decl":{"start":{"line":47,"column":16},"end":{"line":47,"column":31}},"loc":{"start":{"line":47,"column":48},"end":{"line":49,"column":1}}},"1":{"name":"parseDocker","decl":{"start":{"line":51,"column":16},"end":{"line":51,"column":27}},"loc":{"start":{"line":51,"column":47},"end":{"line":273,"column":1}}},"2":{"name":"rangeToPos","decl":{"start":{"line":69,"column":11},"end":{"line":69,"column":21}},"loc":{"start":{"line":69,"column":57},"end":{"line":76,"column":3}}}},"branchMap":{"0":{"loc":{"start":{"line":80,"column":4},"end":{"line":270,"column":null}},"type":"switch","locations":[{"start":{"line":81,"column":6},"end":{"line":123,"column":14}},{"start":{"line":124,"column":6},"end":{"line":136,"column":14}},{"start":{"line":137,"column":6},"end":{"line":152,"column":14}},{"start":{"line":153,"column":6},"end":{"line":168,"column":14}},{"start":{"line":169,"column":6},"end":{"line":175,"column":14}},{"start":{"line":176,"column":6},"end":{"line":182,"column":14}},{"start":{"line":183,"column":6},"end":{"line":189,"column":14}},{"start":{"line":190,"column":6},"end":{"line":201,"column":14}},{"start":{"line":202,"column":6},"end":{"line":213,"column":14}},{"start":{"line":214,"column":6},"end":{"line":230,"column":14}},{"start":{"line":231,"column":6},"end":{"line":240,"column":14}},{"start":{"line":241,"column":6},"end":{"line":260,"column":14}},{"start":{"line":261,"column":6},"end":{"line":267,"column":14}},{"start":{"line":268,"column":6},"end":{"line":269,"column":52}}]},"1":{"loc":{"start":{"line":85,"column":8},"end":{"line":91,"column":null}},"type":"if","locations":[{"start":{"line":85,"column":8},"end":{"line":91,"column":null}}]},"2":{"loc":{"start":{"line":92,"column":8},"end":{"line":98,"column":null}},"type":"if","locations":[{"start":{"line":92,"column":8},"end":{"line":98,"column":null}}]},"3":{"loc":{"start":{"line":100,"column":8},"end":{"line":106,"column":null}},"type":"if","locations":[{"start":{"line":100,"column":8},"end":{"line":106,"column":null}}]},"4":{"loc":{"start":{"line":107,"column":8},"end":{"line":113,"column":null}},"type":"if","locations":[{"start":{"line":107,"column":8},"end":{"line":113,"column":null}}]},"5":{"loc":{"start":{"line":115,"column":8},"end":{"line":121,"column":null}},"type":"if","locations":[{"start":{"line":115,"column":8},"end":{"line":121,"column":null}}]},"6":{"loc":{"start":{"line":143,"column":10},"end":{"line":147,"column":null}},"type":"if","locations":[{"start":{"line":143,"column":10},"end":{"line":147,"column":null}},{"start":{"line":145,"column":17},"end":{"line":147,"column":null}}]},"7":{"loc":{"start":{"line":159,"column":10},"end":{"line":163,"column":null}},"type":"if","locations":[{"start":{"line":159,"column":10},"end":{"line":163,"column":null}},{"start":{"line":161,"column":17},"end":{"line":163,"column":null}}]},"8":{"loc":{"start":{"line":195,"column":8},"end":{"line":199,"column":null}},"type":"if","locations":[{"start":{"line":195,"column":8},"end":{"line":199,"column":null}}]},"9":{"loc":{"start":{"line":218,"column":8},"end":{"line":218,"column":77}},"type":"if","locations":[{"start":{"line":218,"column":8},"end":{"line":218,"column":77}}]},"10":{"loc":{"start":{"line":235,"column":8},"end":{"line":235,"column":59}},"type":"if","locations":[{"start":{"line":235,"column":8},"end":{"line":235,"column":59}}]},"11":{"loc":{"start":{"line":245,"column":8},"end":{"line":245,"column":59}},"type":"if","locations":[{"start":{"line":245,"column":8},"end":{"line":245,"column":59}}]}},"s":{"0":1,"1":1,"2":1,"3":1,"4":2,"5":1,"6":2,"7":2,"8":2,"9":2,"10":2,"11":2,"12":47,"13":47,"14":47,"15":34,"16":2,"17":2,"18":2,"19":30,"20":30,"21":30,"22":30,"23":2,"24":2,"25":2,"26":2,"27":0,"28":2,"29":2,"30":2,"31":2,"32":2,"33":0,"34":2,"35":0,"36":2,"37":2,"38":11,"39":11,"40":11,"41":11,"42":11,"43":11,"44":11,"45":11,"46":1,"47":1,"48":1,"49":1,"50":2,"51":2,"52":2,"53":1,"54":1,"55":2,"56":2,"57":1,"58":1,"59":0,"60":0,"61":0,"62":0,"63":0,"64":0,"65":0,"66":0,"67":0,"68":0,"69":0,"70":0,"71":0,"72":1,"73":1,"74":0,"75":0,"76":0,"77":0,"78":1,"79":1,"80":1,"81":1,"82":1,"83":1,"84":0,"85":0,"86":0,"87":0,"88":0,"89":0,"90":11,"91":11,"92":11,"93":11,"94":11,"95":13,"96":11,"97":11,"98":1,"99":1,"100":0,"101":1,"102":1,"103":1,"104":1,"105":0,"106":1,"107":1,"108":2,"109":2,"110":2,"111":2,"112":0,"113":2,"114":4,"115":3,"116":3,"117":2,"118":2,"119":0,"120":0,"121":0,"122":0,"123":0,"124":0,"125":0,"126":0,"127":0,"128":0,"129":0,"130":0,"131":0,"132":0,"133":0,"134":0,"135":0,"136":2,"137":1},"f":{"0":2,"1":2,"2":34},"b":{"0":[2,11,1,0,1,0,1,0,11,1,2,0,0,0],"1":[0],"2":[2],"3":[2],"4":[0],"5":[0],"6":[1,1],"7":[0,0],"8":[0],"9":[0],"10":[0],"11":[0]}}
,"/Users/tdurieux/git/dockerfile-debloat/lib/ast/docker-printer.ts": {"path":"/Users/tdurieux/git/dockerfile-debloat/lib/ast/docker-printer.ts","statementMap":{"0":{"start":{"line":1,"column":0},"end":{"line":1,"column":null}},"1":{"start":{"line":8,"column":0},"end":{"line":8,"column":null}},"2":{"start":{"line":13,"column":55},"end":{"line":13,"column":74}},"3":{"start":{"line":13,"column":23},"end":{"line":13,"column":46}},"4":{"start":{"line":13,"column":55},"end":{"line":13,"column":71}},"5":{"start":{"line":9,"column":2},"end":{"line":9,"column":18}},"6":{"start":{"line":10,"column":2},"end":{"line":10,"column":22}},"7":{"start":{"line":11,"column":2},"end":{"line":11,"column":22}},"8":{"start":{"line":12,"column":2},"end":{"line":12,"column":49}},"9":{"start":{"line":15,"column":2},"end":{"line":18,"column":null}},"10":{"start":{"line":16,"column":4},"end":{"line":16,"column":67}},"11":{"start":{"line":17,"column":4},"end":{"line":17,"column":16}},"12":{"start":{"line":19,"column":2},"end":{"line":23,"column":null}},"13":{"start":{"line":20,"column":4},"end":{"line":20,"column":71}},"14":{"start":{"line":20,"column":59},"end":{"line":20,"column":71}},"15":{"start":{"line":21,"column":4},"end":{"line":21,"column":23}},"16":{"start":{"line":22,"column":4},"end":{"line":22,"column":16}},"17":{"start":{"line":24,"column":2},"end":{"line":27,"column":null}},"18":{"start":{"line":25,"column":4},"end":{"line":25,"column":23}},"19":{"start":{"line":26,"column":4},"end":{"line":26,"column":16}},"20":{"start":{"line":28,"column":2},"end":{"line":31,"column":null}},"21":{"start":{"line":29,"column":4},"end":{"line":29,"column":23}},"22":{"start":{"line":30,"column":4},"end":{"line":30,"column":16}},"23":{"start":{"line":33,"column":2},"end":{"line":36,"column":null}},"24":{"start":{"line":34,"column":4},"end":{"line":34,"column":23}},"25":{"start":{"line":35,"column":4},"end":{"line":35,"column":16}},"26":{"start":{"line":38,"column":2},"end":{"line":41,"column":null}},"27":{"start":{"line":39,"column":4},"end":{"line":39,"column":40}},"28":{"start":{"line":40,"column":4},"end":{"line":40,"column":16}},"29":{"start":{"line":43,"column":2},"end":{"line":407,"column":null}},"30":{"start":{"line":43,"column":2},"end":{"line":43,"column":11}},"31":{"start":{"line":44,"column":4},"end":{"line":44,"column":34}},"32":{"start":{"line":44,"column":22},"end":{"line":44,"column":34}},"33":{"start":{"line":45,"column":4},"end":{"line":47,"column":null}},"34":{"start":{"line":46,"column":6},"end":{"line":46,"column":27}},"35":{"start":{"line":49,"column":4},"end":{"line":53,"column":null}},"36":{"start":{"line":51,"column":8},"end":{"line":51,"column":73}},"37":{"start":{"line":52,"column":6},"end":{"line":52,"column":21}},"38":{"start":{"line":54,"column":4},"end":{"line":54,"column":30}},"39":{"start":{"line":55,"column":4},"end":{"line":405,"column":null}},"40":{"start":{"line":57,"column":8},"end":{"line":57,"column":34}},"41":{"start":{"line":76,"column":8},"end":{"line":76,"column":47}},"42":{"start":{"line":76,"column":28},"end":{"line":76,"column":46}},"43":{"start":{"line":77,"column":8},"end":{"line":77,"column":14}},"44":{"start":{"line":95,"column":8},"end":{"line":95,"column":32}},"45":{"start":{"line":96,"column":8},"end":{"line":96,"column":14}},"46":{"start":{"line":98,"column":8},"end":{"line":98,"column":38}},"47":{"start":{"line":99,"column":8},"end":{"line":99,"column":14}},"48":{"start":{"line":101,"column":8},"end":{"line":101,"column":38}},"49":{"start":{"line":102,"column":8},"end":{"line":102,"column":14}},"50":{"start":{"line":104,"column":8},"end":{"line":110,"column":10}},"51":{"start":{"line":111,"column":8},"end":{"line":111,"column":14}},"52":{"start":{"line":113,"column":8},"end":{"line":113,"column":60}},"53":{"start":{"line":114,"column":8},"end":{"line":114,"column":14}},"54":{"start":{"line":116,"column":8},"end":{"line":120,"column":33}},"55":{"start":{"line":121,"column":8},"end":{"line":121,"column":14}},"56":{"start":{"line":123,"column":8},"end":{"line":123,"column":26}},"57":{"start":{"line":124,"column":8},"end":{"line":124,"column":53}},"58":{"start":{"line":124,"column":31},"end":{"line":124,"column":52}},"59":{"start":{"line":125,"column":8},"end":{"line":125,"column":25}},"60":{"start":{"line":126,"column":8},"end":{"line":126,"column":14}},"61":{"start":{"line":128,"column":8},"end":{"line":128,"column":25}},"62":{"start":{"line":129,"column":8},"end":{"line":129,"column":53}},"63":{"start":{"line":129,"column":31},"end":{"line":129,"column":52}},"64":{"start":{"line":130,"column":8},"end":{"line":130,"column":25}},"65":{"start":{"line":131,"column":8},"end":{"line":131,"column":14}},"66":{"start":{"line":133,"column":8},"end":{"line":133,"column":56}},"67":{"start":{"line":134,"column":8},"end":{"line":134,"column":14}},"68":{"start":{"line":136,"column":8},"end":{"line":146,"column":26}},"69":{"start":{"line":147,"column":8},"end":{"line":147,"column":54}},"70":{"start":{"line":147,"column":37},"end":{"line":147,"column":54}},"71":{"start":{"line":148,"column":8},"end":{"line":148,"column":14}},"72":{"start":{"line":150,"column":8},"end":{"line":150,"column":53}},"73":{"start":{"line":150,"column":31},"end":{"line":150,"column":52}},"74":{"start":{"line":151,"column":8},"end":{"line":151,"column":43}},"75":{"start":{"line":152,"column":8},"end":{"line":152,"column":14}},"76":{"start":{"line":154,"column":8},"end":{"line":154,"column":68}},"77":{"start":{"line":155,"column":8},"end":{"line":155,"column":67}},"78":{"start":{"line":156,"column":8},"end":{"line":156,"column":14}},"79":{"start":{"line":158,"column":8},"end":{"line":166,"column":21}},"80":{"start":{"line":168,"column":8},"end":{"line":169,"column":45}},"81":{"start":{"line":169,"column":10},"end":{"line":169,"column":45}},"82":{"start":{"line":170,"column":8},"end":{"line":170,"column":54}},"83":{"start":{"line":170,"column":37},"end":{"line":170,"column":54}},"84":{"start":{"line":171,"column":8},"end":{"line":171,"column":14}},"85":{"start":{"line":174,"column":8},"end":{"line":174,"column":26}},"86":{"start":{"line":175,"column":8},"end":{"line":175,"column":47}},"87":{"start":{"line":175,"column":28},"end":{"line":175,"column":46}},"88":{"start":{"line":176,"column":8},"end":{"line":176,"column":14}},"89":{"start":{"line":178,"column":8},"end":{"line":178,"column":70}},"90":{"start":{"line":179,"column":8},"end":{"line":179,"column":14}},"91":{"start":{"line":181,"column":8},"end":{"line":181,"column":33}},"92":{"start":{"line":182,"column":8},"end":{"line":182,"column":14}},"93":{"start":{"line":184,"column":8},"end":{"line":192,"column":26}},"94":{"start":{"line":193,"column":8},"end":{"line":193,"column":54}},"95":{"start":{"line":193,"column":37},"end":{"line":193,"column":54}},"96":{"start":{"line":194,"column":8},"end":{"line":194,"column":14}},"97":{"start":{"line":196,"column":8},"end":{"line":202,"column":22}},"98":{"start":{"line":203,"column":8},"end":{"line":203,"column":14}},"99":{"start":{"line":205,"column":8},"end":{"line":207,"column":11}},"100":{"start":{"line":206,"column":10},"end":{"line":206,"column":38}},"101":{"start":{"line":208,"column":8},"end":{"line":208,"column":14}},"102":{"start":{"line":210,"column":8},"end":{"line":219,"column":null}},"103":{"start":{"line":212,"column":12},"end":{"line":212,"column":30}},"104":{"start":{"line":213,"column":12},"end":{"line":213,"column":18}},"105":{"start":{"line":216,"column":12},"end":{"line":216,"column":58}},"106":{"start":{"line":217,"column":12},"end":{"line":217,"column":36}},"107":{"start":{"line":218,"column":12},"end":{"line":218,"column":18}},"108":{"start":{"line":220,"column":8},"end":{"line":220,"column":14}},"109":{"start":{"line":222,"column":8},"end":{"line":225,"column":11}},"110":{"start":{"line":223,"column":10},"end":{"line":223,"column":42}},"111":{"start":{"line":223,"column":25},"end":{"line":223,"column":42}},"112":{"start":{"line":224,"column":10},"end":{"line":224,"column":28}},"113":{"start":{"line":226,"column":8},"end":{"line":226,"column":25}},"114":{"start":{"line":227,"column":8},"end":{"line":227,"column":14}},"115":{"start":{"line":229,"column":8},"end":{"line":229,"column":26}},"116":{"start":{"line":230,"column":8},"end":{"line":230,"column":53}},"117":{"start":{"line":230,"column":31},"end":{"line":230,"column":52}},"118":{"start":{"line":231,"column":8},"end":{"line":231,"column":14}},"119":{"start":{"line":233,"column":8},"end":{"line":233,"column":27}},"120":{"start":{"line":234,"column":8},"end":{"line":234,"column":53}},"121":{"start":{"line":234,"column":31},"end":{"line":234,"column":52}},"122":{"start":{"line":235,"column":8},"end":{"line":235,"column":14}},"123":{"start":{"line":237,"column":8},"end":{"line":237,"column":27}},"124":{"start":{"line":238,"column":8},"end":{"line":238,"column":53}},"125":{"start":{"line":238,"column":31},"end":{"line":238,"column":52}},"126":{"start":{"line":239,"column":8},"end":{"line":239,"column":14}},"127":{"start":{"line":241,"column":8},"end":{"line":241,"column":26}},"128":{"start":{"line":242,"column":8},"end":{"line":242,"column":53}},"129":{"start":{"line":242,"column":31},"end":{"line":242,"column":52}},"130":{"start":{"line":243,"column":8},"end":{"line":243,"column":14}},"131":{"start":{"line":245,"column":8},"end":{"line":249,"column":null}},"132":{"start":{"line":247,"column":12},"end":{"line":247,"column":29}},"133":{"start":{"line":248,"column":12},"end":{"line":248,"column":18}},"134":{"start":{"line":250,"column":8},"end":{"line":250,"column":53}},"135":{"start":{"line":250,"column":31},"end":{"line":250,"column":52}},"136":{"start":{"line":251,"column":8},"end":{"line":251,"column":14}},"137":{"start":{"line":253,"column":8},"end":{"line":271,"column":null}},"138":{"start":{"line":255,"column":12},"end":{"line":255,"column":29}},"139":{"start":{"line":256,"column":12},"end":{"line":256,"column":18}},"140":{"start":{"line":258,"column":12},"end":{"line":258,"column":30}},"141":{"start":{"line":259,"column":12},"end":{"line":259,"column":18}},"142":{"start":{"line":261,"column":12},"end":{"line":261,"column":30}},"143":{"start":{"line":262,"column":12},"end":{"line":262,"column":18}},"144":{"start":{"line":264,"column":12},"end":{"line":264,"column":29}},"145":{"start":{"line":265,"column":12},"end":{"line":265,"column":18}},"146":{"start":{"line":268,"column":12},"end":{"line":268,"column":57}},"147":{"start":{"line":269,"column":12},"end":{"line":269,"column":36}},"148":{"start":{"line":270,"column":12},"end":{"line":270,"column":18}},"149":{"start":{"line":272,"column":8},"end":{"line":272,"column":14}},"150":{"start":{"line":281,"column":8},"end":{"line":281,"column":55}},"151":{"start":{"line":281,"column":28},"end":{"line":281,"column":54}},"152":{"start":{"line":282,"column":8},"end":{"line":282,"column":14}},"153":{"start":{"line":284,"column":8},"end":{"line":284,"column":25}},"154":{"start":{"line":285,"column":8},"end":{"line":285,"column":47}},"155":{"start":{"line":285,"column":28},"end":{"line":285,"column":46}},"156":{"start":{"line":286,"column":8},"end":{"line":286,"column":25}},"157":{"start":{"line":287,"column":8},"end":{"line":287,"column":14}},"158":{"start":{"line":289,"column":8},"end":{"line":289,"column":44}},"159":{"start":{"line":290,"column":8},"end":{"line":292,"column":11}},"160":{"start":{"line":291,"column":10},"end":{"line":291,"column":28}},"161":{"start":{"line":293,"column":8},"end":{"line":293,"column":46}},"162":{"start":{"line":294,"column":8},"end":{"line":294,"column":14}},"163":{"start":{"line":296,"column":8},"end":{"line":296,"column":22}},"164":{"start":{"line":297,"column":8},"end":{"line":299,"column":11}},"165":{"start":{"line":298,"column":10},"end":{"line":298,"column":28}},"166":{"start":{"line":300,"column":8},"end":{"line":300,"column":24}},"167":{"start":{"line":301,"column":8},"end":{"line":301,"column":20}},"168":{"start":{"line":302,"column":8},"end":{"line":302,"column":54}},"169":{"start":{"line":302,"column":37},"end":{"line":302,"column":54}},"170":{"start":{"line":303,"column":8},"end":{"line":303,"column":14}},"171":{"start":{"line":305,"column":8},"end":{"line":305,"column":39}},"172":{"start":{"line":306,"column":8},"end":{"line":306,"column":14}},"173":{"start":{"line":308,"column":8},"end":{"line":308,"column":29}},"174":{"start":{"line":309,"column":8},"end":{"line":309,"column":29}},"175":{"start":{"line":310,"column":8},"end":{"line":310,"column":47}},"176":{"start":{"line":310,"column":28},"end":{"line":310,"column":46}},"177":{"start":{"line":311,"column":8},"end":{"line":311,"column":33}},"178":{"start":{"line":312,"column":8},"end":{"line":312,"column":14}},"179":{"start":{"line":314,"column":8},"end":{"line":314,"column":29}},"180":{"start":{"line":315,"column":8},"end":{"line":315,"column":37}},"181":{"start":{"line":316,"column":8},"end":{"line":316,"column":47}},"182":{"start":{"line":316,"column":28},"end":{"line":316,"column":46}},"183":{"start":{"line":317,"column":8},"end":{"line":317,"column":34}},"184":{"start":{"line":318,"column":8},"end":{"line":318,"column":14}},"185":{"start":{"line":320,"column":8},"end":{"line":320,"column":29}},"186":{"start":{"line":321,"column":8},"end":{"line":321,"column":40}},"187":{"start":{"line":322,"column":8},"end":{"line":322,"column":63}},"188":{"start":{"line":323,"column":8},"end":{"line":325,"column":null}},"189":{"start":{"line":323,"column":24},"end":{"line":323,"column":28}},"190":{"start":{"line":323,"column":24},"end":{"line":323,"column":56}},"191":{"start":{"line":323,"column":20},"end":{"line":323,"column":24}},"192":{"start":{"line":324,"column":10},"end":{"line":324,"column":41}},"193":{"start":{"line":326,"column":8},"end":{"line":326,"column":46}},"194":{"start":{"line":327,"column":8},"end":{"line":327,"column":14}},"195":{"start":{"line":329,"column":8},"end":{"line":329,"column":29}},"196":{"start":{"line":330,"column":8},"end":{"line":330,"column":37}},"197":{"start":{"line":331,"column":8},"end":{"line":331,"column":47}},"198":{"start":{"line":331,"column":28},"end":{"line":331,"column":46}},"199":{"start":{"line":332,"column":8},"end":{"line":332,"column":34}},"200":{"start":{"line":333,"column":8},"end":{"line":333,"column":14}},"201":{"start":{"line":335,"column":8},"end":{"line":335,"column":29}},"202":{"start":{"line":336,"column":8},"end":{"line":336,"column":38}},"203":{"start":{"line":337,"column":8},"end":{"line":337,"column":55}},"204":{"start":{"line":337,"column":28},"end":{"line":337,"column":54}},"205":{"start":{"line":338,"column":8},"end":{"line":338,"column":34}},"206":{"start":{"line":339,"column":8},"end":{"line":339,"column":14}},"207":{"start":{"line":341,"column":8},"end":{"line":341,"column":29}},"208":{"start":{"line":342,"column":8},"end":{"line":342,"column":41}},"209":{"start":{"line":343,"column":8},"end":{"line":343,"column":47}},"210":{"start":{"line":343,"column":28},"end":{"line":343,"column":46}},"211":{"start":{"line":344,"column":8},"end":{"line":344,"column":34}},"212":{"start":{"line":345,"column":8},"end":{"line":345,"column":14}},"213":{"start":{"line":347,"column":8},"end":{"line":347,"column":29}},"214":{"start":{"line":348,"column":8},"end":{"line":348,"column":37}},"215":{"start":{"line":349,"column":8},"end":{"line":349,"column":55}},"216":{"start":{"line":349,"column":28},"end":{"line":349,"column":54}},"217":{"start":{"line":350,"column":8},"end":{"line":350,"column":34}},"218":{"start":{"line":351,"column":8},"end":{"line":351,"column":14}},"219":{"start":{"line":353,"column":8},"end":{"line":353,"column":29}},"220":{"start":{"line":354,"column":8},"end":{"line":354,"column":40}},"221":{"start":{"line":355,"column":8},"end":{"line":355,"column":55}},"222":{"start":{"line":355,"column":28},"end":{"line":355,"column":54}},"223":{"start":{"line":356,"column":8},"end":{"line":356,"column":34}},"224":{"start":{"line":357,"column":8},"end":{"line":357,"column":14}},"225":{"start":{"line":359,"column":8},"end":{"line":359,"column":29}},"226":{"start":{"line":360,"column":8},"end":{"line":360,"column":45}},"227":{"start":{"line":361,"column":8},"end":{"line":364,"column":11}},"228":{"start":{"line":362,"column":10},"end":{"line":362,"column":43}},"229":{"start":{"line":362,"column":25},"end":{"line":362,"column":43}},"230":{"start":{"line":363,"column":10},"end":{"line":363,"column":28}},"231":{"start":{"line":365,"column":8},"end":{"line":365,"column":46}},"232":{"start":{"line":366,"column":8},"end":{"line":366,"column":14}},"233":{"start":{"line":368,"column":8},"end":{"line":368,"column":29}},"234":{"start":{"line":369,"column":8},"end":{"line":369,"column":28}},"235":{"start":{"line":370,"column":8},"end":{"line":370,"column":25}},"236":{"start":{"line":371,"column":8},"end":{"line":374,"column":11}},"237":{"start":{"line":372,"column":10},"end":{"line":372,"column":43}},"238":{"start":{"line":372,"column":25},"end":{"line":372,"column":43}},"239":{"start":{"line":373,"column":10},"end":{"line":373,"column":28}},"240":{"start":{"line":375,"column":8},"end":{"line":375,"column":25}},"241":{"start":{"line":376,"column":8},"end":{"line":376,"column":23}},"242":{"start":{"line":377,"column":8},"end":{"line":377,"column":14}},"243":{"start":{"line":379,"column":8},"end":{"line":379,"column":29}},"244":{"start":{"line":380,"column":8},"end":{"line":380,"column":31}},"245":{"start":{"line":381,"column":8},"end":{"line":384,"column":11}},"246":{"start":{"line":382,"column":10},"end":{"line":382,"column":43}},"247":{"start":{"line":382,"column":25},"end":{"line":382,"column":43}},"248":{"start":{"line":383,"column":10},"end":{"line":383,"column":28}},"249":{"start":{"line":385,"column":8},"end":{"line":385,"column":23}},"250":{"start":{"line":386,"column":8},"end":{"line":386,"column":14}},"251":{"start":{"line":388,"column":8},"end":{"line":388,"column":29}},"252":{"start":{"line":389,"column":8},"end":{"line":389,"column":29}},"253":{"start":{"line":390,"column":8},"end":{"line":393,"column":11}},"254":{"start":{"line":391,"column":10},"end":{"line":391,"column":43}},"255":{"start":{"line":391,"column":25},"end":{"line":391,"column":43}},"256":{"start":{"line":392,"column":10},"end":{"line":392,"column":28}},"257":{"start":{"line":394,"column":8},"end":{"line":394,"column":23}},"258":{"start":{"line":395,"column":8},"end":{"line":395,"column":14}},"259":{"start":{"line":397,"column":8},"end":{"line":397,"column":57}},"260":{"start":{"line":398,"column":8},"end":{"line":404,"column":null}},"261":{"start":{"line":399,"column":10},"end":{"line":399,"column":78}},"262":{"start":{"line":400,"column":15},"end":{"line":404,"column":null}},"263":{"start":{"line":401,"column":10},"end":{"line":401,"column":58}},"264":{"start":{"line":401,"column":39},"end":{"line":401,"column":57}},"265":{"start":{"line":403,"column":10},"end":{"line":403,"column":49}},"266":{"start":{"line":403,"column":30},"end":{"line":403,"column":48}},"267":{"start":{"line":406,"column":4},"end":{"line":406,"column":16}},"268":{"start":{"line":409,"column":2},"end":{"line":412,"column":null}},"269":{"start":{"line":410,"column":4},"end":{"line":410,"column":30}},"270":{"start":{"line":411,"column":4},"end":{"line":411,"column":23}},"271":{"start":{"line":413,"column":0},"end":{"line":413,"column":null}},"272":{"start":{"line":415,"column":47},"end":{"line":415,"column":null}},"273":{"start":{"line":416,"column":2},"end":{"line":416,"column":45}},"274":{"start":{"line":415,"column":0},"end":{"line":415,"column":16}}},"fnMap":{"0":{"name":"(anonymous_0)","decl":{"start":{"line":8,"column":0},"end":{"line":8,"column":null}},"loc":{"start":{"line":8,"column":0},"end":{"line":413,"column":null}}},"1":{"name":"Printer","decl":{"start":{"line":13,"column":2},"end":{"line":13,"column":23}},"loc":{"start":{"line":13,"column":71},"end":{"line":13,"column":75}}},"2":{"name":"(anonymous_2)","decl":{"start":{"line":15,"column":2},"end":{"line":15,"column":9}},"loc":{"start":{"line":15,"column":2},"end":{"line":18,"column":3}}},"3":{"name":"(anonymous_3)","decl":{"start":{"line":19,"column":2},"end":{"line":19,"column":7}},"loc":{"start":{"line":19,"column":2},"end":{"line":23,"column":3}}},"4":{"name":"(anonymous_4)","decl":{"start":{"line":24,"column":2},"end":{"line":24,"column":8}},"loc":{"start":{"line":24,"column":2},"end":{"line":27,"column":3}}},"5":{"name":"(anonymous_5)","decl":{"start":{"line":28,"column":2},"end":{"line":28,"column":10}},"loc":{"start":{"line":28,"column":2},"end":{"line":31,"column":3}}},"6":{"name":"(anonymous_6)","decl":{"start":{"line":33,"column":2},"end":{"line":33,"column":8}},"loc":{"start":{"line":33,"column":20},"end":{"line":36,"column":3}}},"7":{"name":"(anonymous_7)","decl":{"start":{"line":38,"column":2},"end":{"line":38,"column":6}},"loc":{"start":{"line":38,"column":2},"end":{"line":41,"column":3}}},"8":{"name":"(anonymous_8)","decl":{"start":{"line":43,"column":2},"end":{"line":43,"column":11}},"loc":{"start":{"line":43,"column":35},"end":{"line":407,"column":3}}},"9":{"name":"(anonymous_9)","decl":{"start":{"line":76,"column":21},"end":{"line":76,"column":22}},"loc":{"start":{"line":76,"column":23},"end":{"line":76,"column":32}}},"10":{"name":"(anonymous_10)","decl":{"start":{"line":124,"column":21},"end":{"line":124,"column":22}},"loc":{"start":{"line":124,"column":26},"end":{"line":124,"column":35}}},"11":{"name":"(anonymous_11)","decl":{"start":{"line":129,"column":21},"end":{"line":129,"column":22}},"loc":{"start":{"line":129,"column":26},"end":{"line":129,"column":35}}},"12":{"name":"(anonymous_12)","decl":{"start":{"line":150,"column":21},"end":{"line":150,"column":22}},"loc":{"start":{"line":150,"column":26},"end":{"line":150,"column":35}}},"13":{"name":"(anonymous_13)","decl":{"start":{"line":175,"column":21},"end":{"line":175,"column":22}},"loc":{"start":{"line":175,"column":23},"end":{"line":175,"column":32}}},"14":{"name":"(anonymous_14)","decl":{"start":{"line":205,"column":21},"end":{"line":205,"column":22}},"loc":{"start":{"line":205,"column":23},"end":{"line":207,"column":9}}},"15":{"name":"(anonymous_15)","decl":{"start":{"line":222,"column":21},"end":{"line":222,"column":22}},"loc":{"start":{"line":222,"column":30},"end":{"line":225,"column":9}}},"16":{"name":"(anonymous_16)","decl":{"start":{"line":230,"column":21},"end":{"line":230,"column":22}},"loc":{"start":{"line":230,"column":26},"end":{"line":230,"column":35}}},"17":{"name":"(anonymous_17)","decl":{"start":{"line":234,"column":21},"end":{"line":234,"column":22}},"loc":{"start":{"line":234,"column":26},"end":{"line":234,"column":35}}},"18":{"name":"(anonymous_18)","decl":{"start":{"line":238,"column":21},"end":{"line":238,"column":22}},"loc":{"start":{"line":238,"column":26},"end":{"line":238,"column":35}}},"19":{"name":"(anonymous_19)","decl":{"start":{"line":242,"column":21},"end":{"line":242,"column":22}},"loc":{"start":{"line":242,"column":26},"end":{"line":242,"column":35}}},"20":{"name":"(anonymous_20)","decl":{"start":{"line":250,"column":21},"end":{"line":250,"column":22}},"loc":{"start":{"line":250,"column":26},"end":{"line":250,"column":35}}},"21":{"name":"(anonymous_21)","decl":{"start":{"line":281,"column":21},"end":{"line":281,"column":22}},"loc":{"start":{"line":281,"column":23},"end":{"line":281,"column":32}}},"22":{"name":"(anonymous_22)","decl":{"start":{"line":285,"column":21},"end":{"line":285,"column":22}},"loc":{"start":{"line":285,"column":23},"end":{"line":285,"column":32}}},"23":{"name":"(anonymous_23)","decl":{"start":{"line":290,"column":21},"end":{"line":290,"column":22}},"loc":{"start":{"line":290,"column":23},"end":{"line":292,"column":9}}},"24":{"name":"(anonymous_24)","decl":{"start":{"line":297,"column":21},"end":{"line":297,"column":22}},"loc":{"start":{"line":297,"column":23},"end":{"line":299,"column":9}}},"25":{"name":"(anonymous_25)","decl":{"start":{"line":310,"column":21},"end":{"line":310,"column":22}},"loc":{"start":{"line":310,"column":23},"end":{"line":310,"column":32}}},"26":{"name":"(anonymous_26)","decl":{"start":{"line":316,"column":21},"end":{"line":316,"column":22}},"loc":{"start":{"line":316,"column":23},"end":{"line":316,"column":32}}},"27":{"name":"(anonymous_27)","decl":{"start":{"line":331,"column":21},"end":{"line":331,"column":22}},"loc":{"start":{"line":331,"column":23},"end":{"line":331,"column":32}}},"28":{"name":"(anonymous_28)","decl":{"start":{"line":337,"column":21},"end":{"line":337,"column":22}},"loc":{"start":{"line":337,"column":23},"end":{"line":337,"column":32}}},"29":{"name":"(anonymous_29)","decl":{"start":{"line":343,"column":21},"end":{"line":343,"column":22}},"loc":{"start":{"line":343,"column":23},"end":{"line":343,"column":32}}},"30":{"name":"(anonymous_30)","decl":{"start":{"line":349,"column":21},"end":{"line":349,"column":22}},"loc":{"start":{"line":349,"column":23},"end":{"line":349,"column":32}}},"31":{"name":"(anonymous_31)","decl":{"start":{"line":355,"column":21},"end":{"line":355,"column":22}},"loc":{"start":{"line":355,"column":23},"end":{"line":355,"column":32}}},"32":{"name":"(anonymous_32)","decl":{"start":{"line":361,"column":21},"end":{"line":361,"column":22}},"loc":{"start":{"line":361,"column":30},"end":{"line":364,"column":9}}},"33":{"name":"(anonymous_33)","decl":{"start":{"line":371,"column":21},"end":{"line":371,"column":22}},"loc":{"start":{"line":371,"column":30},"end":{"line":374,"column":9}}},"34":{"name":"(anonymous_34)","decl":{"start":{"line":381,"column":21},"end":{"line":381,"column":22}},"loc":{"start":{"line":381,"column":30},"end":{"line":384,"column":9}}},"35":{"name":"(anonymous_35)","decl":{"start":{"line":390,"column":21},"end":{"line":390,"column":22}},"loc":{"start":{"line":390,"column":30},"end":{"line":393,"column":9}}},"36":{"name":"(anonymous_36)","decl":{"start":{"line":401,"column":32},"end":{"line":401,"column":33}},"loc":{"start":{"line":401,"column":34},"end":{"line":401,"column":43}}},"37":{"name":"(anonymous_37)","decl":{"start":{"line":403,"column":23},"end":{"line":403,"column":24}},"loc":{"start":{"line":403,"column":25},"end":{"line":403,"column":34}}},"38":{"name":"(anonymous_38)","decl":{"start":{"line":409,"column":2},"end":{"line":409,"column":7}},"loc":{"start":{"line":409,"column":2},"end":{"line":412,"column":3}}},"39":{"name":"print","decl":{"start":{"line":415,"column":16},"end":{"line":415,"column":21}},"loc":{"start":{"line":415,"column":63},"end":{"line":417,"column":1}}}},"branchMap":{"0":{"loc":{"start":{"line":13,"column":55},"end":{"line":13,"column":74}},"type":"if","locations":[{"start":{"line":13,"column":55},"end":{"line":13,"column":74}}]},"1":{"loc":{"start":{"line":20,"column":4},"end":{"line":20,"column":71}},"type":"if","locations":[{"start":{"line":20,"column":4},"end":{"line":20,"column":71}}]},"2":{"loc":{"start":{"line":44,"column":4},"end":{"line":44,"column":34}},"type":"if","locations":[{"start":{"line":44,"column":4},"end":{"line":44,"column":34}}]},"3":{"loc":{"start":{"line":45,"column":4},"end":{"line":47,"column":null}},"type":"if","locations":[{"start":{"line":45,"column":4},"end":{"line":47,"column":null}}]},"4":{"loc":{"start":{"line":45,"column":8},"end":{"line":45,"column":38}},"type":"binary-expr","locations":[{"start":{"line":45,"column":8},"end":{"line":45,"column":21}},{"start":{"line":45,"column":25},"end":{"line":45,"column":38}}]},"5":{"loc":{"start":{"line":49,"column":4},"end":{"line":53,"column":null}},"type":"if","locations":[{"start":{"line":49,"column":4},"end":{"line":53,"column":null}}]},"6":{"loc":{"start":{"line":49,"column":8},"end":{"line":49,"column":45}},"type":"cond-expr","locations":[{"start":{"line":49,"column":36},"end":{"line":49,"column":38}},{"start":{"line":49,"column":36},"end":{"line":49,"column":45}}]},"7":{"loc":{"start":{"line":49,"column":8},"end":{"line":49,"column":38}},"type":"binary-expr","locations":[{"start":{"line":49,"column":8},"end":{"line":49,"column":38}},{"start":{"line":49,"column":36},"end":{"line":49,"column":38}}]},"8":{"loc":{"start":{"line":49,"column":8},"end":{"line":49,"column":36}},"type":"cond-expr","locations":[{"start":{"line":49,"column":26},"end":{"line":49,"column":28}},{"start":{"line":49,"column":26},"end":{"line":49,"column":36}}]},"9":{"loc":{"start":{"line":49,"column":8},"end":{"line":49,"column":28}},"type":"binary-expr","locations":[{"start":{"line":49,"column":8},"end":{"line":49,"column":28}},{"start":{"line":49,"column":26},"end":{"line":49,"column":28}}]},"10":{"loc":{"start":{"line":49,"column":48},"end":{"line":49,"column":72}},"type":"cond-expr","locations":[{"start":{"line":49,"column":61},"end":{"line":49,"column":63}},{"start":{"line":49,"column":61},"end":{"line":49,"column":72}}]},"11":{"loc":{"start":{"line":49,"column":48},"end":{"line":49,"column":63}},"type":"binary-expr","locations":[{"start":{"line":49,"column":48},"end":{"line":49,"column":63}},{"start":{"line":49,"column":61},"end":{"line":49,"column":63}}]},"12":{"loc":{"start":{"line":51,"column":8},"end":{"line":51,"column":32}},"type":"cond-expr","locations":[{"start":{"line":51,"column":21},"end":{"line":51,"column":23}},{"start":{"line":51,"column":21},"end":{"line":51,"column":32}}]},"13":{"loc":{"start":{"line":51,"column":8},"end":{"line":51,"column":23}},"type":"binary-expr","locations":[{"start":{"line":51,"column":8},"end":{"line":51,"column":23}},{"start":{"line":51,"column":21},"end":{"line":51,"column":23}}]},"14":{"loc":{"start":{"line":51,"column":35},"end":{"line":51,"column":72}},"type":"cond-expr","locations":[{"start":{"line":51,"column":63},"end":{"line":51,"column":65}},{"start":{"line":51,"column":63},"end":{"line":51,"column":72}}]},"15":{"loc":{"start":{"line":51,"column":35},"end":{"line":51,"column":65}},"type":"binary-expr","locations":[{"start":{"line":51,"column":35},"end":{"line":51,"column":65}},{"start":{"line":51,"column":63},"end":{"line":51,"column":65}}]},"16":{"loc":{"start":{"line":51,"column":35},"end":{"line":51,"column":63}},"type":"cond-expr","locations":[{"start":{"line":51,"column":53},"end":{"line":51,"column":55}},{"start":{"line":51,"column":53},"end":{"line":51,"column":63}}]},"17":{"loc":{"start":{"line":51,"column":35},"end":{"line":51,"column":55}},"type":"binary-expr","locations":[{"start":{"line":51,"column":35},"end":{"line":51,"column":55}},{"start":{"line":51,"column":53},"end":{"line":51,"column":55}}]},"18":{"loc":{"start":{"line":55,"column":4},"end":{"line":405,"column":null}},"type":"switch","locations":[{"start":{"line":56,"column":6},"end":{"line":57,"column":34}},{"start":{"line":58,"column":6},"end":{"line":58,"column":25}},{"start":{"line":59,"column":6},"end":{"line":59,"column":29}},{"start":{"line":60,"column":6},"end":{"line":60,"column":39}},{"start":{"line":61,"column":6},"end":{"line":61,"column":39}},{"start":{"line":62,"column":6},"end":{"line":62,"column":38}},{"start":{"line":63,"column":6},"end":{"line":63,"column":38}},{"start":{"line":64,"column":6},"end":{"line":64,"column":31}},{"start":{"line":65,"column":6},"end":{"line":65,"column":34}},{"start":{"line":66,"column":6},"end":{"line":66,"column":32}},{"start":{"line":67,"column":6},"end":{"line":67,"column":31}},{"start":{"line":68,"column":6},"end":{"line":68,"column":23}},{"start":{"line":69,"column":6},"end":{"line":69,"column":23}},{"start":{"line":70,"column":6},"end":{"line":70,"column":37}},{"start":{"line":71,"column":6},"end":{"line":71,"column":27}},{"start":{"line":72,"column":6},"end":{"line":72,"column":34}},{"start":{"line":73,"column":6},"end":{"line":73,"column":26}},{"start":{"line":74,"column":6},"end":{"line":74,"column":32}},{"start":{"line":75,"column":6},"end":{"line":77,"column":14}},{"start":{"line":78,"column":6},"end":{"line":78,"column":31}},{"start":{"line":79,"column":6},"end":{"line":79,"column":25}},{"start":{"line":80,"column":6},"end":{"line":80,"column":28}},{"start":{"line":81,"column":6},"end":{"line":81,"column":26}},{"start":{"line":82,"column":6},"end":{"line":82,"column":27}},{"start":{"line":83,"column":6},"end":{"line":83,"column":37}},{"start":{"line":84,"column":6},"end":{"line":84,"column":25}},{"start":{"line":85,"column":6},"end":{"line":85,"column":25}},{"start":{"line":86,"column":6},"end":{"line":86,"column":28}},{"start":{"line":87,"column":6},"end":{"line":87,"column":30}},{"start":{"line":88,"column":6},"end":{"line":88,"column":23}},{"start":{"line":89,"column":6},"end":{"line":89,"column":27}},{"start":{"line":90,"column":6},"end":{"line":90,"column":39}},{"start":{"line":91,"column":6},"end":{"line":91,"column":31}},{"start":{"line":92,"column":6},"end":{"line":92,"column":23}},{"start":{"line":93,"column":6},"end":{"line":93,"column":42}},{"start":{"line":94,"column":6},"end":{"line":96,"column":14}},{"start":{"line":97,"column":6},"end":{"line":99,"column":14}},{"start":{"line":100,"column":6},"end":{"line":102,"column":14}},{"start":{"line":103,"column":6},"end":{"line":111,"column":14}},{"start":{"line":112,"column":6},"end":{"line":114,"column":14}},{"start":{"line":115,"column":6},"end":{"line":121,"column":14}},{"start":{"line":122,"column":6},"end":{"line":126,"column":14}},{"start":{"line":127,"column":6},"end":{"line":131,"column":14}},{"start":{"line":132,"column":6},"end":{"line":134,"column":14}},{"start":{"line":135,"column":6},"end":{"line":148,"column":14}},{"start":{"line":149,"column":6},"end":{"line":152,"column":14}},{"start":{"line":153,"column":6},"end":{"line":156,"column":14}},{"start":{"line":157,"column":6},"end":{"line":171,"column":14}},{"start":{"line":173,"column":6},"end":{"line":176,"column":14}},{"start":{"line":177,"column":6},"end":{"line":179,"column":14}},{"start":{"line":180,"column":6},"end":{"line":182,"column":14}},{"start":{"line":183,"column":6},"end":{"line":194,"column":14}},{"start":{"line":195,"column":6},"end":{"line":203,"column":14}},{"start":{"line":204,"column":6},"end":{"line":208,"column":14}},{"start":{"line":209,"column":6},"end":{"line":220,"column":14}},{"start":{"line":221,"column":6},"end":{"line":227,"column":14}},{"start":{"line":228,"column":6},"end":{"line":231,"column":14}},{"start":{"line":232,"column":6},"end":{"line":235,"column":14}},{"start":{"line":236,"column":6},"end":{"line":239,"column":14}},{"start":{"line":240,"column":6},"end":{"line":243,"column":14}},{"start":{"line":244,"column":6},"end":{"line":251,"column":14}},{"start":{"line":252,"column":6},"end":{"line":272,"column":14}},{"start":{"line":274,"column":6},"end":{"line":274,"column":31}},{"start":{"line":275,"column":6},"end":{"line":275,"column":31}},{"start":{"line":276,"column":6},"end":{"line":276,"column":32}},{"start":{"line":277,"column":6},"end":{"line":277,"column":32}},{"start":{"line":278,"column":6},"end":{"line":278,"column":34}},{"start":{"line":279,"column":6},"end":{"line":279,"column":31}},{"start":{"line":280,"column":6},"end":{"line":282,"column":14}},{"start":{"line":283,"column":6},"end":{"line":287,"column":14}},{"start":{"line":288,"column":6},"end":{"line":294,"column":14}},{"start":{"line":295,"column":6},"end":{"line":303,"column":14}},{"start":{"line":304,"column":6},"end":{"line":306,"column":14}},{"start":{"line":307,"column":6},"end":{"line":312,"column":14}},{"start":{"line":313,"column":6},"end":{"line":318,"column":14}},{"start":{"line":319,"column":6},"end":{"line":327,"column":14}},{"start":{"line":328,"column":6},"end":{"line":333,"column":14}},{"start":{"line":334,"column":6},"end":{"line":339,"column":14}},{"start":{"line":340,"column":6},"end":{"line":345,"column":14}},{"start":{"line":346,"column":6},"end":{"line":351,"column":14}},{"start":{"line":352,"column":6},"end":{"line":357,"column":14}},{"start":{"line":358,"column":6},"end":{"line":366,"column":14}},{"start":{"line":367,"column":6},"end":{"line":377,"column":14}},{"start":{"line":378,"column":6},"end":{"line":386,"column":14}},{"start":{"line":387,"column":6},"end":{"line":395,"column":14}},{"start":{"line":396,"column":6},"end":{"line":404,"column":null}}]},"19":{"loc":{"start":{"line":147,"column":8},"end":{"line":147,"column":54}},"type":"if","locations":[{"start":{"line":147,"column":8},"end":{"line":147,"column":54}}]},"20":{"loc":{"start":{"line":168,"column":8},"end":{"line":169,"column":45}},"type":"if","locations":[{"start":{"line":168,"column":8},"end":{"line":169,"column":45}}]},"21":{"loc":{"start":{"line":170,"column":8},"end":{"line":170,"column":54}},"type":"if","locations":[{"start":{"line":170,"column":8},"end":{"line":170,"column":54}}]},"22":{"loc":{"start":{"line":193,"column":8},"end":{"line":193,"column":54}},"type":"if","locations":[{"start":{"line":193,"column":8},"end":{"line":193,"column":54}}]},"23":{"loc":{"start":{"line":210,"column":8},"end":{"line":219,"column":null}},"type":"switch","locations":[{"start":{"line":211,"column":10},"end":{"line":213,"column":18}},{"start":{"line":215,"column":10},"end":{"line":218,"column":18}}]},"24":{"loc":{"start":{"line":223,"column":10},"end":{"line":223,"column":42}},"type":"if","locations":[{"start":{"line":223,"column":10},"end":{"line":223,"column":42}}]},"25":{"loc":{"start":{"line":245,"column":8},"end":{"line":249,"column":null}},"type":"switch","locations":[{"start":{"line":246,"column":10},"end":{"line":248,"column":18}}]},"26":{"loc":{"start":{"line":253,"column":8},"end":{"line":271,"column":null}},"type":"switch","locations":[{"start":{"line":254,"column":10},"end":{"line":256,"column":18}},{"start":{"line":257,"column":10},"end":{"line":259,"column":18}},{"start":{"line":260,"column":10},"end":{"line":262,"column":18}},{"start":{"line":263,"column":10},"end":{"line":265,"column":18}},{"start":{"line":267,"column":10},"end":{"line":270,"column":18}}]},"27":{"loc":{"start":{"line":302,"column":8},"end":{"line":302,"column":54}},"type":"if","locations":[{"start":{"line":302,"column":8},"end":{"line":302,"column":54}}]},"28":{"loc":{"start":{"line":362,"column":10},"end":{"line":362,"column":43}},"type":"if","locations":[{"start":{"line":362,"column":10},"end":{"line":362,"column":43}}]},"29":{"loc":{"start":{"line":372,"column":10},"end":{"line":372,"column":43}},"type":"if","locations":[{"start":{"line":372,"column":10},"end":{"line":372,"column":43}}]},"30":{"loc":{"start":{"line":382,"column":10},"end":{"line":382,"column":43}},"type":"if","locations":[{"start":{"line":382,"column":10},"end":{"line":382,"column":43}}]},"31":{"loc":{"start":{"line":391,"column":10},"end":{"line":391,"column":43}},"type":"if","locations":[{"start":{"line":391,"column":10},"end":{"line":391,"column":43}}]},"32":{"loc":{"start":{"line":398,"column":8},"end":{"line":404,"column":null}},"type":"if","locations":[{"start":{"line":398,"column":8},"end":{"line":404,"column":null}},{"start":{"line":400,"column":15},"end":{"line":404,"column":null}}]},"33":{"loc":{"start":{"line":398,"column":12},"end":{"line":398,"column":56}},"type":"binary-expr","locations":[{"start":{"line":398,"column":12},"end":{"line":398,"column":39}},{"start":{"line":398,"column":
[...]
ne":204,"column":null}}]},"21":{"loc":{"start":{"line":201,"column":10},"end":{"line":201,"column":59}},"type":"binary-expr","locations":[{"start":{"line":201,"column":10},"end":{"line":201,"column":27}},{"start":{"line":201,"column":31},"end":{"line":201,"column":59}}]},"22":{"loc":{"start":{"line":203,"column":10},"end":{"line":203,"column":75}},"type":"binary-expr","locations":[{"start":{"line":203,"column":10},"end":{"line":203,"column":15}},{"start":{"line":203,"column":19},"end":{"line":203,"column":75}}]},"23":{"loc":{"start":{"line":231,"column":4},"end":{"line":236,"column":null}},"type":"if","locations":[{"start":{"line":231,"column":4},"end":{"line":236,"column":null}}]},"24":{"loc":{"start":{"line":231,"column":8},"end":{"line":231,"column":56}},"type":"binary-expr","locations":[{"start":{"line":231,"column":8},"end":{"line":231,"column":24}},{"start":{"line":231,"column":28},"end":{"line":231,"column":56}}]},"25":{"loc":{"start":{"line":237,"column":4},"end":{"line":242,"column":null}},"type":"if","locations":[{"start":{"line":237,"column":4},"end":{"line":242,"column":null}}]},"26":{"loc":{"start":{"line":237,"column":8},"end":{"line":237,"column":54}},"type":"binary-expr","locations":[{"start":{"line":237,"column":8},"end":{"line":237,"column":23}},{"start":{"line":237,"column":27},"end":{"line":237,"column":54}}]},"27":{"loc":{"start":{"line":243,"column":4},"end":{"line":248,"column":null}},"type":"if","locations":[{"start":{"line":243,"column":4},"end":{"line":248,"column":null}}]},"28":{"loc":{"start":{"line":243,"column":8},"end":{"line":243,"column":50}},"type":"binary-expr","locations":[{"start":{"line":243,"column":8},"end":{"line":243,"column":21}},{"start":{"line":243,"column":25},"end":{"line":243,"column":50}}]},"29":{"loc":{"start":{"line":249,"column":4},"end":{"line":254,"column":null}},"type":"if","locations":[{"start":{"line":249,"column":4},"end":{"line":254,"column":null}}]},"30":{"loc":{"start":{"line":249,"column":8},"end":{"line":249,"column":52}},"type":"binary-expr","locations":[{"start":{"line":249,"column":8},"end":{"line":249,"column":22}},{"start":{"line":249,"column":26},"end":{"line":249,"column":52}}]},"31":{"loc":{"start":{"line":255,"column":4},"end":{"line":260,"column":null}},"type":"if","locations":[{"start":{"line":255,"column":4},"end":{"line":260,"column":null}}]},"32":{"loc":{"start":{"line":255,"column":8},"end":{"line":255,"column":52}},"type":"binary-expr","locations":[{"start":{"line":255,"column":8},"end":{"line":255,"column":22}},{"start":{"line":255,"column":26},"end":{"line":255,"column":52}}]},"33":{"loc":{"start":{"line":267,"column":4},"end":{"line":269,"column":null}},"type":"if","locations":[{"start":{"line":267,"column":4},"end":{"line":269,"column":null}}]},"34":{"loc":{"start":{"line":267,"column":8},"end":{"line":267,"column":58}},"type":"binary-expr","locations":[{"start":{"line":267,"column":8},"end":{"line":267,"column":37}},{"start":{"line":267,"column":41},"end":{"line":267,"column":58}}]},"35":{"loc":{"start":{"line":273,"column":4},"end":{"line":297,"column":null}},"type":"if","locations":[{"start":{"line":273,"column":4},"end":{"line":297,"column":null}}]},"36":{"loc":{"start":{"line":279,"column":14},"end":{"line":281,"column":49}},"type":"binary-expr","locations":[{"start":{"line":279,"column":14},"end":{"line":279,"column":31}},{"start":{"line":280,"column":15},"end":{"line":280,"column":46}},{"start":{"line":281,"column":16},"end":{"line":281,"column":48}}]},"37":{"loc":{"start":{"line":283,"column":12},"end":{"line":291,"column":null}},"type":"if","locations":[{"start":{"line":283,"column":12},"end":{"line":291,"column":null}}]},"38":{"loc":{"start":{"line":286,"column":14},"end":{"line":288,"column":null}},"type":"if","locations":[{"start":{"line":286,"column":14},"end":{"line":288,"column":null}}]},"39":{"loc":{"start":{"line":301,"column":6},"end":{"line":301,"column":56}},"type":"cond-expr","locations":[{"start":{"line":301,"column":28},"end":{"line":301,"column":50}},{"start":{"line":301,"column":53},"end":{"line":301,"column":56}}]},"40":{"loc":{"start":{"line":305,"column":4},"end":{"line":309,"column":null}},"type":"if","locations":[{"start":{"line":305,"column":4},"end":{"line":309,"column":null}}]},"41":{"loc":{"start":{"line":307,"column":15},"end":{"line":307,"column":77}},"type":"cond-expr","locations":[{"start":{"line":307,"column":62},"end":{"line":307,"column":65}},{"start":{"line":307,"column":68},"end":{"line":307,"column":77}}]},"42":{"loc":{"start":{"line":313,"column":6},"end":{"line":315,"column":41}},"type":"binary-expr","locations":[{"start":{"line":313,"column":6},"end":{"line":313,"column":41}},{"start":{"line":314,"column":6},"end":{"line":314,"column":42}},{"start":{"line":315,"column":6},"end":{"line":315,"column":41}}]},"43":{"loc":{"start":{"line":319,"column":4},"end":{"line":367,"column":null}},"type":"if","locations":[{"start":{"line":319,"column":4},"end":{"line":367,"column":null}},{"start":{"line":337,"column":11},"end":{"line":367,"column":null}}]},"44":{"loc":{"start":{"line":324,"column":8},"end":{"line":327,"column":null}},"type":"if","locations":[{"start":{"line":324,"column":8},"end":{"line":327,"column":null}}]},"45":{"loc":{"start":{"line":329,"column":8},"end":{"line":331,"column":null}},"type":"if","locations":[{"start":{"line":329,"column":8},"end":{"line":331,"column":null}}]},"46":{"loc":{"start":{"line":337,"column":11},"end":{"line":367,"column":null}},"type":"if","locations":[{"start":{"line":337,"column":11},"end":{"line":367,"column":null}}]},"47":{"loc":{"start":{"line":345,"column":8},"end":{"line":348,"column":null}},"type":"if","locations":[{"start":{"line":345,"column":8},"end":{"line":348,"column":null}}]},"48":{"loc":{"start":{"line":350,"column":8},"end":{"line":354,"column":null}},"type":"if","locations":[{"start":{"line":350,"column":8},"end":{"line":354,"column":null}}]},"49":{"loc":{"start":{"line":356,"column":8},"end":{"line":360,"column":null}},"type":"if","locations":[{"start":{"line":356,"column":8},"end":{"line":360,"column":null}}]},"50":{"loc":{"start":{"line":370,"column":4},"end":{"line":375,"column":null}},"type":"if","locations":[{"start":{"line":370,"column":4},"end":{"line":375,"column":null}},{"start":{"line":372,"column":11},"end":{"line":375,"column":null}}]},"51":{"loc":{"start":{"line":370,"column":8},"end":{"line":370,"column":68}},"type":"binary-expr","locations":[{"start":{"line":370,"column":8},"end":{"line":370,"column":44}},{"start":{"line":370,"column":48},"end":{"line":370,"column":68}}]},"52":{"loc":{"start":{"line":372,"column":11},"end":{"line":375,"column":null}},"type":"if","locations":[{"start":{"line":372,"column":11},"end":{"line":375,"column":null}}]},"53":{"loc":{"start":{"line":372,"column":15},"end":{"line":372,"column":74}},"type":"binary-expr","locations":[{"start":{"line":372,"column":15},"end":{"line":372,"column":50}},{"start":{"line":372,"column":54},"end":{"line":372,"column":74}}]},"54":{"loc":{"start":{"line":379,"column":4},"end":{"line":381,"column":null}},"type":"if","locations":[{"start":{"line":379,"column":4},"end":{"line":381,"column":null}}]},"55":{"loc":{"start":{"line":385,"column":4},"end":{"line":393,"column":null}},"type":"if","locations":[{"start":{"line":385,"column":4},"end":{"line":393,"column":null}}]},"56":{"loc":{"start":{"line":385,"column":8},"end":{"line":385,"column":53}},"type":"binary-expr","locations":[{"start":{"line":385,"column":8},"end":{"line":385,"column":34}},{"start":{"line":385,"column":38},"end":{"line":385,"column":53}}]},"57":{"loc":{"start":{"line":386,"column":6},"end":{"line":392,"column":null}},"type":"if","locations":[{"start":{"line":386,"column":6},"end":{"line":392,"column":null}}]},"58":{"loc":{"start":{"line":387,"column":8},"end":{"line":388,"column":56}},"type":"binary-expr","locations":[{"start":{"line":387,"column":8},"end":{"line":387,"column":46}},{"start":{"line":388,"column":8},"end":{"line":388,"column":56}}]},"59":{"loc":{"start":{"line":403,"column":4},"end":{"line":413,"column":null}},"type":"if","locations":[{"start":{"line":403,"column":4},"end":{"line":413,"column":null}}]},"60":{"loc":{"start":{"line":404,"column":6},"end":{"line":412,"column":null}},"type":"if","locations":[{"start":{"line":404,"column":6},"end":{"line":412,"column":null}}]},"61":{"loc":{"start":{"line":405,"column":8},"end":{"line":411,"column":null}},"type":"if","locations":[{"start":{"line":405,"column":8},"end":{"line":411,"column":null}}]},"62":{"loc":{"start":{"line":416,"column":4},"end":{"line":429,"column":null}},"type":"if","locations":[{"start":{"line":416,"column":4},"end":{"line":429,"column":null}}]},"63":{"loc":{"start":{"line":417,"column":6},"end":{"line":419,"column":58}},"type":"binary-expr","locations":[{"start":{"line":417,"column":6},"end":{"line":417,"column":32}},{"start":{"line":418,"column":6},"end":{"line":418,"column":47}},{"start":{"line":419,"column":6},"end":{"line":419,"column":58}}]},"64":{"loc":{"start":{"line":421,"column":6},"end":{"line":428,"column":null}},"type":"if","locations":[{"start":{"line":421,"column":6},"end":{"line":428,"column":null}},{"start":{"line":424,"column":13},"end":{"line":428,"column":null}}]},"65":{"loc":{"start":{"line":424,"column":13},"end":{"line":428,"column":null}},"type":"if","locations":[{"start":{"line":424,"column":13},"end":{"line":428,"column":null}}]},"66":{"loc":{"start":{"line":434,"column":15},"end":{"line":434,"column":77}},"type":"binary-expr","locations":[{"start":{"line":434,"column":15},"end":{"line":434,"column":33}},{"start":{"line":434,"column":37},"end":{"line":434,"column":55}},{"start":{"line":434,"column":59},"end":{"line":434,"column":77}}]},"67":{"loc":{"start":{"line":436,"column":19},"end":{"line":436,"column":78}},"type":"binary-expr","locations":[{"start":{"line":436,"column":19},"end":{"line":436,"column":45}},{"start":{"line":436,"column":49},"end":{"line":436,"column":78}}]},"68":{"loc":{"start":{"line":438,"column":4},"end":{"line":440,"column":null}},"type":"if","locations":[{"start":{"line":438,"column":4},"end":{"line":440,"column":null}}]},"69":{"loc":{"start":{"line":443,"column":4},"end":{"line":455,"column":null}},"type":"if","locations":[{"start":{"line":443,"column":4},"end":{"line":455,"column":null}},{"start":{"line":449,"column":11},"end":{"line":455,"column":null}}]},"70":{"loc":{"start":{"line":443,"column":8},"end":{"line":443,"column":67}},"type":"binary-expr","locations":[{"start":{"line":443,"column":8},"end":{"line":443,"column":32}},{"start":{"line":443,"column":36},"end":{"line":443,"column":44}},{"start":{"line":443,"column":48},"end":{"line":443,"column":67}}]},"71":{"loc":{"start":{"line":444,"column":6},"end":{"line":448,"column":null}},"type":"if","locations":[{"start":{"line":444,"column":6},"end":{"line":448,"column":null}},{"start":{"line":446,"column":13},"end":{"line":448,"column":null}}]},"72":{"loc":{"start":{"line":449,"column":11},"end":{"line":455,"column":null}},"type":"if","locations":[{"start":{"line":449,"column":11},"end":{"line":455,"column":null}}]},"73":{"loc":{"start":{"line":449,"column":15},"end":{"line":449,"column":63}},"type":"binary-expr","locations":[{"start":{"line":449,"column":15},"end":{"line":449,"column":28}},{"start":{"line":449,"column":32},"end":{"line":449,"column":40}},{"start":{"line":449,"column":44},"end":{"line":449,"column":63}}]},"74":{"loc":{"start":{"line":450,"column":6},"end":{"line":454,"column":null}},"type":"if","locations":[{"start":{"line":450,"column":6},"end":{"line":454,"column":null}},{"start":{"line":452,"column":13},"end":{"line":454,"column":null}}]},"75":{"loc":{"start":{"line":457,"column":4},"end":{"line":459,"column":null}},"type":"if","locations":[{"start":{"line":457,"column":4},"end":{"line":459,"column":null}}]},"76":{"loc":{"start":{"line":498,"column":8},"end":{"line":498,"column":70}},"type":"if","locations":[{"start":{"line":498,"column":8},"end":{"line":498,"column":70}}]},"77":{"loc":{"start":{"line":519,"column":11},"end":{"line":519,"column":44}},"type":"cond-expr","locations":[{"start":{"line":519,"column":22},"end":{"line":519,"column":32}},{"start":{"line":519,"column":35},"end":{"line":519,"column":44}}]},"78":{"loc":{"start":{"line":519,"column":35},"end":{"line":519,"column":44}},"type":"binary-expr","locations":[{"start":{"line":519,"column":35},"end":{"line":519,"column":38}},{"start":{"line":519,"column":42},"end":{"line":519,"column":44}}]},"79":{"loc":{"start":{"line":522,"column":2},"end":{"line":556,"column":null}},"type":"if","locations":[{"start":{"line":522,"column":2},"end":{"line":556,"column":null}},{"start":{"line":531,"column":9},"end":{"line":556,"column":null}}]},"80":{"loc":{"start":{"line":522,"column":6},"end":{"line":522,"column":57}},"type":"binary-expr","locations":[{"start":{"line":522,"column":6},"end":{"line":522,"column":28}},{"start":{"line":522,"column":32},"end":{"line":522,"column":57}}]},"81":{"loc":{"start":{"line":531,"column":9},"end":{"line":556,"column":null}},"type":"if","locations":[{"start":{"line":531,"column":9},"end":{"line":556,"column":null}},{"start":{"line":533,"column":9},"end":{"line":556,"column":null}}]},"82":{"loc":{"start":{"line":533,"column":9},"end":{"line":556,"column":null}},"type":"if","locations":[{"start":{"line":533,"column":9},"end":{"line":556,"column":null}},{"start":{"line":548,"column":9},"end":{"line":556,"column":null}}]},"83":{"loc":{"start":{"line":534,"column":4},"end":{"line":536,"column":null}},"type":"if","locations":[{"start":{"line":534,"column":4},"end":{"line":536,"column":null}}]},"84":{"loc":{"start":{"line":537,"column":4},"end":{"line":539,"column":null}},"type":"if","locations":[{"start":{"line":537,"column":4},"end":{"line":539,"column":null}}]},"85":{"loc":{"start":{"line":548,"column":9},"end":{"line":556,"column":null}},"type":"if","locations":[{"start":{"line":548,"column":9},"end":{"line":556,"column":null}},{"start":{"line":551,"column":9},"end":{"line":556,"column":null}}]},"86":{"loc":{"start":{"line":551,"column":9},"end":{"line":556,"column":null}},"type":"if","locations":[{"start":{"line":551,"column":9},"end":{"line":556,"column":null}}]},"87":{"loc":{"start":{"line":551,"column":13},"end":{"line":551,"column":67}},"type":"binary-expr","locations":[{"start":{"line":551,"column":13},"end":{"line":551,"column":38}},{"start":{"line":551,"column":42},"end":{"line":551,"column":67}}]},"88":{"loc":{"start":{"line":566,"column":4},"end":{"line":568,"column":null}},"type":"if","locations":[{"start":{"line":566,"column":4},"end":{"line":568,"column":null}}]},"89":{"loc":{"start":{"line":580,"column":8},"end":{"line":582,"column":null}},"type":"if","locations":[{"start":{"line":580,"column":8},"end":{"line":582,"column":null}}]},"90":{"loc":{"start":{"line":583,"column":8},"end":{"line":589,"column":null}},"type":"if","locations":[{"start":{"line":583,"column":8},"end":{"line":589,"column":null}}]},"91":{"loc":{"start":{"line":584,"column":10},"end":{"line":585,"column":59}},"type":"binary-expr","locations":[{"start":{"line":584,"column":10},"end":{"line":584,"column":51}},{"start":{"line":585,"column":10},"end":{"line":585,"column":59}}]},"92":{"loc":{"start":{"line":601,"column":29},"end":{"line":601,"column":69}},"type":"binary-expr","locations":[{"start":{"line":601,"column":29},"end":{"line":601,"column":47}},{"start":{"line":601,"column":51},"end":{"line":601,"column":69}}]},"93":{"loc":{"start":{"line":617,"column":8},"end":{"line":645,"column":null}},"type":"if","locations":[{"start":{"line":617,"column":8},"end":{"line":645,"column":null}},{"start":{"line":628,"column":15},"end":{"line":645,"column":null}}]},"94":{"loc":{"start":{"line":628,"column":15},"end":{"line":645,"column":null}},"type":"if","locations":[{"start":{"line":628,"column":15},"end":{"line":645,"column":null}},{"start":{"line":634,"column":15},"end":{"line":645,"column":null}}]},"95":{"loc":{"start":{"line":630,"column":19},"end":{"line":630,"column":67}},"type":"binary-expr","locations":[{"start":{"line":630,"column":19},"end":{"line":630,"column":47}},{"start":{"line":630,"column":51},"end":{"line":630,"column":67}}]}},"s":{"0":1,"1":1,"2":1,"3":1,"4":1,"5":1,"6":862,"7":479,"8":383,"9":383,"10":383,"11":383,"12":90,"13":52,"14":828,"15":828,"16":474,"17":354,"18":1,"19":42,"20":3,"21":3,"22":6,"23":3,"24":6,"25":3,"26":6,"27":3,"28":6,"29":3,"30":6,"31":3,"32":39,"33":42,"34":42,"35":151,"36":0,"37":0,"38":0,"39":0,"40":0,"41":0,"42":0,"43":0,"44":72,"45":42,"46":42,"47":3654,"48":126,"49":42,"50":42,"51":42,"52":42,"53":0,"54":0,"55":0,"56":42,"57":42,"58":20,"59":42,"60":0,"61":0,"62":42,"63":42,"64":0,"65":0,"66":42,"67":42,"68":37,"69":664,"70":42,"71":18,"72":70,"73":42,"74":25,"75":58,"76":42,"77":19,"78":23,"79":42,"80":13,"81":13,"82":42,"83":266,"84":42,"85":0,"86":42,"87":0,"88":0,"89":0,"90":0,"91":0,"92":0,"93":0,"94":0,"95":0,"96":0,"97":0,"98":0,"99":42,"100":76,"101":42,"102":1,"103":3,"104":42,"105":42,"106":42,"107":0,"108":0,"109":0,"110":0,"111":0,"112":0,"113":0,"114":0,"115":0,"116":0,"117":0,"118":42,"119":0,"120":0,"121":0,"122":0,"123":0,"124":0,"125":0,"126":0,"127":0,"128":0,"129":0,"130":0,"131":0,"132":0,"133":0,"134":0,"135":0,"136":0,"137":0,"138":0,"139":42,"140":0,"141":42,"142":0,"143":0,"144":42,"145":16,"146":26,"147":26,"148":0,"149":0,"150":0,"151":26,"152":26,"153":0,"154":0,"155":0,"156":26,"157":0,"158":0,"159":0,"160":0,"161":26,"162":57,"163":4,"164":26,"165":0,"166":26,"167":0,"168":0,"169":0,"170":26,"171":0,"172":0,"173":0,"174":26,"175":0,"176":26,"177":26,"178":191842,"179":27,"180":27,"181":27,"182":42,"183":42,"184":26,"185":26,"186":16,"187":0,"188":16,"189":1,"190":30,"191":51,"192":3,"193":3,"194":3,"195":3,"196":48,"197":18,"198":30,"199":17,"200":2,"201":15,"202":0,"203":15,"204":15,"205":18,"206":18,"207":18,"208":18,"209":15,"210":13,"211":4,"212":4,"213":4,"214":9,"215":5,"216":5,"217":5,"218":13,"219":1,"220":191842,"221":27,"222":27,"223":1,"224":26,"225":55,"226":55,"227":26,"228":26,"229":26,"230":172,"231":2364,"232":172,"233":2192,"234":1750,"235":4,"236":4,"237":26,"238":172,"239":24,"240":26,"241":26,"242":57,"243":26,"244":6,"245":26,"246":154,"247":66,"248":18,"249":18,"250":48,"251":264,"252":15,"253":33,"254":33,"255":66,"256":26,"257":3253,"258":172356,"259":169086,"260":169085,"261":191842,"262":169052,"263":191809,"264":3251,"265":1},"f":{"0":862,"1":52,"2":828,"3":42,"4":6,"5":6,"6":6,"7":6,"8":6,"9":42,"10":151,"11":0,"12":72,"13":42,"14":42,"15":0,"16":0,"17":0,"18":664,"19":70,"20":58,"21":23,"22":13,"23":266,"24":0,"25":76,"26":3,"27":57,"28":4,"29":191842,"30":27,"31":51,"32":30,"33":3,"34":18,"35":18,"36":4,"37":5,"38":191842,"39":27,"40":55,"41":55,"42":172,"43":2364,"44":1750,"45":172,"46":24,"47":57,"48":6,"49":154,"50":66,"51":264,"52":66,"53":3253,"54":172356,"55":169086,"56":191842,"57":169052,"58":191809},"b":{"0":[479],"1":[38],"2":[474],"3":[3],"4":[6,0],"5":[6,6],"6":[6,3],"7":[6,3],"8":[6,3],"9":[99,52],"10":[0],"11":[0],"12":[0,0],"13":[0],"14":[126],"15":[0],"16":[0],"17":[20],"18":[42,41,37],"19":[20,20],"20":[0],"21":[42,0],"22":[0,0],"23":[37],"24":[42,37],"25":[18],"26":[42,21],"27":[25],"28":[42,25],"29":[19],"30":[42,19],"31":[13],"32":[42,13],"33":[0],"34":[42,2],"35":[0],"36":[0,0,0],"37":[0],"38":[0],"39":[31,45],"40":[1],"41":[3,0],"42":[42,42,42],"43":[0,42],"44":[0],"45":[0],"46":[0],"47":[0],"48":[0],"49":[0],"50":[0,42],"51":[42,0],"52":[0],"53":[42,0],"54":[16],"55":[0],"56":[26,0],"57":[0],"58":[0,0],"59":[0],"60":[0],"61":[0],"62":[0],"63":[26,0,0],"64":[0,0],"65":[0],"66":[57,31,8],"67":[4,3],"68":[0],"69":[0,26],"70":[26,0,0],"71":[0,0],"72":[0],"73":[26,0,0],"74":[0,0],"75":[0],"76":[0],"77":[28,2],"78":[2,0],"79":[3,48],"80":[51,51],"81":[18,30],"82":[17,13],"83":[2],"84":[0],"85":[4,9],"86":[5],"87":[9,5],"88":[1],"89":[172],"90":[4],"91":[2192,1746],"92":[57,34],"93":[18,48],"94":[15,33],"95":[264,15]}}
}
