TN:
SF:lib/ast/docker-bash-parser.ts
FN:68,pos
FN:82,handleNodes
FN:88,handleNode
FN:242,(anonymous_4)
FN:377,(anonymous_5)
FN:499,parseShell
FNF:6
FNH:6
FNDA:1669,pos
FNDA:219,handleNodes
FNDA:1283,handleNode
FNDA:72,(anonymous_4)
FNDA:6,(anonymous_5)
FNDA:11,parseShell
DA:1,1
DA:2,1
DA:4,1
DA:6,1
DA:69,1669
DA:70,1597
DA:71,1597
DA:79,72
DA:80,72
DA:83,438
DA:84,108
DA:86,219
DA:89,1283
DA:90,0
DA:92,1283
DA:93,0
DA:95,1283
DA:96,1283
DA:98,0
DA:99,0
DA:101,0
DA:102,0
DA:106,0
DA:107,0
DA:109,0
DA:110,0
DA:111,0
DA:112,0
DA:114,0
DA:116,7
DA:117,7
DA:124,7
DA:125,7
DA:131,7
DA:133,0
DA:134,0
DA:137,0
DA:138,0
DA:156,51
DA:157,51
DA:175,3
DA:176,3
DA:178,117
DA:179,117
DA:180,117
DA:181,7
DA:182,7
DA:188,117
DA:189,110
DA:194,110
DA:195,236
DA:196,236
DA:203,117
DA:205,2
DA:206,2
DA:215,3
DA:216,3
DA:224,10
DA:225,10
DA:230,0
DA:231,0
DA:234,0
DA:236,30
DA:237,30
DA:240,43
DA:241,43
DA:242,43
DA:243,72
DA:245,43
DA:248,11
DA:253,2
DA:254,2
DA:256,2
DA:267,0
DA:268,0
DA:282,4
DA:283,4
DA:284,4
DA:297,4
DA:298,1
DA:304,4
DA:307,380
DA:308,380
DA:310,0
DA:311,0
DA:314,43
DA:315,43
DA:318,43
DA:319,0
DA:321,43
DA:322,0
DA:324,43
DA:325,1
DA:327,43
DA:330,8
DA:331,8
DA:332,8
DA:333,8
DA:335,7
DA:336,1
DA:338,0
DA:339,1
DA:341,1
DA:343,0
DA:344,0
DA:346,8
DA:351,8
DA:352,0
DA:354,8
DA:355,0
DA:357,8
DA:358,8
DA:360,0
DA:361,0
DA:363,15
DA:364,15
DA:366,0
DA:367,0
DA:369,179
DA:370,179
DA:372,179
DA:373,179
DA:374,3
DA:377,6
DA:378,3
DA:380,179
DA:381,179
DA:383,179
DA:385,179
DA:387,179
DA:388,1
DA:394,178
DA:396,0
DA:397,0
DA:398,0
DA:399,0
DA:401,0
DA:403,1
DA:404,1
DA:409,0
DA:410,0
DA:412,0
DA:413,0
DA:421,371
DA:423,371
DA:425,376
DA:426,376
DA:428,371
DA:430,2
DA:432,2
DA:435,2
DA:436,2
DA:437,3
DA:438,3
DA:440,2
DA:442,0
DA:443,0
DA:445,1
DA:446,1
DA:450,0
DA:452,0
DA:454,0
DA:456,0
DA:458,0
DA:460,0
DA:462,0
DA:464,0
DA:466,0
DA:468,0
DA:470,0
DA:472,0
DA:474,0
DA:476,0
DA:478,0
DA:480,0
DA:482,0
DA:484,0
DA:486,0
DA:488,0
DA:490,0
DA:492,0
DA:493,0
DA:494,0
DA:496,0
DA:497,0
DA:499,1
DA:500,11
DA:505,11
DA:506,11
DA:507,11
DA:509,0
DA:510,0
DA:514,0
LF:193
LH:118
BRDA:69,0,0,1597
BRDA:89,1,0,0
BRDA:92,2,0,0
BRDA:96,3,0,0
BRDA:96,3,1,0
BRDA:96,3,2,0
BRDA:96,3,3,0
BRDA:96,3,4,7
BRDA:96,3,5,0
BRDA:96,3,6,0
BRDA:96,3,7,51
BRDA:96,3,8,3
BRDA:96,3,9,117
BRDA:96,3,10,2
BRDA:96,3,11,3
BRDA:96,3,12,10
BRDA:96,3,13,0
BRDA:96,3,14,30
BRDA:96,3,15,43
BRDA:96,3,16,11
BRDA:96,3,17,2
BRDA:96,3,18,0
BRDA:96,3,19,4
BRDA:96,3,20,380
BRDA:96,3,21,0
BRDA:96,3,22,43
BRDA:96,3,23,8
BRDA:96,3,24,0
BRDA:96,3,25,15
BRDA:96,3,26,0
BRDA:96,3,27,179
BRDA:96,3,28,0
BRDA:96,3,29,1
BRDA:96,3,30,0
BRDA:96,3,31,0
BRDA:96,3,32,371
BRDA:96,3,33,2
BRDA:96,3,34,0
BRDA:96,3,35,1
BRDA:96,3,36,0
BRDA:96,3,37,0
BRDA:96,3,38,0
BRDA:96,3,39,0
BRDA:96,3,40,0
BRDA:96,3,41,0
BRDA:96,3,42,0
BRDA:96,3,43,0
BRDA:96,3,44,0
BRDA:96,3,45,0
BRDA:96,3,46,0
BRDA:96,3,47,0
BRDA:96,3,48,0
BRDA:96,3,49,0
BRDA:96,3,50,0
BRDA:96,3,51,0
BRDA:96,3,52,0
BRDA:96,3,53,0
BRDA:96,3,54,0
BRDA:96,3,55,0
BRDA:96,3,56,0
BRDA:96,3,57,0
BRDA:124,4,0,7
BRDA:188,5,0,110
BRDA:297,6,0,1
BRDA:318,7,0,0
BRDA:321,8,0,0
BRDA:324,9,0,1
BRDA:333,10,0,7
BRDA:333,10,1,1
BRDA:336,11,0,0
BRDA:336,11,1,1
BRDA:339,12,0,1
BRDA:339,12,1,0
BRDA:351,13,0,0
BRDA:354,14,0,0
BRDA:373,15,0,3
BRDA:380,16,0,0
BRDA:381,17,0,8
BRDA:383,18,0,179
BRDA:383,18,1,55
BRDA:387,19,0,1
BRDA:399,20,0,0
BRDA:436,21,0,2
BRF:83
BRH:36
end_of_record
TN:
SF:lib/ast/docker-parser.ts
FN:47,parseDockerFile
FN:51,parseDocker
FN:69,rangeToPos
FNF:3
FNH:3
FNDA:2,parseDockerFile
FNDA:2,parseDocker
FNDA:34,rangeToPos
DA:1,1
DA:8,1
DA:9,1
DA:10,1
DA:47,1
DA:48,2
DA:51,1
DA:52,2
DA:54,2
DA:55,2
DA:58,47
DA:59,47
DA:65,47
DA:70,34
DA:77,30
DA:78,30
DA:79,30
DA:80,30
DA:82,2
DA:83,2
DA:84,2
DA:85,2
DA:86,0
DA:92,2
DA:93,2
DA:100,2
DA:101,2
DA:107,2
DA:108,0
DA:115,2
DA:116,0
DA:122,2
DA:123,2
DA:125,11
DA:126,11
DA:127,11
DA:128,11
DA:129,11
DA:134,11
DA:135,11
DA:136,11
DA:138,1
DA:139,1
DA:140,1
DA:141,2
DA:142,2
DA:143,2
DA:144,1
DA:146,1
DA:148,2
DA:149,2
DA:151,1
DA:152,1
DA:154,0
DA:155,0
DA:156,0
DA:157,0
DA:158,0
DA:159,0
DA:160,0
DA:162,0
DA:164,0
DA:165,0
DA:167,0
DA:168,0
DA:170,1
DA:175,1
DA:177,0
DA:180,0
DA:181,0
DA:182,0
DA:184,1
DA:185,1
DA:189,1
DA:191,0
DA:194,0
DA:195,0
DA:196,0
DA:200,0
DA:201,0
DA:203,11
DA:205,11
DA:208,11
DA:209,11
DA:210,13
DA:212,11
DA:213,11
DA:216,1
DA:218,1
DA:220,1
DA:223,1
DA:224,1
DA:225,0
DA:229,1
DA:230,1
DA:232,2
DA:233,2
DA:234,2
DA:235,2
DA:236,4
DA:237,3
DA:239,2
DA:240,2
DA:242,0
DA:243,0
DA:244,0
DA:245,0
DA:246,0
DA:251,0
DA:252,0
DA:253,0
DA:259,0
DA:260,0
DA:262,0
DA:265,0
DA:266,0
DA:267,0
DA:269,0
DA:272,2
LF:119
LH:78
BRDA:80,0,0,2
BRDA:80,0,1,11
BRDA:80,0,2,1
BRDA:80,0,3,0
BRDA:80,0,4,1
BRDA:80,0,5,0
BRDA:80,0,6,1
BRDA:80,0,7,0
BRDA:80,0,8,11
BRDA:80,0,9,1
BRDA:80,0,10,2
BRDA:80,0,11,0
BRDA:80,0,12,0
BRDA:80,0,13,0
BRDA:85,1,0,0
BRDA:92,2,0,2
BRDA:100,3,0,2
BRDA:107,4,0,0
BRDA:115,5,0,0
BRDA:143,6,0,1
BRDA:143,6,1,1
BRDA:159,7,0,0
BRDA:159,7,1,0
BRDA:195,8,0,0
BRDA:218,9,0,0
BRDA:235,10,0,0
BRDA:245,11,0,0
BRF:27
BRH:12
end_of_record
TN:
SF:lib/ast/docker-printer.ts
FN:8,(anonymous_0)
FN:13,Printer
FN:15,(anonymous_2)
FN:19,(anonymous_3)
FN:24,(anonymous_4)
FN:28,(anonymous_5)
FN:33,(anonymous_6)
FN:38,(anonymous_7)
FN:43,(anonymous_8)
FN:76,(anonymous_9)
FN:124,(anonymous_10)
FN:129,(anonymous_11)
FN:150,(anonymous_12)
FN:175,(anonymous_13)
FN:205,(anonymous_14)
FN:222,(anonymous_15)
FN:230,(anonymous_16)
FN:234,(anonymous_17)
FN:238,(anonymous_18)
FN:242,(anonymous_19)
FN:250,(anonymous_20)
FN:281,(anonymous_21)
FN:285,(anonymous_22)
FN:290,(anonymous_23)
FN:297,(anonymous_24)
FN:310,(anonymous_25)
FN:316,(anonymous_26)
FN:331,(anonymous_27)
FN:337,(anonymous_28)
FN:343,(anonymous_29)
FN:349,(anonymous_30)
FN:355,(anonymous_31)
FN:361,(anonymous_32)
FN:371,(anonymous_33)
FN:381,(anonymous_34)
FN:390,(anonymous_35)
FN:401,(anonymous_36)
FN:403,(anonymous_37)
FN:409,(anonymous_38)
FN:415,print
FNF:40
FNH:16
FNDA:1,(anonymous_0)
FNDA:111,Printer
FNDA:0,(anonymous_2)
FNDA:2,(anonymous_3)
FNDA:2,(anonymous_4)
FNDA:2,(anonymous_5)
FNDA:207,(anonymous_6)
FNDA:2,(anonymous_7)
FNDA:280,(anonymous_8)
FNDA:117,(anonymous_9)
FNDA:22,(anonymous_10)
FNDA:24,(anonymous_11)
FNDA:0,(anonymous_12)
FNDA:0,(anonymous_13)
FNDA:0,(anonymous_14)
FNDA:0,(anonymous_15)
FNDA:0,(anonymous_16)
FNDA:0,(anonymous_17)
FNDA:0,(anonymous_18)
FNDA:0,(anonymous_19)
FNDA:2,(anonymous_20)
FNDA:2,(anonymous_21)
FNDA:0,(anonymous_22)
FNDA:0,(anonymous_23)
FNDA:2,(anonymous_24)
FNDA:0,(anonymous_25)
FNDA:0,(anonymous_26)
FNDA:0,(anonymous_27)
FNDA:0,(anonymous_28)
FNDA:0,(anonymous_29)
FNDA:0,(anonymous_30)
FNDA:0,(anonymous_31)
FNDA:0,(anonymous_32)
FNDA:0,(anonymous_33)
FNDA:0,(anonymous_34)
FNDA:0,(anonymous_35)
FNDA:0,(anonymous_36)
FNDA:0,(anonymous_37)
FNDA:111,(anonymous_38)
FNDA:111,print
DA:1,1
DA:8,1
DA:9,111
DA:10,111
DA:11,111
DA:12,111
DA:13,111
DA:15,1
DA:16,0
DA:17,0
DA:19,1
DA:20,2
DA:21,2
DA:22,2
DA:24,1
DA:25,2
DA:26,2
DA:28,1
DA:29,2
DA:30,2
DA:33,1
DA:34,207
DA:35,207
DA:38,1
DA:39,2
DA:40,2
DA:43,280
DA:44,280
DA:45,280
DA:46,0
DA:49,280
DA:51,0
DA:52,0
DA:54,280
DA:55,280
DA:57,0
DA:76,117
DA:77,115
DA:95,119
DA:96,119
DA:98,0
DA:99,0
DA:101,0
DA:102,0
DA:104,0
DA:111,0
DA:113,0
DA:114,0
DA:116,0
DA:121,0
DA:123,20
DA:124,22
DA:125,20
DA:126,20
DA:128,14
DA:129,24
DA:130,14
DA:131,14
DA:133,6
DA:134,6
DA:136,0
DA:147,0
DA:148,0
DA:150,0
DA:151,0
DA:152,0
DA:154,0
DA:155,0
DA:156,0
DA:158,0
DA:168,0
DA:169,0
DA:170,0
DA:171,0
DA:174,0
DA:175,0
DA:176,0
DA:178,0
DA:179,0
DA:181,0
DA:182,0
DA:184,0
DA:193,0
DA:194,0
DA:196,0
DA:203,0
DA:205,0
DA:206,0
DA:208,0
DA:210,0
DA:212,0
DA:213,0
DA:216,0
DA:217,0
DA:218,0
DA:220,0
DA:222,0
DA:223,0
DA:224,0
DA:226,0
DA:227,0
DA:229,0
DA:230,0
DA:231,0
DA:233,0
DA:234,0
DA:235,0
DA:237,0
DA:238,0
DA:239,0
DA:241,0
DA:242,0
DA:243,0
DA:245,2
DA:247,2
DA:248,2
DA:250,2
DA:251,2
DA:253,0
DA:255,0
DA:256,0
DA:258,0
DA:259,0
DA:261,0
DA:262,0
DA:264,0
DA:265,0
DA:268,0
DA:269,0
DA:270,0
DA:272,0
DA:281,2
DA:282,2
DA:284,0
DA:285,0
DA:286,0
DA:287,0
DA:289,0
DA:290,0
DA:291,0
DA:293,0
DA:294,0
DA:296,2
DA:297,2
DA:298,2
DA:300,2
DA:301,2
DA:302,2
DA:303,2
DA:305,0
DA:306,0
DA:308,0
DA:309,0
DA:310,0
DA:311,0
DA:312,0
DA:314,0
DA:315,0
DA:316,0
DA:317,0
DA:318,0
DA:320,0
DA:321,0
DA:322,0
DA:323,0
DA:324,0
DA:326,0
DA:327,0
DA:329,0
DA:330,0
DA:331,0
DA:332,0
DA:333,0
DA:335,0
DA:336,0
DA:337,0
DA:338,0
DA:339,0
DA:341,0
DA:342,0
DA:343,0
DA:344,0
DA:345,0
DA:347,0
DA:348,0
DA:349,0
DA:350,0
DA:351,0
DA:353,0
DA:354,0
DA:355,0
DA:356,0
DA:357,0
DA:359,0
DA:360,0
DA:361,0
DA:362,0
DA:363,0
DA:365,0
DA:366,0
DA:368,0
DA:369,0
DA:370,0
DA:371,0
DA:372,0
DA:373,0
DA:375,0
DA:376,0
DA:377,0
DA:379,0
DA:380,0
DA:381,0
DA:382,0
DA:383,0
DA:385,0
DA:386,0
DA:388,0
DA:389,0
DA:390,0
DA:391,0
DA:392,0
DA:394,0
DA:395,0
DA:397,0
DA:398,0
DA:399,0
DA:400,0
DA:401,0
DA:403,0
DA:406,280
DA:409,1
DA:410,111
DA:411,111
DA:413,1
DA:415,222
DA:416,111
LF:236
LH:65
BRDA:13,0,0,0
BRDA:20,1,0,0
BRDA:44,2,0,0
BRDA:45,3,0,0
BRDA:45,4,0,280
BRDA:45,4,1,0
BRDA:49,5,0,0
BRDA:49,6,0,113
BRDA:49,6,1,167
BRDA:49,7,0,280
BRDA:49,7,1,280
BRDA:49,8,0,111
BRDA:49,8,1,169
BRDA:49,9,0,280
BRDA:49,9,1,169
BRDA:49,10,0,2
BRDA:49,10,1,278
BRDA:49,11,0,280
BRDA:49,11,1,280
BRDA:51,12,0,0
BRDA:51,12,1,0
BRDA:51,13,0,0
BRDA:51,13,1,0
BRDA:51,14,0,0
BRDA:51,14,1,0
BRDA:51,15,0,0
BRDA:51,15,1,0
BRDA:51,16,0,0
BRDA:51,16,1,0
BRDA:51,17,0,0
BRDA:51,17,1,0
BRDA:55,18,0,0
BRDA:55,18,1,0
BRDA:55,18,2,0
BRDA:55,18,3,0
BRDA:55,18,4,0
BRDA:55,18,5,0
BRDA:55,18,6,0
BRDA:55,18,7,0
BRDA:55,18,8,0
BRDA:55,18,9,0
BRDA:55,18,10,0
BRDA:55,18,11,115
BRDA:55,18,12,115
BRDA:55,18,13,115
BRDA:55,18,14,115
BRDA:55,18,15,115
BRDA:55,18,16,115
BRDA:55,18,17,115
BRDA:55,18,18,115
BRDA:55,18,19,0
BRDA:55,18,20,0
BRDA:55,18,21,0
BRDA:55,18,22,119
BRDA:55,18,23,119
BRDA:55,18,24,119
BRDA:55,18,25,119
BRDA:55,18,26,119
BRDA:55,18,27,119
BRDA:55,18,28,119
BRDA:55,18,29,119
BRDA:55,18,30,119
BRDA:55,18,31,119
BRDA:55,18,32,119
BRDA:55,18,33,119
BRDA:55,18,34,119
BRDA:55,18,35,119
BRDA:55,18,36,0
BRDA:55,18,37,0
BRDA:55,18,38,0
BRDA:55,18,39,0
BRDA:55,18,40,0
BRDA:55,18,41,20
BRDA:55,18,42,14
BRDA:55,18,43,6
BRDA:55,18,44,0
BRDA:55,18,45,0
BRDA:55,18,46,0
BRDA:55,18,47,0
BRDA:55,18,48,0
BRDA:55,18,49,0
BRDA:55,18,50,0
BRDA:55,18,51,0
BRDA:55,18,52,0
BRDA:55,18,53,0
BRDA:55,18,54,0
BRDA:55,18,55,0
BRDA:55,18,56,0
BRDA:55,18,57,0
BRDA:55,18,58,0
BRDA:55,18,59,0
BRDA:55,18,60,2
BRDA:55,18,61,0
BRDA:55,18,62,0
BRDA:55,18,63,0
BRDA:55,18,64,0
BRDA:55,18,65,0
BRDA:55,18,66,2
BRDA:55,18,67,2
BRDA:55,18,68,2
BRDA:55,18,69,0
BRDA:55,18,70,0
BRDA:55,18,71,2
BRDA:55,18,72,0
BRDA:55,18,73,0
BRDA:55,18,74,0
BRDA:55,18,75,0
BRDA:55,18,76,0
BRDA:55,18,77,0
BRDA:55,18,78,0
BRDA:55,18,79,0
BRDA:55,18,80,0
BRDA:55,18,81,0
BRDA:55,18,82,0
BRDA:55,18,83,0
BRDA:55,18,84,0
BRDA:55,18,85,0
BRDA:147,19,0,0
BRDA:168,20,0,0
BRDA:170,21,0,0
BRDA:193,22,0,0
BRDA:210,23,0,0
BRDA:210,23,1,0
BRDA:223,24,0,0
BRDA:245,25,0,2
BRDA:253,26,0,0
BRDA:253,26,1,0
BRDA:253,26,2,0
BRDA:253,26,3,0
BRDA:253,26,4,0
BRDA:302,27,0,0
BRDA:362,28,0,0
BRDA:372,29,0,0
BRDA:382,30,0,0
BRDA:391,31,0,0
BRDA:398,32,0,0
BRDA:398,32,1,0
BRDA:398,33,0,0
BRDA:398,33,1,0
BRDA:400,34,0,0
BRDA:400,34,1,0
BRDA:415,35,0,111
BRF:142
BRH:45
end_of_record
TN:
SF:lib/ast/docker-type.ts
FN:137,(anonymous_6)
FN:138,Position
FN:145,(anonymous_8)
FN:153,(anonymous_9)
FN:169,(anonymous_11)
FN:173,(anonymous_12)
FN:178,(anonymous_13)
FN:191,(anonymous_14)
FN:196,(anonymous_15)
FN:206,(anonymous_16)
FN:211,(anonymous_17)
FN:217,(anonymous_18)
FN:231,(anonymous_19)
FN:232,(anonymous_20)
FN:254,(anonymous_21)
FN:255,(anonymous_22)
FN:278,(anonymous_23)
FN:288,(anonymous_24)
FN:296,(anonymous_25)
FN:301,(anonymous_26)
FN:302,GenericNode
FN:307,(anonymous_28)
FN:308,DockerOpsValueNode
FN:313,(anonymous_30)
FN:317,(anonymous_32)
FN:320,(anonymous_34)
FN:323,(anonymous_36)
FN:326,(anonymous_38)
FN:329,(anonymous_40)
FN:332,(anonymous_42)
FN:336,(anonymous_43)
FN:340,(anonymous_44)
FN:343,(anonymous_46)
FN:347,(anonymous_47)
FN:350,(anonymous_49)
FN:353,(anonymous_51)
FN:356,(anonymous_53)
FN:359,(anonymous_55)
FN:362,(anonymous_57)
FN:365,(anonymous_59)
FN:368,(anonymous_61)
FN:372,(anonymous_62)
FN:376,(anonymous_63)
FN:380,(anonymous_64)
FN:383,(anonymous_66)
FN:387,(anonymous_68)
FN:391,(anonymous_69)
FN:395,(anonymous_70)
FN:398,(anonymous_72)
FN:401,(anonymous_74)
FN:404,(anonymous_76)
FN:407,(anonymous_78)
FN:410,(anonymous_80)
FN:413,(anonymous_82)
FN:416,(anonymous_84)
FN:419,(anonymous_86)
FN:422,(anonymous_88)
FN:425,(anonymous_90)
FN:428,(anonymous_92)
FN:431,(anonymous_94)
FN:434,(anonymous_96)
FN:438,(anonymous_97)
FN:442,(anonymous_98)
FN:446,(anonymous_99)
FN:449,(anonymous_101)
FN:452,(anonymous_103)
FN:455,(anonymous_105)
FN:458,(anonymous_107)
FN:461,(anonymous_109)
FN:464,(anonymous_111)
FN:467,(anonymous_113)
FN:470,(anonymous_115)
FN:473,(anonymous_117)
FN:476,(anonymous_119)
FN:479,(anonymous_121)
FN:483,(anonymous_122)
FN:487,(anonymous_123)
FN:490,(anonymous_125)
FN:493,(anonymous_127)
FN:496,(anonymous_129)
FN:499,(anonymous_131)
FN:502,(anonymous_133)
FN:505,(anonymous_135)
FN:508,(anonymous_137)
FN:512,(anonymous_139)
FN:516,(anonymous_140)
FN:520,(anonymous_141)
FN:524,(anonymous_142)
FN:527,(anonymous_144)
FN:530,(anonymous_146)
FN:533,(anonymous_148)
FN:536,(anonymous_150)
FN:540,(anonymous_151)
FN:545,(anonymous_152)
FN:548,(anonymous_154)
FN:551,(anonymous_156)
FN:554,(anonymous_158)
FN:557,(anonymous_160)
FN:560,(anonymous_162)
FN:563,(anonymous_164)
FN:566,(anonymous_166)
FN:571,(anonymous_168)
FN:575,(anonymous_169)
FN:579,(anonymous_170)
FN:583,(anonymous_171)
FN:586,(anonymous_173)
FN:589,(anonymous_175)
FN:592,(anonymous_177)
FN:595,(anonymous_179)
FN:598,(anonymous_181)
FN:599,(anonymous_182)
FN:602,(anonymous_183)
FN:606,(anonymous_184)
FN:609,(anonymous_186)
FN:612,(anonymous_188)
FN:615,(anonymous_190)
FN:618,(anonymous_192)
FN:621,(anonymous_194)
FN:624,(anonymous_196)
FN:627,(anonymous_198)
FN:630,(anonymous_200)
FN:633,(anonymous_202)
FN:636,(anonymous_204)
FN:639,(anonymous_206)
FN:642,(anonymous_208)
FN:645,(anonymous_210)
FN:648,(anonymous_212)
FN:651,(anonymous_214)
FN:654,(anonymous_216)
FN:657,(anonymous_218)
FN:660,(anonymous_220)
FN:663,(anonymous_222)
FN:666,(anonymous_224)
FN:669,(anonymous_226)
FN:672,(anonymous_228)
FN:675,(anonymous_230)
FN:678,(anonymous_232)
FN:681,(anonymous_234)
FN:684,(anonymous_236)
FN:687,(anonymous_238)
FN:690,(anonymous_240)
FN:693,(anonymous_242)
FN:696,(anonymous_244)
FN:699,(anonymous_246)
FN:702,(anonymous_248)
FN:705,(anonymous_250)
FN:708,(anonymous_252)
FN:711,(anonymous_254)
FN:714,(anonymous_256)
FN:717,(anonymous_258)
FN:720,(anonymous_260)
FN:723,(anonymous_262)
FN:726,(anonymous_264)
FN:729,(anonymous_266)
FN:732,(anonymous_268)
FN:735,(anonymous_270)
FN:738,(anonymous_272)
FN:741,(anonymous_274)
FN:744,(anonymous_276)
FN:747,(anonymous_278)
FN:750,(anonymous_280)
FN:753,(anonymous_282)
FN:756,(anonymous_284)
FN:759,(anonymous_286)
FN:762,(anonymous_288)
FN:765,(anonymous_290)
FN:768,(anonymous_292)
FN:771,(anonymous_294)
FN:775,(anonymous_296)
FN:778,(anonymous_298)
FN:781,(anonymous_300)
FN:784,(anonymous_302)
FN:787,(anonymous_304)
FN:790,(anonymous_306)
FN:793,(anonymous_308)
FN:796,(anonymous_310)
FN:799,(anonymous_312)
FN:802,(anonymous_314)
FN:805,(anonymous_316)
FNF:179
FNH:155
FNDA:1,(anonymous_6)
FNDA:1752,Position
FNDA:0,(anonymous_8)
FNDA:44371,(anonymous_9)
FNDA:1903834,(anonymous_11)
FNDA:1778,(anonymous_12)
FNDA:1921,(anonymous_13)
FNDA:42346,(anonymous_14)
FNDA:94436,(anonymous_15)
FNDA:27,(anonymous_16)
FNDA:317,(anonymous_17)
FNDA:0,(anonymous_18)
FNDA:155,(anonymous_19)
FNDA:14,(anonymous_20)
FNDA:1330155,(anonymous_21)
FNDA:435845,(anonymous_22)
FNDA:27,(anonymous_23)
FNDA:0,(anonymous_24)
FNDA:56,(anonymous_25)
FNDA:1,(anonymous_26)
FNDA:105,GenericNode
FNDA:1,(anonymous_28)
FNDA:26667,DockerOpsValueNode
FNDA:1,(anonymous_30)
FNDA:1,(anonymous_32)
FNDA:1,(anonymous_34)
FNDA:1,(anonymous_36)
FNDA:1,(anonymous_38)
FNDA:8,(anonymous_40)
FNDA:0,(anonymous_42)
FNDA:0,(anonymous_43)
FNDA:8,(anonymous_44)
FNDA:0,(anonymous_46)
FNDA:8,(anonymous_47)
FNDA:1,(anonymous_49)
FNDA:1,(anonymous_51)
FNDA:1,(anonymous_53)
FNDA:2,(anonymous_55)
FNDA:4,(anonymous_57)
FNDA:4,(anonymous_59)
FNDA:0,(anonymous_61)
FNDA:0,(anonymous_62)
FNDA:0,(anonymous_63)
FNDA:3,(anonymous_64)
FNDA:3,(anonymous_66)
FNDA:0,(anonymous_68)
FNDA:0,(anonymous_69)
FNDA:4,(anonymous_70)
FNDA:3,(anonymous_72)
FNDA:4,(anonymous_74)
FNDA:4,(anonymous_76)
FNDA:264,(anonymous_78)
FNDA:16393,(anonymous_80)
FNDA:8,(anonymous_82)
FNDA:1,(anonymous_84)
FNDA:1,(anonymous_86)
FNDA:1,(anonymous_88)
FNDA:1,(anonymous_90)
FNDA:1,(anonymous_92)
FNDA:52,(anonymous_94)
FNDA:0,(anonymous_96)
FNDA:0,(anonymous_97)
FNDA:0,(anonymous_98)
FNDA:52,(anonymous_99)
FNDA:52,(anonymous_101)
FNDA:52,(anonymous_103)
FNDA:1,(anonymous_105)
FNDA:1,(anonymous_107)
FNDA:1,(anonymous_109)
FNDA:1,(anonymous_111)
FNDA:1,(anonymous_113)
FNDA:1,(anonymous_115)
FNDA:1,(anonymous_117)
FNDA:2,(anonymous_119)
FNDA:0,(anonymous_121)
FNDA:0,(anonymous_122)
FNDA:2,(anonymous_123)
FNDA:2,(anonymous_125)
FNDA:1,(anonymous_127)
FNDA:54,(anonymous_129)
FNDA:1,(anonymous_131)
FNDA:44,(anonymous_133)
FNDA:1,(anonymous_135)
FNDA:3,(anonymous_137)
FNDA:0,(anonymous_139)
FNDA:0,(anonymous_140)
FNDA:0,(anonymous_141)
FNDA:3,(anonymous_142)
FNDA:3,(anonymous_144)
FNDA:3,(anonymous_146)
FNDA:1,(anonymous_148)
FNDA:0,(anonymous_150)
FNDA:0,(anonymous_151)
FNDA:1,(anonymous_152)
FNDA:1,(anonymous_154)
FNDA:1,(anonymous_156)
FNDA:5,(anonymous_158)
FNDA:2,(anonymous_160)
FNDA:1,(anonymous_162)
FNDA:1,(anonymous_164)
FNDA:5,(anonymous_166)
FNDA:0,(anonymous_168)
FNDA:0,(anonymous_169)
FNDA:0,(anonymous_170)
FNDA:5,(anonymous_171)
FNDA:1,(anonymous_173)
FNDA:1,(anonymous_175)
FNDA:26473,(anonymous_177)
FNDA:374,(anonymous_179)
FNDA:2,(anonymous_181)
FNDA:5,(anonymous_182)
FNDA:2,(anonymous_183)
FNDA:52,(anonymous_184)
FNDA:1,(anonymous_186)
FNDA:1,(anonymous_188)
FNDA:9,(anonymous_190)
FNDA:1,(anonymous_192)
FNDA:1,(anonymous_194)
FNDA:1,(anonymous_196)
FNDA:1,(anonymous_198)
FNDA:9,(anonymous_200)
FNDA:2,(anonymous_202)
FNDA:1,(anonymous_204)
FNDA:8,(anonymous_206)
FNDA:9,(anonymous_208)
FNDA:1,(anonymous_210)
FNDA:1,(anonymous_212)
FNDA:12,(anonymous_214)
FNDA:16,(anonymous_216)
FNDA:2,(anonymous_218)
FNDA:1,(anonymous_220)
FNDA:1,(anonymous_222)
FNDA:1,(anonymous_224)
FNDA:12,(anonymous_226)
FNDA:1,(anonymous_228)
FNDA:1,(anonymous_230)
FNDA:1,(anonymous_232)
FNDA:1,(anonymous_234)
FNDA:1,(anonymous_236)
FNDA:3,(anonymous_238)
FNDA:4,(anonymous_240)
FNDA:2,(anonymous_242)
FNDA:2,(anonymous_244)
FNDA:2,(anonymous_246)
FNDA:2,(anonymous_248)
FNDA:1,(anonymous_250)
FNDA:2,(anonymous_252)
FNDA:12,(anonymous_254)
FNDA:2,(anonymous_256)
FNDA:3,(anonymous_258)
FNDA:3,(anonymous_260)
FNDA:3,(anonymous_262)
FNDA:1,(anonymous_264)
FNDA:1,(anonymous_266)
FNDA:1,(anonymous_268)
FNDA:3,(anonymous_270)
FNDA:14,(anonymous_272)
FNDA:12,(anonymous_274)
FNDA:4,(anonymous_276)
FNDA:2,(anonymous_278)
FNDA:12,(anonymous_280)
FNDA:1,(anonymous_282)
FNDA:1,(anonymous_284)
FNDA:1,(anonymous_286)
FNDA:1,(anonymous_288)
FNDA:2,(anonymous_290)
FNDA:1,(anonymous_292)
FNDA:121,(anonymous_294)
FNDA:1,(anonymous_296)
FNDA:4,(anonymous_298)
FNDA:48,(anonymous_300)
FNDA:31,(anonymous_302)
FNDA:1,(anonymous_304)
FNDA:1,(anonymous_306)
FNDA:1,(anonymous_308)
FNDA:1,(anonymous_310)
FNDA:1,(anonymous_312)
FNDA:1,(anonymous_314)
FNDA:1,(anonymous_316)
DA:1,1
DA:137,1
DA:139,1752
DA:140,1752
DA:141,1752
DA:142,1752
DA:145,1
DA:146,0
DA:151,1
DA:153,1
DA:158,44370
DA:162,44370
DA:166,44370
DA:169,1
DA:170,1903834
DA:173,1
DA:174,1778
DA:175,1778
DA:178,1
DA:179,1921
DA:180,1921
DA:181,20
DA:182,11
DA:184,10
DA:186,1911
DA:187,1911
DA:188,1911
DA:191,1
DA:194,42346
DA:195,42346
DA:196,42346
DA:197,94436
DA:198,39095
DA:200,39095
DA:203,42346
DA:206,1
DA:209,27
DA:210,27
DA:211,27
DA:212,317
DA:214,27
DA:217,1
DA:220,0
DA:221,0
DA:222,0
DA:223,0
DA:224,0
DA:226,0
DA:228,0
DA:231,1
DA:232,155
DA:233,14
DA:234,12
DA:235,12
DA:236,12
DA:237,12
DA:238,0
DA:239,0
DA:241,155
DA:242,169
DA:243,169
DA:244,169
DA:254,1
DA:255,1330155
DA:256,435845
DA:257,315557
DA:258,309053
DA:259,133468
DA:260,133406
DA:261,2
DA:262,0
DA:264,1330155
DA:265,1330133
DA:266,1330133
DA:267,1330133
DA:269,1291060
DA:270,1284531
DA:271,1284531
DA:272,1284531
DA:275,1264987
DA:278,1
DA:279,27
DA:282,27
DA:283,27
DA:284,27
DA:285,27
DA:288,1
DA:289,0
DA:292,0
DA:293,0
DA:296,1
DA:297,56
DA:299,1
DA:301,1
DA:302,105
DA:303,105
DA:305,1
DA:307,1
DA:308,26667
DA:309,26667
DA:311,1
DA:313,1
DA:314,0
DA:315,1
DA:317,1
DA:318,0
DA:319,1
DA:320,1
DA:321,0
DA:322,1
DA:323,1
DA:324,0
DA:325,1
DA:326,1
DA:327,0
DA:328,1
DA:329,7
DA:330,7
DA:332,1
DA:333,0
DA:336,1
DA:337,0
DA:339,1
DA:340,7
DA:341,7
DA:343,1
DA:344,0
DA:346,1
DA:347,7
DA:348,7
DA:349,1
DA:350,1
DA:351,0
DA:352,1
DA:353,1
DA:354,0
DA:355,1
DA:356,1
DA:357,0
DA:358,1
DA:359,1
DA:360,1
DA:361,1
DA:362,3
DA:363,3
DA:364,1
DA:365,3
DA:366,3
DA:368,1
DA:369,0
DA:372,1
DA:373,0
DA:376,1
DA:377,0
DA:379,1
DA:380,2
DA:381,2
DA:382,1
DA:383,2
DA:384,2
DA:385,2
DA:387,1
DA:388,0
DA:391,1
DA:392,0
DA:394,1
DA:395,3
DA:396,3
DA:397,1
DA:398,2
DA:399,2
DA:400,1
DA:401,3
DA:402,3
DA:403,1
DA:404,3
DA:405,3
DA:406,1
DA:407,263
DA:408,263
DA:409,1
DA:410,16392
DA:411,16392
DA:412,1
DA:413,7
DA:414,7
DA:415,1
DA:416,1
DA:417,0
DA:418,1
DA:419,1
DA:420,0
DA:421,1
DA:422,1
DA:423,0
DA:424,1
DA:425,1
DA:426,0
DA:427,1
DA:428,1
DA:429,0
DA:430,1
DA:431,51
DA:432,51
DA:434,1
DA:435,0
DA:438,1
DA:439,0
DA:442,1
DA:443,0
DA:445,1
DA:446,51
DA:447,51
DA:448,1
DA:449,51
DA:450,51
DA:451,1
DA:452,51
DA:453,51
DA:454,1
DA:455,1
DA:456,0
DA:457,1
DA:458,1
DA:459,0
DA:460,1
DA:461,1
DA:462,0
DA:463,1
DA:464,1
DA:465,0
DA:466,1
DA:467,1
DA:468,0
DA:469,1
DA:470,1
DA:471,0
DA:472,1
DA:473,1
DA:474,0
DA:475,1
DA:476,1
DA:477,1
DA:479,1
DA:480,0
DA:483,1
DA:484,0
DA:486,1
DA:487,1
DA:488,1
DA:489,1
DA:490,1
DA:491,1
DA:492,1
DA:493,1
DA:494,0
DA:495,1
DA:496,53
DA:497,53
DA:498,1
DA:499,1
DA:500,0
DA:501,1
DA:502,43
DA:503,43
DA:504,1
DA:505,1
DA:506,0
DA:507,1
DA:508,2
DA:509,2
DA:510,2
DA:512,1
DA:513,0
DA:516,1
DA:517,0
DA:520,1
DA:521,0
DA:523,1
DA:524,2
DA:525,2
DA:526,1
DA:527,2
DA:528,2
DA:529,1
DA:530,2
DA:531,2
DA:532,1
DA:533,1
DA:534,0
DA:536,1
DA:537,0
DA:540,1
DA:541,0
DA:543,1
DA:545,1
DA:546,0
DA:547,1
DA:548,1
DA:549,0
DA:550,1
DA:551,1
DA:552,0
DA:553,1
DA:554,4
DA:555,4
DA:556,1
DA:557,1
DA:558,1
DA:559,1
DA:560,1
DA:561,0
DA:562,1
DA:563,1
DA:564,0
DA:565,1
DA:566,4
DA:567,4
DA:569,4
DA:571,1
DA:572,0
DA:575,1
DA:576,0
DA:579,1
DA:580,0
DA:582,1
DA:583,4
DA:584,4
DA:585,1
DA:586,1
DA:587,0
DA:588,1
DA:589,1
DA:590,0
DA:591,1
DA:592,26472
DA:593,26472
DA:594,1
DA:595,373
DA:596,373
DA:598,1
DA:599,5
DA:602,1
DA:603,2
DA:605,1
DA:606,51
DA:607,51
DA:608,1
DA:609,1
DA:610,0
DA:611,1
DA:612,1
DA:613,0
DA:614,1
DA:615,8
DA:616,8
DA:617,1
DA:618,1
DA:619,0
DA:620,1
DA:621,1
DA:622,0
DA:623,1
DA:624,1
DA:625,0
DA:626,1
DA:627,1
DA:628,0
DA:629,1
DA:630,8
DA:631,8
DA:632,1
DA:633,1
DA:634,1
DA:635,1
DA:636,1
DA:637,0
DA:638,1
DA:639,7
DA:640,7
DA:641,1
DA:642,8
DA:643,8
DA:644,1
DA:645,1
DA:646,0
DA:647,1
DA:648,1
DA:649,0
DA:650,1
DA:651,11
DA:652,11
DA:653,1
DA:654,15
DA:655,15
DA:656,1
DA:657,1
DA:658,1
DA:659,1
DA:660,1
DA:661,0
DA:662,1
DA:663,1
DA:664,0
DA:665,1
DA:666,1
DA:667,0
DA:668,1
DA:669,11
DA:670,11
DA:671,1
DA:672,1
DA:673,0
DA:674,1
DA:675,1
DA:676,0
DA:677,1
DA:678,1
DA:679,0
DA:680,1
DA:681,1
DA:682,0
DA:683,1
DA:684,1
DA:685,0
DA:686,1
DA:687,2
DA:688,2
DA:689,1
DA:690,3
DA:691,3
DA:692,1
DA:693,1
DA:694,1
DA:695,1
DA:696,1
DA:697,1
DA:698,1
DA:699,1
DA:700,1
DA:701,1
DA:702,1
DA:703,1
DA:704,1
DA:705,1
DA:706,0
DA:707,1
DA:708,1
DA:709,1
DA:710,1
DA:711,11
DA:712,11
DA:713,1
DA:714,1
DA:715,1
DA:716,1
DA:717,2
DA:718,2
DA:719,1
DA:720,2
DA:721,2
DA:722,1
DA:723,2
DA:724,2
DA:725,1
DA:726,1
DA:727,0
DA:728,1
DA:729,1
DA:730,0
DA:731,1
DA:732,1
DA:733,0
DA:734,1
DA:735,2
DA:736,2
DA:737,1
DA:738,13
DA:739,13
DA:740,1
DA:741,11
DA:742,11
DA:743,1
DA:744,3
DA:745,3
DA:746,1
DA:747,1
DA:748,1
DA:749,1
DA:750,11
DA:751,11
DA:752,1
DA:753,1
DA:754,0
DA:755,1
DA:756,1
DA:757,0
DA:758,1
DA:759,1
DA:760,0
DA:761,1
DA:762,1
DA:763,0
DA:764,1
DA:765,1
DA:766,1
DA:767,1
DA:768,1
DA:769,0
DA:770,1
DA:771,120
DA:772,120
DA:774,1
DA:775,1
DA:776,0
DA:777,1
DA:778,3
DA:779,3
DA:780,1
DA:781,47
DA:782,47
DA:783,1
DA:784,30
DA:785,30
DA:786,1
DA:787,1
DA:788,0
DA:789,1
DA:790,1
DA:791,0
DA:792,1
DA:793,1
DA:794,0
DA:795,1
DA:796,1
DA:797,0
DA:798,1
DA:799,1
DA:800,0
DA:801,1
DA:802,1
DA:803,0
DA:804,1
DA:805,1
DA:806,0
DA:807,1
LF:546
LH:446
BRDA:148,0,0,0
BRDA:148,0,1,0
BRDA:179,1,0,0
BRDA:180,2,0,10
BRDA:197,3,0,39095
BRDA:212,4,0,56
BRDA:223,5,0,0
BRDA:233,6,0,2
BRDA:234,7,0,0
BRDA:235,8,0,0
BRDA:236,9,0,0
BRDA:237,10,0,12
BRDA:238,11,0,0
BRDA:243,12,0,0
BRDA:256,13,0,120288
BRDA:257,14,0,6504
BRDA:258,15,0,175585
BRDA:259,16,0,62
BRDA:260,17,0,133404
BRDA:261,18,0,2
BRDA:266,19,0,0
BRDA:267,20,0,39095
BRDA:271,21,0,0
BRDA:272,22,0,26073
BRDA:283,23,0,27
BRDA:303,24,0,105
BRDA:303,24,1,105
BRDA:309,25,0,26667
BRDA:309,25,1,26667
BRDA:313,26,0,0
BRDA:313,26,1,0
BRDA:313,26,2,0
BRDA:317,27,0,0
BRDA:317,27,1,0
BRDA:317,27,2,0
BRDA:320,28,0,0
BRDA:320,28,1,0
BRDA:320,28,2,0
BRDA:323,29,0,0
BRDA:323,29,1,0
BRDA:323,29,2,0
BRDA:326,30,0,0
BRDA:326,30,1,0
BRDA:326,30,2,0
BRDA:329,31,0,7
BRDA:329,31,1,7
BRDA:329,31,2,7
BRDA:340,32,0,7
BRDA:340,32,1,7
BRDA:340,32,2,7
BRDA:347,33,0,7
BRDA:347,33,1,7
BRDA:347,33,2,7
BRDA:350,34,0,0
BRDA:350,34,1,0
BRDA:350,34,2,0
BRDA:353,35,0,0
BRDA:353,35,1,0
BRDA:353,35,2,0
BRDA:356,36,0,0
BRDA:356,36,1,0
BRDA:356,36,2,0
BRDA:359,37,0,1
BRDA:359,37,1,1
BRDA:359,37,2,0
BRDA:362,38,0,3
BRDA:362,38,1,3
BRDA:362,38,2,3
BRDA:365,39,0,3
BRDA:365,39,1,3
BRDA:365,39,2,3
BRDA:380,40,0,2
BRDA:380,40,1,2
BRDA:380,40,2,2
BRDA:383,41,0,2
BRDA:383,41,1,2
BRDA:383,41,2,2
BRDA:395,42,0,3
BRDA:395,42,1,3
BRDA:395,42,2,3
BRDA:398,43,0,2
BRDA:398,43,1,2
BRDA:398,43,2,2
BRDA:401,44,0,3
BRDA:401,44,1,3
BRDA:401,44,2,0
BRDA:404,45,0,3
BRDA:404,45,1,3
BRDA:404,45,2,3
BRDA:407,46,0,263
BRDA:407,46,1,263
BRDA:407,46,2,263
BRDA:410,47,0,16392
BRDA:410,47,1,16392
BRDA:410,47,2,16392
BRDA:413,48,0,7
BRDA:413,48,1,7
BRDA:413,48,2,7
BRDA:416,49,0,0
BRDA:416,49,1,0
BRDA:416,49,2,0
BRDA:419,50,0,0
BRDA:419,50,1,0
BRDA:419,50,2,0
BRDA:422,51,0,0
BRDA:422,51,1,0
BRDA:422,51,2,0
BRDA:425,52,0,0
BRDA:425,52,1,0
BRDA:425,52,2,0
BRDA:428,53,0,0
BRDA:428,53,1,0
BRDA:428,53,2,0
BRDA:431,54,0,51
BRDA:431,54,1,51
BRDA:431,54,2,51
BRDA:446,55,0,51
BRDA:446,55,1,51
BRDA:446,55,2,51
BRDA:449,56,0,51
BRDA:449,56,1,51
BRDA:449,56,2,51
BRDA:452,57,0,51
BRDA:452,57,1,51
BRDA:452,57,2,51
BRDA:455,58,0,0
BRDA:455,58,1,0
BRDA:455,58,2,0
BRDA:458,59,0,0
BRDA:458,59,1,0
BRDA:458,59,2,0
BRDA:461,60,0,0
BRDA:461,60,1,0
BRDA:461,60,2,0
BRDA:464,61,0,0
BRDA:464,61,1,0
BRDA:464,61,2,0
BRDA:467,62,0,0
BRDA:467,62,1,0
BRDA:467,62,2,0
BRDA:470,63,0,0
BRDA:470,63,1,0
BRDA:470,63,2,0
BRDA:473,64,0,0
BRDA:473,64,1,0
BRDA:473,64,2,0
BRDA:476,65,0,1
BRDA:476,65,1,1
BRDA:476,65,2,1
BRDA:487,66,0,1
BRDA:487,66,1,1
BRDA:487,66,2,1
BRDA:490,67,0,1
BRDA:490,67,1,1
BRDA:490,67,2,0
BRDA:493,68,0,0
BRDA:493,68,1,0
BRDA:493,68,2,0
BRDA:496,69,0,53
BRDA:496,69,1,53
BRDA:496,69,2,53
BRDA:499,70,0,0
BRDA:499,70,1,0
BRDA:499,70,2,0
BRDA:502,71,0,43
BRDA:502,71,1,43
BRDA:502,71,2,43
BRDA:505,72,0,0
BRDA:505,72,1,0
BRDA:505,72,2,0
BRDA:508,73,0,2
BRDA:508,73,1,2
BRDA:508,73,2,2
BRDA:524,74,0,2
BRDA:524,74,1,2
BRDA:524,74,2,2
BRDA:527,75,0,2
BRDA:527,75,1,2
BRDA:527,75,2,2
BRDA:530,76,0,2
BRDA:530,76,1,2
BRDA:530,76,2,2
BRDA:533,77,0,0
BRDA:533,77,1,0
BRDA:533,77,2,0
BRDA:545,78,0,0
BRDA:545,78,1,0
BRDA:545,78,2,0
BRDA:548,79,0,0
BRDA:548,79,1,0
BRDA:548,79,2,0
BRDA:551,80,0,0
BRDA:551,80,1,0
BRDA:551,80,2,0
BRDA:554,81,0,4
BRDA:554,81,1,4
BRDA:554,81,2,4
BRDA:557,82,0,1
BRDA:557,82,1,1
BRDA:557,82,2,1
BRDA:560,83,0,0
BRDA:560,83,1,0
BRDA:560,83,2,0
BRDA:563,84,0,0
BRDA:563,84,1,0
BRDA:563,84,2,0
BRDA:566,85,0,4
BRDA:566,85,1,4
BRDA:566,85,2,4
BRDA:583,86,0,4
BRDA:583,86,1,4
BRDA:583,86,2,4
BRDA:586,87,0,0
BRDA:586,87,1,0
BRDA:586,87,2,0
BRDA:589,88,0,0
BRDA:589,88,1,0
BRDA:589,88,2,0
BRDA:592,89,0,26472
BRDA:592,89,1,26472
BRDA:592,89,2,0
BRDA:595,90,0,373
BRDA:595,90,1,373
BRDA:595,90,2,373
BRDA:606,91,0,51
BRDA:606,91,1,51
BRDA:606,91,2,0
BRDA:609,92,0,0
BRDA:609,92,1,0
BRDA:609,92,2,0
BRDA:612,93,0,0
BRDA:612,93,1,0
BRDA:612,93,2,0
BRDA:615,94,0,8
BRDA:615,94,1,8
BRDA:615,94,2,8
BRDA:618,95,0,0
BRDA:618,95,1,0
BRDA:618,95,2,0
BRDA:621,96,0,0
BRDA:621,96,1,0
BRDA:621,96,2,0
BRDA:624,97,0,0
BRDA:624,97,1,0
BRDA:624,97,2,0
BRDA:627,98,0,0
BRDA:627,98,1,0
BRDA:627,98,2,0
BRDA:630,99,0,8
BRDA:630,99,1,8
BRDA:630,99,2,8
BRDA:633,100,0,1
BRDA:633,100,1,1
BRDA:633,100,2,1
BRDA:636,101,0,0
BRDA:636,101,1,0
BRDA:636,101,2,0
BRDA:639,102,0,7
BRDA:639,102,1,7
BRDA:639,102,2,7
BRDA:642,103,0,8
BRDA:642,103,1,8
BRDA:642,103,2,8
BRDA:645,104,0,0
BRDA:645,104,1,0
BRDA:645,104,2,0
BRDA:648,105,0,0
BRDA:648,105,1,0
BRDA:648,105,2,0
BRDA:651,106,0,11
BRDA:651,106,1,11
BRDA:651,106,2,11
BRDA:654,107,0,15
BRDA:654,107,1,15
BRDA:654,107,2,0
BRDA:657,108,0,1
BRDA:657,108,1,1
BRDA:657,108,2,1
BRDA:660,109,0,0
BRDA:660,109,1,0
BRDA:660,109,2,0
BRDA:663,110,0,0
BRDA:663,110,1,0
BRDA:663,110,2,0
BRDA:666,111,0,0
BRDA:666,111,1,0
BRDA:666,111,2,0
BRDA:669,112,0,11
BRDA:669,112,1,11
BRDA:669,112,2,0
BRDA:672,113,0,0
BRDA:672,113,1,0
BRDA:672,113,2,0
BRDA:675,114,0,0
BRDA:675,114,1,0
BRDA:675,114,2,0
BRDA:678,115,0,0
BRDA:678,115,1,0
BRDA:678,115,2,0
BRDA:681,116,0,0
BRDA:681,116,1,0
BRDA:681,116,2,0
BRDA:684,117,0,0
BRDA:684,117,1,0
BRDA:684,117,2,0
BRDA:687,118,0,2
BRDA:687,118,1,2
BRDA:687,118,2,2
BRDA:690,119,0,3
BRDA:690,119,1,3
BRDA:690,119,2,0
BRDA:693,120,0,1
BRDA:693,120,1,1
BRDA:693,120,2,1
BRDA:696,121,0,1
BRDA:696,121,1,1
BRDA:696,121,2,1
BRDA:699,122,0,1
BRDA:699,122,1,1
BRDA:699,122,2,1
BRDA:702,123,0,1
BRDA:702,123,1,1
BRDA:702,123,2,1
BRDA:705,124,0,0
BRDA:705,124,1,0
BRDA:705,124,2,0
BRDA:708,125,0,1
BRDA:708,125,1,1
BRDA:708,125,2,0
BRDA:711,126,0,11
BRDA:711,126,1,11
BRDA:711,126,2,11
BRDA:714,127,0,1
BRDA:714,127,1,1
BRDA:714,127,2,1
BRDA:717,128,0,2
BRDA:717,128,1,2
BRDA:717,128,2,2
BRDA:720,129,0,2
BRDA:720,129,1,2
BRDA:720,129,2,2
BRDA:723,130,0,2
BRDA:723,130,1,2
BRDA:723,130,2,0
BRDA:726,131,0,0
BRDA:726,131,1,0
BRDA:726,131,2,0
BRDA:729,132,0,0
BRDA:729,132,1,0
BRDA:729,132,2,0
BRDA:732,133,0,0
BRDA:732,133,1,0
BRDA:732,133,2,0
BRDA:735,134,0,2
BRDA:735,134,1,2
BRDA:735,134,2,0
BRDA:738,135,0,13
BRDA:738,135,1,13
BRDA:738,135,2,0
BRDA:741,136,0,11
BRDA:741,136,1,11
BRDA:741,136,2,0
BRDA:744,137,0,3
BRDA:744,137,1,3
BRDA:744,137,2,0
BRDA:747,138,0,1
BRDA:747,138,1,1
BRDA:747,138,2,0
BRDA:750,139,0,11
BRDA:750,139,1,11
BRDA:750,139,2,11
BRDA:753,140,0,0
BRDA:753,140,1,0
BRDA:753,140,2,0
BRDA:756,141,0,0
BRDA:756,141,1,0
BRDA:756,141,2,0
BRDA:759,142,0,0
BRDA:759,142,1,0
BRDA:759,142,2,0
BRDA:762,143,0,0
BRDA:762,143,1,0
BRDA:762,143,2,0
BRDA:765,144,0,1
BRDA:765,144,1,1
BRDA:765,144,2,1
BRDA:768,145,0,0
BRDA:768,145,1,0
BRDA:768,145,2,0
BRDA:771,146,0,120
BRDA:771,146,1,120
BRDA:771,146,2,120
BRDA:775,147,0,0
BRDA:775,147,1,0
BRDA:775,147,2,0
BRDA:778,148,0,3
BRDA:778,148,1,3
BRDA:778,148,2,3
BRDA:781,149,0,47
BRDA:781,149,1,47
BRDA:781,149,2,0
BRDA:784,150,0,30
BRDA:784,150,1,30
BRDA:784,150,2,0
BRDA:787,151,0,0
BRDA:787,151,1,0
BRDA:787,151,2,0
BRDA:790,152,0,0
BRDA:790,152,1,0
BRDA:790,152,2,0
BRDA:793,153,0,0
BRDA:793,153,1,0
BRDA:793,153,2,0
BRDA:796,154,0,0
BRDA:796,154,1,0
BRDA:796,154,2,0
BRDA:799,155,0,0
BRDA:799,155,1,0
BRDA:799,155,2,0
BRDA:802,156,0,0
BRDA:802,156,1,0
BRDA:802,156,2,0
BRDA:805,157,0,0
BRDA:805,157,1,0
BRDA:805,157,2,0
BRF:425
BRH:202
end_of_record
TN:
SF:lib/deloat/index.ts
FN:12,enrich
FN:15,(anonymous_1)
FN:24,(anonymous_2)
FN:27,(anonymous_3)
FN:37,abstract
FN:42,match
FNF:6
FNH:6
FNDA:3253,enrich
FNDA:1235380,(anonymous_1)
FNDA:56,(anonymous_2)
FNDA:56,(anonymous_3)
FNDA:3253,abstract
FNDA:2,match
DA:1,1
DA:2,1
DA:9,1
DA:12,1
DA:13,3253
DA:15,3251
DA:16,1235380
DA:17,16282
DA:18,16282
DA:19,13031
DA:20,13031
DA:21,13031
DA:22,27
DA:24,56
DA:26,27
DA:27,56
DA:30,27
DA:31,27
DA:37,1
DA:38,3253
DA:39,3251
DA:42,1
DA:43,2
DA:44,0
DA:45,0
DA:46,0
DA:47,0
LF:27
LH:23
BRDA:16,0,0,16282
BRDA:18,1,0,3251
BRDA:20,2,0,0
BRDA:20,2,1,13031
BRDA:20,3,0,13031
BRDA:20,3,1,13031
BRDA:21,4,0,27
BRF:7
BRH:6
end_of_record
TN:
SF:lib/deloat/rule-matcher.ts
FN:4,matchRule
FN:22,(anonymous_1)
FN:37,(anonymous_2)
FN:45,(anonymous_3)
FN:78,isRuleMatchNode
FN:90,(anonymous_5)
FN:91,(anonymous_6)
FN:99,getAllParentBeforeOrAfterOfNode
FN:113,(anonymous_9)
FN:114,(anonymous_10)
FNF:10
FNH:0
FNDA:0,matchRule
FNDA:0,(anonymous_1)
FNDA:0,(anonymous_2)
FNDA:0,(anonymous_3)
FNDA:0,isRuleMatchNode
FNDA:0,(anonymous_5)
FNDA:0,(anonymous_6)
FNDA:0,getAllParentBeforeOrAfterOfNode
FNDA:0,(anonymous_9)
FNDA:0,(anonymous_10)
DA:4,1
DA:11,0
DA:18,0
DA:20,0
DA:22,0
DA:23,0
DA:24,0
DA:25,0
DA:27,0
DA:28,0
DA:35,0
DA:36,0
DA:39,0
DA:42,0
DA:45,0
DA:46,0
DA:47,0
DA:52,0
DA:53,0
DA:61,0
DA:64,0
DA:75,0
DA:83,0
DA:84,0
DA:86,0
DA:87,0
DA:89,0
DA:90,0
DA:91,0
DA:92,0
DA:96,0
DA:104,0
DA:105,0
DA:107,0
DA:108,0
DA:109,0
DA:110,0
DA:111,0
DA:112,0
DA:113,0
DA:114,0
DA:116,0
DA:117,0
DA:118,0
DA:120,0
LF:45
LH:1
BRDA:24,0,0,0
BRDA:27,1,0,0
BRDA:35,2,0,0
BRDA:35,2,1,0
BRDA:36,3,0,0
BRDA:36,3,1,0
BRDA:39,4,0,0
BRDA:46,5,0,0
BRDA:83,6,0,0
BRDA:86,7,0,0
BRDA:89,8,0,0
BRDA:105,9,0,0
BRDA:105,9,1,0
BRDA:110,10,0,0
BRDA:113,11,0,0
BRDA:113,11,1,0
BRDA:116,12,0,0
BRF:17
BRH:0
end_of_record
TN:
SF:lib/deloat/rules.ts
FN:64,(anonymous_0)
FN:91,(anonymous_1)
FN:126,(anonymous_2)
FN:164,(anonymous_3)
FN:214,(anonymous_4)
FN:259,(anonymous_5)
FN:289,(anonymous_6)
FN:368,(anonymous_7)
FN:401,(anonymous_8)
FN:467,(anonymous_9)
FN:570,(anonymous_10)
FN:667,(anonymous_11)
FN:720,(anonymous_12)
FN:807,(anonymous_13)
FN:845,(anonymous_14)
FN:851,(anonymous_15)
FN:852,(anonymous_16)
FN:873,(anonymous_17)
FN:920,(anonymous_18)
FN:981,(anonymous_19)
FN:1011,(anonymous_20)
FNF:21
FNH:0
FNDA:0,(anonymous_0)
FNDA:0,(anonymous_1)
FNDA:0,(anonymous_2)
FNDA:0,(anonymous_3)
FNDA:0,(anonymous_4)
FNDA:0,(anonymous_5)
FNDA:0,(anonymous_6)
FNDA:0,(anonymous_7)
FNDA:0,(anonymous_8)
FNDA:0,(anonymous_9)
FNDA:0,(anonymous_10)
FNDA:0,(anonymous_11)
FNDA:0,(anonymous_12)
FNDA:0,(anonymous_13)
FNDA:0,(anonymous_14)
FNDA:0,(anonymous_15)
FNDA:0,(anonymous_16)
FNDA:0,(anonymous_17)
FNDA:0,(anonymous_18)
FNDA:0,(anonymous_19)
FNDA:0,(anonymous_20)
DA:1,1
DA:2,1
DA:48,1
DA:65,0
DA:68,0
DA:76,1
DA:99,0
DA:100,0
DA:108,1
DA:133,0
DA:136,0
DA:140,1
DA:171,0
DA:174,0
DA:175,0
DA:183,1
DA:221,0
DA:224,0
DA:228,1
DA:266,0
DA:269,0
DA:273,1
DA:296,0
DA:299,0
DA:307,1
DA:376,0
DA:377,0
DA:385,1
DA:408,0
DA:411,0
DA:425,1
DA:475,0
DA:476,0
DA:484,1
DA:528,1
DA:577,0
DA:578,0
DA:598,1
DA:652,1
DA:668,0
DA:671,0
DA:679,1
DA:723,0
DA:726,0
DA:734,1
DA:791,1
DA:808,0
DA:811,0
DA:819,1
DA:846,0
DA:849,0
DA:851,0
DA:852,0
DA:856,1
DA:874,0
DA:877,0
DA:885,1
DA:903,1
DA:921,0
DA:924,0
DA:934,1
DA:984,0
DA:987,0
DA:995,1
DA:1012,0
DA:1015,0
DA:1023,1
LF:67
LH:26
BRDA:65,0,0,0
BRDA:65,0,1,0
BRDA:133,1,0,0
BRDA:133,1,1,0
BRDA:171,2,0,0
BRDA:171,2,1,0
BRDA:221,3,0,0
BRDA:221,3,1,0
BRDA:266,4,0,0
BRDA:266,4,1,0
BRDA:296,5,0,0
BRDA:296,5,1,0
BRDA:408,6,0,0
BRDA:408,6,1,0
BRDA:668,7,0,0
BRDA:668,7,1,0
BRDA:723,8,0,0
BRDA:723,8,1,0
BRDA:808,9,0,0
BRDA:808,9,1,0
BRDA:846,10,0,0
BRDA:846,10,1,0
BRDA:874,11,0,0
BRDA:874,11,1,0
BRDA:921,12,0,0
BRDA:921,12,1,0
BRDA:984,13,0,0
BRDA:984,13,1,0
BRDA:1012,14,0,0
BRDA:1012,14,1,0
BRF:30
BRH:0
end_of_record
TN:
SF:lib/deloat/enrich/index.ts
FN:59,processArg
FN:70,getArgsFromList
FN:74,addToArgv
FN:86,(anonymous_12)
FN:97,(anonymous_13)
FN:100,(anonymous_14)
FN:102,(anonymous_15)
FN:104,(anonymous_16)
FN:107,(anonymous_17)
FN:116,getValuedOptions
FN:121,(anonymous_19)
FN:133,matchFlag
FN:166,buildScenarioParser
FN:169,(anonymous_22)
FN:181,(anonymous_23)
FN:186,(anonymous_24)
FN:203,(anonymous_25)
FN:220,(anonymous_26)
FN:233,(anonymous_27)
FN:239,(anonymous_28)
FN:245,(anonymous_29)
FN:251,(anonymous_30)
FN:257,(anonymous_31)
FN:263,(anonymous_32)
FN:275,(anonymous_33)
FN:300,(anonymous_34)
FN:306,(anonymous_35)
FN:434,(anonymous_36)
FN:436,(anonymous_37)
FN:477,buildParser
FN:489,(anonymous_39)
FN:507,nodify
FN:518,reify
FN:527,(anonymous_42)
FN:541,(anonymous_43)
FN:543,(anonymous_44)
FN:550,(anonymous_45)
FN:553,(anonymous_46)
FN:562,(anonymous_47)
FN:563,(anonymous_48)
FN:571,(anonymous_49)
FN:572,(anonymous_50)
FN:578,(anonymous_51)
FN:579,(anonymous_52)
FN:585,(anonymous_53)
FN:594,(anonymous_54)
FN:594,(anonymous_55)
FN:601,(anonymous_56)
FN:605,(anonymous_57)
FN:610,(anonymous_58)
FN:614,(anonymous_59)
FN:630,(anonymous_60)
FN:647,(anonymous_61)
FN:652,createEnrichers
FN:657,(anonymous_63)
FN:658,(anonymous_64)
FN:664,(anonymous_65)
FN:671,(anonymous_66)
FN:671,(anonymous_67)
FNF:59
FNH:54
FNDA:862,processArg
FNDA:52,getArgsFromList
FNDA:828,addToArgv
FNDA:42,(anonymous_12)
FNDA:6,(anonymous_13)
FNDA:6,(anonymous_14)
FNDA:6,(anonymous_15)
FNDA:6,(anonymous_16)
FNDA:6,(anonymous_17)
FNDA:42,getValuedOptions
FNDA:151,(anonymous_19)
FNDA:0,matchFlag
FNDA:72,buildScenarioParser
FNDA:42,(anonymous_22)
FNDA:42,(anonymous_23)
FNDA:0,(anonymous_24)
FNDA:0,(anonymous_25)
FNDA:0,(anonymous_26)
FNDA:664,(anonymous_27)
FNDA:70,(anonymous_28)
FNDA:58,(anonymous_29)
FNDA:23,(anonymous_30)
FNDA:13,(anonymous_31)
FNDA:266,(anonymous_32)
FNDA:0,(anonymous_33)
FNDA:76,(anonymous_34)
FNDA:3,(anonymous_35)
FNDA:57,(anonymous_36)
FNDA:4,(anonymous_37)
FNDA:191842,buildParser
FNDA:27,(anonymous_39)
FNDA:51,nodify
FNDA:30,reify
FNDA:3,(anonymous_42)
FNDA:18,(anonymous_43)
FNDA:18,(anonymous_44)
FNDA:4,(anonymous_45)
FNDA:5,(anonymous_46)
FNDA:191842,(anonymous_47)
FNDA:27,(anonymous_48)
FNDA:55,(anonymous_49)
FNDA:55,(anonymous_50)
FNDA:172,(anonymous_51)
FNDA:2364,(anonymous_52)
FNDA:1750,(anonymous_53)
FNDA:172,(anonymous_54)
FNDA:24,(anonymous_55)
FNDA:57,(anonymous_56)
FNDA:6,(anonymous_57)
FNDA:154,(anonymous_58)
FNDA:66,(anonymous_59)
FNDA:264,(anonymous_60)
FNDA:66,(anonymous_61)
FNDA:3253,createEnrichers
FNDA:172356,(anonymous_63)
FNDA:169086,(anonymous_64)
FNDA:191842,(anonymous_65)
FNDA:169052,(anonymous_66)
FNDA:191809,(anonymous_67)
DA:1,1
DA:2,1
DA:3,1
DA:4,1
DA:5,1
DA:13,1
DA:60,862
DA:61,479
DA:64,383
DA:65,383
DA:66,383
DA:67,383
DA:70,90
DA:71,52
DA:81,828
DA:82,828
DA:83,354
DA:86,1
DA:87,42
DA:88,3
DA:96,3
DA:97,6
DA:99,3
DA:100,6
DA:102,6
DA:103,3
DA:104,6
DA:106,3
DA:107,6
DA:110,3
DA:113,39
DA:117,42
DA:119,42
DA:122,151
DA:134,0
DA:135,0
DA:139,0
DA:140,0
DA:141,0
DA:142,0
DA:147,0
DA:169,72
DA:171,42
DA:174,42
DA:175,3654
DA:177,42
DA:181,42
DA:182,42
DA:185,42
DA:186,0
DA:187,0
DA:191,42
DA:193,42
DA:198,20
DA:201,42
DA:202,0
DA:203,0
DA:206,42
DA:211,42
DA:221,0
DA:222,0
DA:229,42
DA:231,42
DA:232,37
DA:233,664
DA:237,42
DA:238,18
DA:239,70
DA:243,42
DA:244,25
DA:245,58
DA:249,42
DA:250,19
DA:251,23
DA:255,42
DA:256,13
DA:257,13
DA:262,42
DA:263,266
DA:267,42
DA:268,0
DA:273,42
DA:274,0
DA:276,0
DA:277,0
DA:279,0
DA:283,0
DA:284,0
DA:286,0
DA:287,0
DA:290,0
DA:294,0
DA:300,42
DA:301,76
DA:305,42
DA:306,1
DA:307,3
DA:311,42
DA:313,42
DA:319,42
DA:320,0
DA:321,0
DA:323,0
DA:324,0
DA:325,0
DA:326,0
DA:329,0
DA:330,0
DA:333,0
DA:336,0
DA:337,42
DA:338,0
DA:340,0
DA:341,0
DA:342,0
DA:344,0
DA:345,0
DA:346,0
DA:347,0
DA:350,0
DA:351,0
DA:352,0
DA:353,0
DA:356,0
DA:357,0
DA:358,0
DA:359,0
DA:362,0
DA:363,0
DA:366,0
DA:370,42
DA:371,0
DA:372,42
DA:373,0
DA:374,0
DA:379,42
DA:380,16
DA:383,26
DA:385,26
DA:386,0
DA:390,0
DA:391,0
DA:396,26
DA:403,26
DA:404,0
DA:405,0
DA:410,0
DA:416,26
DA:421,0
DA:422,0
DA:424,0
DA:425,0
DA:431,26
DA:434,57
DA:436,4
DA:438,26
DA:439,0
DA:443,26
DA:444,0
DA:445,0
DA:447,0
DA:449,26
DA:450,0
DA:451,0
DA:453,0
DA:457,26
DA:458,0
DA:462,26
DA:473,26
DA:489,191842
DA:490,27
DA:492,27
DA:493,42
DA:494,42
DA:495,26
DA:496,26
DA:498,16
DA:499,16
DA:503,1
DA:519,30
DA:522,51
DA:523,3
DA:527,3
DA:528,3
DA:530,3
DA:531,48
DA:532,18
DA:533,30
DA:534,17
DA:535,2
DA:537,15
DA:538,0
DA:540,15
DA:541,15
DA:542,18
DA:543,18
DA:544,18
DA:547,15
DA:548,13
DA:549,4
DA:550,4
DA:551,9
DA:552,5
DA:553,5
DA:554,5
DA:558,13
DA:562,1
DA:563,191842
DA:564,27
DA:566,27
DA:567,1
DA:570,26
DA:571,55
DA:572,55
DA:574,26
DA:576,26
DA:578,26
DA:579,172
DA:580,2364
DA:581,172
DA:583,2192
DA:585,1750
DA:587,4
DA:588,4
DA:593,26
DA:594,172
DA:597,26
DA:599,26
DA:601,57
DA:604,26
DA:605,6
DA:608,26
DA:612,154
DA:617,66
DA:618,18
DA:619,18
DA:628,48
DA:630,264
DA:633,15
DA:635,33
DA:636,33
DA:647,66
DA:649,26
DA:652,1
DA:655,3253
DA:657,172356
DA:660,169086
DA:664,191842
DA:671,191809
DA:674,3251
LF:250
LH:175
BRDA:60,0,0,479
BRDA:70,1,0,38
BRDA:82,2,0,474
BRDA:87,3,0,3
BRDA:97,4,0,6
BRDA:97,4,1,0
BRDA:100,5,0,6
BRDA:100,5,1,6
BRDA:102,6,0,6
BRDA:102,6,1,3
BRDA:104,7,0,6
BRDA:104,7,1,3
BRDA:107,8,0,6
BRDA:107,8,1,3
BRDA:122,9,0,99
BRDA:122,9,1,52
BRDA:134,10,0,0
BRDA:140,11,0,0
BRDA:140,12,0,0
BRDA:140,12,1,0
BRDA:141,13,0,0
BRDA:175,14,0,126
BRDA:185,15,0,0
BRDA:186,16,0,0
BRDA:193,17,0,20
BRDA:194,18,0,42
BRDA:194,18,1,41
BRDA:194,18,2,37
BRDA:198,19,0,20
BRDA:198,19,1,20
BRDA:201,20,0,0
BRDA:201,21,0,42
BRDA:201,21,1,0
BRDA:203,22,0,0
BRDA:203,22,1,0
BRDA:231,23,0,37
BRDA:231,24,0,42
BRDA:231,24,1,37
BRDA:237,25,0,18
BRDA:237,26,0,42
BRDA:237,26,1,21
BRDA:243,27,0,25
BRDA:243,28,0,42
BRDA:243,28,1,25
BRDA:249,29,0,19
BRDA:249,30,0,42
BRDA:249,30,1,19
BRDA:255,31,0,13
BRDA:255,32,0,42
BRDA:255,32,1,13
BRDA:267,33,0,0
BRDA:267,34,0,42
BRDA:267,34,1,2
BRDA:273,35,0,0
BRDA:279,36,0,0
BRDA:279,36,1,0
BRDA:279,36,2,0
BRDA:283,37,0,0
BRDA:286,38,0,0
BRDA:301,39,0,31
BRDA:301,39,1,45
BRDA:305,40,0,1
BRDA:307,41,0,3
BRDA:307,41,1,0
BRDA:313,42,0,42
BRDA:313,42,1,42
BRDA:313,42,2,42
BRDA:319,43,0,0
BRDA:319,43,1,42
BRDA:324,44,0,0
BRDA:329,45,0,0
BRDA:337,46,0,0
BRDA:345,47,0,0
BRDA:350,48,0,0
BRDA:356,49,0,0
BRDA:370,50,0,0
BRDA:370,50,1,42
BRDA:370,51,0,42
BRDA:370,51,1,0
BRDA:372,52,0,0
BRDA:372,53,0,42
BRDA:372,53,1,0
BRDA:379,54,0,16
BRDA:385,55,0,0
BRDA:385,56,0,26
BRDA:385,56,1,0
BRDA:386,57,0,0
BRDA:387,58,0,0
BRDA:387,58,1,0
BRDA:403,59,0,0
BRDA:404,60,0,0
BRDA:405,61,0,0
BRDA:416,62,0,0
BRDA:417,63,0,26
BRDA:417,63,1,0
BRDA:417,63,2,0
BRDA:421,64,0,0
BRDA:421,64,1,0
BRDA:424,65,0,0
BRDA:434,66,0,57
BRDA:434,66,1,31
BRDA:434,66,2,8
BRDA:436,67,0,4
BRDA:436,67,1,3
BRDA:438,68,0,0
BRDA:443,69,0,0
BRDA:443,69,1,26
BRDA:443,70,0,26
BRDA:443,70,1,0
BRDA:443,70,2,0
BRDA:444,71,0,0
BRDA:444,71,1,0
BRDA:449,72,0,0
BRDA:449,73,0,26
BRDA:449,73,1,0
BRDA:449,73,2,0
BRDA:450,74,0,0
BRDA:450,74,1,0
BRDA:457,75,0,0
BRDA:498,76,0,0
BRDA:519,77,0,28
BRDA:519,77,1,2
BRDA:519,78,0,2
BRDA:519,78,1,0
BRDA:522,79,0,3
BRDA:522,79,1,48
BRDA:522,80,0,51
BRDA:522,80,1,51
BRDA:531,81,0,18
BRDA:531,81,1,30
BRDA:533,82,0,17
BRDA:533,82,1,13
BRDA:534,83,0,2
BRDA:537,84,0,0
BRDA:548,85,0,4
BRDA:548,85,1,9
BRDA:551,86,0,5
BRDA:551,87,0,9
BRDA:551,87,1,5
BRDA:566,88,0,1
BRDA:580,89,0,172
BRDA:583,90,0,4
BRDA:584,91,0,2192
BRDA:584,91,1,1746
BRDA:601,92,0,57
BRDA:601,92,1,34
BRDA:617,93,0,18
BRDA:617,93,1,48
BRDA:628,94,0,15
BRDA:628,94,1,33
BRDA:630,95,0,264
BRDA:630,95,1,15
BRF:152
BRH:92
end_of_record
